4;400;RESERVA/ANULACION;133391936;09:32:25.739185;09:33:47.417696;81678511
4;400;RESERVA/ANULACION;124999232;09:32:25.739510;09:33:47.829890;82090380
4;400;RESERVA/ANULACION;116606528;09:32:25.739794;09:33:48.237306;82497512
4;400;RESERVA/ANULACION;108213824;09:32:25.740282;09:33:48.640976;82900694
4;400;RESERVA/ANULACION;99821120;09:32:25.740733;09:33:49.047286;83306553
4;400;RESERVA/ANULACION;91428416;09:32:25.741367;09:33:49.452886;83711519
4;400;RESERVA/ANULACION;83035712;09:32:25.741801;09:33:49.862839;84121038
4;400;RESERVA/ANULACION;74643008;09:32:25.742169;09:33:50.288590;84546421
4;400;RESERVA/ANULACION;66250304;09:32:25.742534;09:33:50.689425;84946891
4;400;RESERVA/ANULACION;57857600;09:32:25.743496;09:33:51.108604;85365108
4;400;RESERVA/ANULACION;49464896;09:32:25.743880;09:33:51.511534;85767654
4;400;RESERVA/ANULACION;41072192;09:32:25.744215;09:33:51.912534;86168319
4;400;RESERVA/ANULACION;32679488;09:32:25.744638;09:33:52.313800;86569162
4;400;RESERVA/ANULACION;24286784;09:32:25.744943;09:33:52.773399;87028456
4;400;RESERVA/ANULACION;15894080;09:32:25.745274;09:33:53.177283;87432009
4;400;RESERVA/ANULACION;7501376;09:32:25.745674;09:33:53.577979;87832305
4;400;RESERVA/ANULACION;-891328;09:32:25.746013;09:33:53.980577;88234564
4;400;RESERVA/ANULACION;-9284032;09:32:25.746346;09:33:54.381171;88634825
4;400;RESERVA/ANULACION;-17676736;09:32:25.746821;09:33:54.782735;89035914
4;400;RESERVA/ANULACION;-26069440;09:32:25.747173;09:33:55.188619;89441446
4;400;RESERVA/ANULACION;-34462144;09:32:25.747534;09:33:55.596364;89848830
4;400;RESERVA/ANULACION;-42854848;09:32:25.747936;09:33:56.005308;90257372
4;400;RESERVA/ANULACION;-51247552;09:32:25.748342;09:33:56.406538;90658196
4;400;RESERVA/ANULACION;-59640256;09:32:25.748713;09:33:56.807217;91058504
4;400;RESERVA/ANULACION;-68032960;09:32:25.749027;09:33:57.208475;91459448
4;400;RESERVA/ANULACION;-76425664;09:32:25.749378;09:33:57.631251;91881873
4;400;RESERVA/ANULACION;-84818368;09:32:25.749698;09:33:58.032906;92283208
4;400;RESERVA/ANULACION;-93211072;09:32:25.750058;09:33:58.445854;92695796
4;400;RESERVA/ANULACION;-101603776;09:32:25.750445;09:33:58.851204;93100759
4;400;RESERVA/ANULACION;-109996480;09:32:25.750720;09:33:59.253438;93502718
4;400;RESERVA/ANULACION;-118389184;09:32:25.751041;09:33:59.656149;93905108
4;400;RESERVA/ANULACION;-126781888;09:32:25.751315;09:34:00.064109;94312794
4;400;RESERVA/ANULACION;-135174592;09:32:25.751621;09:34:00.467905;94716284
4;400;RESERVA/ANULACION;-143567296;09:32:25.751916;09:34:00.868561;95116645
4;400;RESERVA/ANULACION;-151960000;09:32:25.752216;09:34:01.270482;95518266
4;400;RESERVA/ANULACION;-160352704;09:32:25.752562;09:34:01.672747;95920185
4;400;RESERVA/ANULACION;-168745408;09:32:25.753111;09:34:02.085143;96332032
4;400;RESERVA/ANULACION;-177138112;09:32:25.753783;09:34:02.486097;96732314
4;400;RESERVA/ANULACION;-185530816;09:32:25.754062;09:34:02.900191;97146129
4;400;RESERVA/ANULACION;-193923520;09:32:25.754381;09:34:03.306141;97551760
4;400;RESERVA/ANULACION;-202316224;09:32:25.755343;09:34:03.708632;97953289
4;400;RESERVA/ANULACION;-210708928;09:32:25.755564;09:34:04.116443;98360879
4;400;RESERVA/ANULACION;-219101632;09:32:25.755802;09:34:04.517948;98762146
4;400;RESERVA/ANULACION;-227494336;09:32:25.756053;09:34:04.933710;99177657
4;400;RESERVA/ANULACION;-235887040;09:32:25.756366;09:34:05.337665;99581299
4;400;RESERVA/ANULACION;-244279744;09:32:25.756567;09:34:05.738251;99981684
4;400;RESERVA/ANULACION;-252672448;09:32:25.756824;09:34:06.138679;100381855
4;400;RESERVA/ANULACION;-261065152;09:32:25.757067;09:34:06.539184;100782117
4;400;RESERVA/ANULACION;-269457856;09:32:25.757302;09:34:06.940862;101183560
4;400;RESERVA/ANULACION;-277850560;09:32:25.757596;09:34:07.342442;101584846
4;400;RESERVA/ANULACION;-286243264;09:32:25.757850;09:34:07.752517;101994667
4;400;RESERVA/ANULACION;-294635968;09:32:25.758104;09:34:08.154450;102396346
4;400;RESERVA/ANULACION;-303028672;09:32:25.758410;09:34:08.555052;102796642
4;400;RESERVA/ANULACION;-311421376;09:32:25.758723;09:34:08.956043;103197320
4;400;RESERVA/ANULACION;-319814080;09:32:25.758983;09:34:09.358518;103599535
4;400;RESERVA/ANULACION;-328206784;09:32:25.759220;09:34:09.759359;104000139
4;400;RESERVA/ANULACION;-336599488;09:32:25.759460;09:34:10.159812;104400352
4;400;RESERVA/ANULACION;-344992192;09:32:25.759698;09:34:10.560391;104800693
4;400;RESERVA/ANULACION;-353384896;09:32:25.759929;09:34:10.961130;105201201
4;400;RESERVA/ANULACION;-361777600;09:32:25.760156;09:34:11.373511;105613355
4;400;RESERVA/ANULACION;-370170304;09:32:25.760427;09:34:11.774798;106014371
4;400;RESERVA/ANULACION;-378563008;09:32:25.760653;09:34:12.175562;106414909
4;400;RESERVA/ANULACION;-386955712;09:32:25.760875;09:34:12.576554;106815679
4;400;RESERVA/ANULACION;-395348416;09:32:25.761127;09:34:12.981290;107220163
4;400;RESERVA/ANULACION;-403741120;09:32:25.761366;09:34:13.382508;107621142
4;400;RESERVA/ANULACION;-412133824;09:32:25.761610;09:34:13.787851;108026241
4;400;RESERVA/ANULACION;-420526528;09:32:25.761835;09:34:14.192472;108430637
4;400;RESERVA/ANULACION;-428919232;09:32:25.762061;09:34:14.593647;108831586
4;400;RESERVA/ANULACION;-437311936;09:32:25.762298;09:34:14.994390;109232092
4;400;RESERVA/ANULACION;-445704640;09:32:25.762529;09:34:15.400861;109638332
4;400;RESERVA/ANULACION;-454097344;09:32:25.762750;09:34:15.801529;110038779
4;400;RESERVA/ANULACION;-462490048;09:32:25.762976;09:34:16.205471;110442495
4;400;RESERVA/ANULACION;-470882752;09:32:25.763174;09:34:16.618924;110855750
4;400;RESERVA/ANULACION;-479275456;09:32:25.763410;09:34:17.019554;111256144
4;400;RESERVA/ANULACION;-487668160;09:32:25.763586;09:34:17.425569;111661983
4;400;RESERVA/ANULACION;-496060864;09:32:25.763801;09:34:17.827837;112064036
4;400;RESERVA/ANULACION;-504453568;09:32:25.764013;09:34:18.228954;112464941
4;400;RESERVA/ANULACION;-512846272;09:32:25.764197;09:34:18.630121;112865924
4;400;RESERVA/ANULACION;-521238976;09:32:25.764448;09:34:19.045384;113280936
4;400;RESERVA/ANULACION;-529631680;09:32:25.764670;09:34:19.456666;113691996
4;400;RESERVA/ANULACION;-538024384;09:32:25.764883;09:34:19.859129;114094246
4;400;RESERVA/ANULACION;-546417088;09:32:25.765134;09:34:20.259634;114494500
4;400;RESERVA/ANULACION;-554809792;09:32:25.765349;09:34:20.662548;114897199
4;400;RESERVA/ANULACION;-563202496;09:32:25.765569;09:34:21.063426;115297857
4;400;RESERVA/ANULACION;-571595200;09:32:25.765812;09:34:21.465437;115699625
4;400;RESERVA/ANULACION;-579987904;09:32:25.766022;09:34:21.865620;116099598
4;400;RESERVA/ANULACION;-588380608;09:32:25.766240;09:34:22.266253;116500013
4;400;RESERVA/ANULACION;-596773312;09:32:25.766509;09:34:22.670352;116903843
4;400;RESERVA/ANULACION;-605166016;09:32:25.766736;09:34:23.071272;117304536
4;400;RESERVA/ANULACION;-613558720;09:32:25.766993;09:34:23.477710;117710717
4;400;RESERVA/ANULACION;-621951424;09:32:25.767244;09:34:23.888653;118121409
4;400;RESERVA/ANULACION;-630344128;09:32:25.767492;09:34:24.306617;118539125
4;400;RESERVA/ANULACION;-638736832;09:32:25.767725;09:34:24.708135;118940410
4;400;RESERVA/ANULACION;-647129536;09:32:25.767997;09:34:25.109420;119341423
4;400;RESERVA/ANULACION;-655522240;09:32:25.768194;09:34:25.510548;119742354
4;400;RESERVA/ANULACION;-663914944;09:32:25.768464;09:34:25.924605;120156141
4;400;RESERVA/ANULACION;-672307648;09:32:25.768687;09:34:26.333651;120564964
4;400;RESERVA/ANULACION;-680700352;09:32:25.768942;09:34:26.734690;120965748
4;400;RESERVA/ANULACION;-689093056;09:32:25.769167;09:34:27.135443;121366276
4;400;RESERVA/ANULACION;-697485760;09:32:25.769408;09:34:27.544192;121774784
