4;400;ANULACION;1811932736;09:32:25.639675;09:32:26.044130;404455
4;400;ANULACION;1803540032;09:32:25.639903;09:32:26.444501;804598
4;400;ANULACION;1795147328;09:32:25.640433;09:32:26.845043;1204610
4;400;ANULACION;1786754624;09:32:25.640577;09:32:27.245339;1604762
4;400;ANULACION;1778361920;09:32:25.640696;09:32:27.645604;2004908
4;400;ANULACION;1769969216;09:32:25.640853;09:32:28.046523;2405670
4;400;ANULACION;1761576512;09:32:25.641009;09:32:28.447875;2806866
4;400;ANULACION;1753183808;09:32:25.641160;09:32:28.849320;3208160
4;400;ANULACION;1744791104;09:32:25.641325;09:32:29.250464;3609139
4;400;ANULACION;1736398400;09:32:25.641493;09:32:29.654079;4012586
4;400;ANULACION;1728005696;09:32:25.641693;09:32:30.055193;4413500
4;400;ANULACION;1719612992;09:32:25.641926;09:32:30.456310;4814384
4;400;ANULACION;1711220288;09:32:25.642151;09:32:30.857463;5215312
4;400;ANULACION;1702827584;09:32:25.642831;09:32:31.269226;5626395
4;400;ANULACION;1694434880;09:32:25.643074;09:32:31.670607;6027533
4;400;ANULACION;1686042176;09:32:25.643313;09:32:32.075769;6432456
4;400;ANULACION;1677649472;09:32:25.643530;09:32:32.481393;6837863
4;400;ANULACION;1669256768;09:32:25.644072;09:32:32.882867;7238795
4;400;ANULACION;1660864064;09:32:25.644322;09:32:33.284187;7639865
4;400;ANULACION;1652471360;09:32:25.649555;09:32:33.684935;8035380
4;400;ANULACION;1644078656;09:32:25.652148;09:32:34.095582;8443434
4;400;ANULACION;1635685952;09:32:25.652419;09:32:34.499180;8846761
4;400;ANULACION;1627293248;09:32:25.653305;09:32:34.900987;9247682
4;400;ANULACION;1618900544;09:32:25.653342;09:32:35.301340;9647998
4;400;ANULACION;1610507840;09:32:25.656367;09:32:35.701689;10045322
4;400;ANULACION;1602115136;09:32:25.656564;09:32:36.102198;10445634
4;400;ANULACION;1593722432;09:32:25.656667;09:32:36.503573;10846906
4;400;ANULACION;1585329728;09:32:25.660585;09:32:36.904108;11243523
4;400;ANULACION;1576937024;09:32:25.660647;09:32:37.305216;11644569
4;400;ANULACION;1568544320;09:32:25.660964;09:32:37.709959;12048995
4;400;ANULACION;1560151616;09:32:25.661269;09:32:38.110605;12449336
4;400;ANULACION;1551758912;09:32:25.661591;09:32:38.512551;12850960
4;400;ANULACION;1543366208;09:32:25.661859;09:32:38.917179;13255320
4;400;ANULACION;1534973504;09:32:25.662190;09:32:39.324394;13662204
4;400;ANULACION;1526580800;09:32:25.662458;09:32:39.724997;14062539
4;400;ANULACION;1518188096;09:32:25.662712;09:32:40.125488;14462776
4;400;ANULACION;1509795392;09:32:25.666569;09:32:40.530224;14863655
4;400;ANULACION;1501402688;09:32:25.666861;09:32:40.931386;15264525
4;400;ANULACION;1493009984;09:32:25.672397;09:32:41.336909;15664512
4;400;ANULACION;1484617280;09:32:25.672651;09:32:41.737688;16065037
4;400;ANULACION;1476224576;09:32:25.674617;09:32:42.145662;16471045
4;400;ANULACION;1467831872;09:32:25.678294;09:32:42.553491;16875197
4;400;ANULACION;1459439168;09:32:25.684524;09:32:42.956405;17271881
4;400;ANULACION;1451046464;09:32:25.684626;09:32:43.357558;17672932
4;400;ANULACION;1442653760;09:32:25.686840;09:32:43.759987;18073147
4;400;ANULACION;1434261056;09:32:25.687089;09:32:44.167607;18480518
4;400;ANULACION;1425868352;09:32:25.687324;09:32:44.581397;18894073
4;400;ANULACION;1417475648;09:32:25.687669;09:32:45.063635;19375966
4;400;ANULACION;1409082944;09:32:25.687842;09:32:45.465565;19777723
4;400;ANULACION;1400690240;09:32:25.688786;09:32:45.866632;20177846
4;400;ANULACION;1392297536;09:32:25.689785;09:32:46.298826;20609041
4;400;ANULACION;1383904832;09:32:25.690357;09:32:46.699634;21009277
4;400;ANULACION;1375512128;09:32:25.690500;09:32:47.133392;21442892
4;400;ANULACION;1367119424;09:32:25.690823;09:32:47.537350;21846527
4;400;ANULACION;1358726720;09:32:25.691042;09:32:47.939980;22248938
4;400;ANULACION;1350334016;09:32:25.691327;09:32:48.344458;22653131
4;400;ANULACION;1341941312;09:32:25.691623;09:32:48.751314;23059691
4;400;ANULACION;1333548608;09:32:25.691891;09:32:49.156394;23464503
4;400;ANULACION;1325155904;09:32:25.692164;09:32:49.557006;23864842
4;400;ANULACION;1316763200;09:32:25.692495;09:32:49.957766;24265271
4;400;ANULACION;1308370496;09:32:25.692728;09:32:50.360368;24667640
4;400;ANULACION;1299977792;09:32:25.692964;09:32:50.761237;25068273
4;400;ANULACION;1291585088;09:32:25.693183;09:32:51.161765;25468582
4;400;ANULACION;1283192384;09:32:25.693252;09:32:51.572815;25879563
4;400;ANULACION;1274799680;09:32:25.693455;09:32:51.989878;26296423
4;400;ANULACION;1266406976;09:32:25.693699;09:32:52.391332;26697633
4;400;ANULACION;1258014272;09:32:25.694698;09:32:52.793259;27098561
4;400;ANULACION;1249621568;09:32:25.695053;09:32:53.195168;27500115
4;400;ANULACION;1241228864;09:32:25.695264;09:32:53.596608;27901344
4;400;ANULACION;1232836160;09:32:25.695576;09:32:53.997597;28302021
4;400;ANULACION;1224443456;09:32:25.695822;09:32:54.402572;28706750
4;400;ANULACION;1216050752;09:32:25.696044;09:32:54.803272;29107228
4;400;ANULACION;1207658048;09:32:25.696433;09:32:55.240537;29544104
4;400;ANULACION;1199265344;09:32:25.696497;09:32:55.641919;29945422
4;400;ANULACION;1190872640;09:32:25.696652;09:32:56.044915;30348263
4;400;ANULACION;1182479936;09:32:25.697027;09:32:56.445272;30748245
4;400;ANULACION;1174087232;09:32:25.697312;09:32:56.866894;31169582
4;400;ANULACION;1165694528;09:32:25.697598;09:32:57.267913;31570315
4;400;ANULACION;1157301824;09:32:25.697875;09:32:57.671261;31973386
4;400;ANULACION;1148909120;09:32:25.698179;09:32:58.097677;32399498
4;400;ANULACION;1140516416;09:32:25.698410;09:32:58.498308;32799898
4;400;ANULACION;1132123712;09:32:25.698689;09:32:58.898752;33200063
4;400;ANULACION;1123731008;09:32:25.698934;09:32:59.299268;33600334
4;400;ANULACION;1115338304;09:32:25.699251;09:32:59.710260;34011009
4;400;ANULACION;1106945600;09:32:25.699509;09:33:00.111232;34411723
4;400;ANULACION;1098552896;09:32:25.699770;09:33:00.512528;34812758
4;400;ANULACION;1090160192;09:32:25.700088;09:33:00.913357;35213269
4;400;ANULACION;1081767488;09:32:25.700375;09:33:01.315110;35614735
4;400;ANULACION;1073374784;09:32:25.700652;09:33:01.716037;36015385
4;400;ANULACION;1064982080;09:32:25.700916;09:33:02.214082;36513166
4;400;ANULACION;1056589376;09:32:25.701231;09:33:02.615566;36914335
4;400;ANULACION;1048196672;09:32:25.701511;09:33:03.021117;37319606
4;400;ANULACION;1039803968;09:32:25.701766;09:33:03.426301;37724535
4;400;ANULACION;1031411264;09:32:25.702048;09:33:03.830694;38128646
4;400;ANULACION;1023018560;09:32:25.702290;09:33:04.231272;38528982
4;400;ANULACION;1014625856;09:32:25.702581;09:33:04.634233;38931652
4;400;ANULACION;1006233152;09:32:25.702799;09:33:05.039447;39336648
4;400;ANULACION;997840448;09:32:25.703018;09:33:05.441739;39738721
4;400;ANULACION;989447744;09:32:25.703249;09:33:05.844843;40141594
4;400;ANULACION;981055040;09:32:25.703494;09:33:06.255565;40552071
4;400;PAGO;972662336;09:32:25.703715;09:33:06.659374;40955659
4;400;PAGO;964269632;09:32:25.703981;09:33:07.061796;41357815
4;400;PAGO;955876928;09:32:25.704201;09:33:07.462315;41758114
4;400;PAGO;947484224;09:32:25.704822;09:33:07.869463;42164641
4;400;PAGO;939091520;09:32:25.705082;09:33:08.278914;42573832
4;400;PAGO;930698816;09:32:25.705317;09:33:08.682230;42976913
4;400;PAGO;922306112;09:32:25.705548;09:33:09.092609;43387061
4;400;PAGO;913913408;09:32:25.705774;09:33:09.493793;43788019
4;400;PAGO;905520704;09:32:25.706034;09:33:09.895274;44189240
4;400;PAGO;897128000;09:32:25.706248;09:33:10.296124;44589876
4;400;PAGO;888735296;09:32:25.706478;09:33:10.696644;44990166
4;400;PAGO;880342592;09:32:25.706701;09:33:11.102869;45396168
4;400;PAGO;871949888;09:32:25.706907;09:33:11.506610;45799703
4;400;PAGO;863557184;09:32:25.707165;09:33:11.909490;46202325
4;400;PAGO;855164480;09:32:25.707402;09:33:12.346080;46638678
4;400;PAGO;846771776;09:32:25.707636;09:33:12.755383;47047747
4;400;PAGO;838379072;09:32:25.707814;09:33:13.162457;47454643
4;400;PAGO;829986368;09:32:25.708069;09:33:13.567535;47859466
4;400;PAGO;821593664;09:32:25.708372;09:33:13.968818;48260446
4;400;PAGO;813200960;09:32:25.708616;09:33:14.371005;48662389
4;400;PAGO;804808256;09:32:25.708877;09:33:14.791602;49082725
4;400;PAGO;796415552;09:32:25.709108;09:33:15.197311;49488203
4;400;PAGO;788022848;09:32:25.709308;09:33:15.598381;49889073
4;400;PAGO;779630144;09:32:25.709600;09:33:16.020484;50310884
4;400;PAGO;771237440;09:32:25.709766;09:33:16.426470;50716704
4;400;PAGO;762844736;09:32:25.709941;09:33:16.827313;51117372
4;400;PAGO;754452032;09:32:25.710184;09:33:17.230715;51520531
4;400;PAGO;746059328;09:32:25.710424;09:33:17.638310;51927886
4;400;PAGO;737666624;09:32:25.710668;09:33:18.047659;52336991
4;400;PAGO;729273920;09:32:25.710934;09:33:18.452677;52741743
4;400;PAGO;720881216;09:32:25.711168;09:33:18.858143;53146975
4;400;PAGO;712488512;09:32:25.711401;09:33:19.290456;53579055
4;400;PAGO;704095808;09:32:25.711637;09:33:19.694338;53982701
4;400;PAGO;695703104;09:32:25.711869;09:33:20.098763;54386894
4;400;PAGO;687310400;09:32:25.712114;09:33:20.499226;54787112
4;400;PAGO;678917696;09:32:25.712374;09:33:20.902012;55189638
4;400;PAGO;670524992;09:32:25.712573;09:33:21.307326;55594753
4;400;PAGO;662132288;09:32:25.712766;09:33:21.714425;56001659
4;400;PAGO;653739584;09:32:25.712984;09:33:22.131489;56418505
4;400;PAGO;645346880;09:32:25.713203;09:33:22.532355;56819152
4;400;PAGO;636954176;09:32:25.713424;09:33:22.932814;57219390
4;400;PAGO;628561472;09:32:25.713644;09:33:23.333953;57620309
4;400;PAGO;620168768;09:32:25.713885;09:33:23.748437;58034552
4;400;PAGO;611776064;09:32:25.714106;09:33:24.149255;58435149
4;400;PAGO;603383360;09:32:25.714335;09:33:24.549703;58835368
4;400;PAGO;594990656;09:32:25.714575;09:33:24.955495;59240920
4;400;PAGO;586597952;09:32:25.714780;09:33:25.357703;59642923
4;400;PAGO;578205248;09:32:25.715017;09:33:25.759275;60044258
4;400;PAGO;569812544;09:32:25.715248;09:33:26.183621;60468373
4;400;PAGO;561419840;09:32:25.715465;09:33:26.587328;60871863
4;400;PAGO;553027136;09:32:25.715715;09:33:27.002529;61286814
4;400;PAGO;544634432;09:32:25.715825;09:33:27.404532;61688707
4;400;PAGO;536241728;09:32:25.717515;09:33:27.819514;62101999
4;400;PAGO;527849024;09:32:25.717840;09:33:28.300472;62582632
4;400;PAGO;519456320;09:32:25.718238;09:33:28.704349;62986111
4;400;PAGO;511063616;09:32:25.718521;09:33:29.107985;63389464
4;400;PAGO;502670912;09:32:25.719332;09:33:29.512699;63793367
4;400;PAGO;494278208;09:32:25.719625;09:33:29.913429;64193804
4;400;PAGO;485885504;09:32:25.719898;09:33:30.317952;64598054
4;400;PAGO;477492800;09:32:25.720181;09:33:30.719727;64999546
4;400;PAGO;469100096;09:32:25.720883;09:33:31.122888;65402005
4;400;PAGO;460707392;09:32:25.720988;09:33:31.533056;65812068
4;400;PAGO;452314688;09:32:25.721211;09:33:31.945780;66224569
4;400;PAGO;443921984;09:32:25.721590;09:33:32.346538;66624948
4;400;PAGO;435529280;09:32:25.721811;09:33:32.785516;67063705
4;400;PAGO;427136576;09:32:25.722091;09:33:33.190453;67468362
4;400;PAGO;418743872;09:32:25.722375;09:33:33.595560;67873185
4;400;PAGO;410351168;09:32:25.722717;09:33:34.009656;68286939
4;400;PAGO;401958464;09:32:25.722998;09:33:34.411507;68688509
4;400;PAGO;393565760;09:32:25.723274;09:33:34.825127;69101853
4;400;PAGO;385173056;09:32:25.723589;09:33:35.240885;69517296
4;400;PAGO;376780352;09:32:25.723882;09:33:35.643094;69919212
4;400;PAGO;368387648;09:32:25.724157;09:33:36.079661;70355504
4;400;PAGO;359994944;09:32:25.724604;09:33:36.483645;70759041
4;400;PAGO;351602240;09:32:25.724742;09:33:36.884734;71159992
4;400;PAGO;343209536;09:32:25.725089;09:33:37.288672;71563583
4;400;PAGO;334816832;09:32:25.725173;09:33:37.689798;71964625
4;400;PAGO;326424128;09:32:25.725351;09:33:38.091223;72365872
4;400;PAGO;318031424;09:32:25.725461;09:33:38.493277;72767816
4;400;PAGO;309638720;09:32:25.725786;09:33:38.896601;73170815
4;400;PAGO;301246016;09:32:25.726101;09:33:39.308553;73582452
4;400;PAGO;292853312;09:32:25.726477;09:33:39.709472;73982995
4;400;PAGO;284460608;09:32:25.726917;09:33:40.112003;74385086
4;400;PAGO;276067904;09:32:25.727223;09:33:40.514936;74787713
4;400;PAGO;267675200;09:32:25.727612;09:33:40.922970;75195358
4;400;PAGO;259282496;09:32:25.727975;09:33:41.324773;75596798
4;400;PAGO;250889792;09:32:25.728327;09:33:41.725287;75996960
4;400;PAGO;242497088;09:32:25.728693;09:33:42.174841;76446148
4;400;PAGO;234104384;09:32:25.732226;09:33:42.578132;76845906
4;400;PAGO;225711680;09:32:25.732570;09:33:42.987170;77254600
4;400;PAGO;217318976;09:32:25.732883;09:33:43.392502;77659619
4;400;PAGO;208926272;09:32:25.736521;09:33:43.794381;78057860
4;400;PAGO;200533568;09:32:25.736789;09:33:44.195951;78459162
4;400;PAGO;192140864;09:32:25.737040;09:33:44.597010;78859970
4;400;PAGO;183748160;09:32:25.737270;09:33:45.009646;79272376
4;400;PAGO;175355456;09:32:25.737622;09:33:45.411093;79673471
4;400;PAGO;166962752;09:32:25.737938;09:33:45.811851;80073913
4;400;PAGO;158570048;09:32:25.738285;09:33:46.213529;80475244
4;400;PAGO;150177344;09:32:25.738625;09:33:46.614326;80875701
4;400;PAGO;141784640;09:32:25.738903;09:33:47.015137;81276234
4;400;RESERVA/ANULACION;133391936;09:32:25.739185;09:33:47.417696;81678511
4;400;RESERVA/ANULACION;124999232;09:32:25.739510;09:33:47.829890;82090380
4;400;RESERVA/ANULACION;116606528;09:32:25.739794;09:33:48.237306;82497512
4;400;RESERVA/ANULACION;108213824;09:32:25.740282;09:33:48.640976;82900694
4;400;RESERVA/ANULACION;99821120;09:32:25.740733;09:33:49.047286;83306553
4;400;RESERVA/ANULACION;91428416;09:32:25.741367;09:33:49.452886;83711519
4;400;RESERVA/ANULACION;83035712;09:32:25.741801;09:33:49.862839;84121038
4;400;RESERVA/ANULACION;74643008;09:32:25.742169;09:33:50.288590;84546421
4;400;RESERVA/ANULACION;66250304;09:32:25.742534;09:33:50.689425;84946891
4;400;RESERVA/ANULACION;57857600;09:32:25.743496;09:33:51.108604;85365108
4;400;RESERVA/ANULACION;49464896;09:32:25.743880;09:33:51.511534;85767654
4;400;RESERVA/ANULACION;41072192;09:32:25.744215;09:33:51.912534;86168319
4;400;RESERVA/ANULACION;32679488;09:32:25.744638;09:33:52.313800;86569162
4;400;RESERVA/ANULACION;24286784;09:32:25.744943;09:33:52.773399;87028456
4;400;RESERVA/ANULACION;15894080;09:32:25.745274;09:33:53.177283;87432009
4;400;RESERVA/ANULACION;7501376;09:32:25.745674;09:33:53.577979;87832305
4;400;RESERVA/ANULACION;-891328;09:32:25.746013;09:33:53.980577;88234564
4;400;RESERVA/ANULACION;-9284032;09:32:25.746346;09:33:54.381171;88634825
4;400;RESERVA/ANULACION;-17676736;09:32:25.746821;09:33:54.782735;89035914
4;400;RESERVA/ANULACION;-26069440;09:32:25.747173;09:33:55.188619;89441446
4;400;RESERVA/ANULACION;-34462144;09:32:25.747534;09:33:55.596364;89848830
4;400;RESERVA/ANULACION;-42854848;09:32:25.747936;09:33:56.005308;90257372
4;400;RESERVA/ANULACION;-51247552;09:32:25.748342;09:33:56.406538;90658196
4;400;RESERVA/ANULACION;-59640256;09:32:25.748713;09:33:56.807217;91058504
4;400;RESERVA/ANULACION;-68032960;09:32:25.749027;09:33:57.208475;91459448
4;400;RESERVA/ANULACION;-76425664;09:32:25.749378;09:33:57.631251;91881873
4;400;RESERVA/ANULACION;-84818368;09:32:25.749698;09:33:58.032906;92283208
4;400;RESERVA/ANULACION;-93211072;09:32:25.750058;09:33:58.445854;92695796
4;400;RESERVA/ANULACION;-101603776;09:32:25.750445;09:33:58.851204;93100759
4;400;RESERVA/ANULACION;-109996480;09:32:25.750720;09:33:59.253438;93502718
4;400;RESERVA/ANULACION;-118389184;09:32:25.751041;09:33:59.656149;93905108
4;400;RESERVA/ANULACION;-126781888;09:32:25.751315;09:34:00.064109;94312794
4;400;RESERVA/ANULACION;-135174592;09:32:25.751621;09:34:00.467905;94716284
4;400;RESERVA/ANULACION;-143567296;09:32:25.751916;09:34:00.868561;95116645
4;400;RESERVA/ANULACION;-151960000;09:32:25.752216;09:34:01.270482;95518266
4;400;RESERVA/ANULACION;-160352704;09:32:25.752562;09:34:01.672747;95920185
4;400;RESERVA/ANULACION;-168745408;09:32:25.753111;09:34:02.085143;96332032
4;400;RESERVA/ANULACION;-177138112;09:32:25.753783;09:34:02.486097;96732314
4;400;RESERVA/ANULACION;-185530816;09:32:25.754062;09:34:02.900191;97146129
4;400;RESERVA/ANULACION;-193923520;09:32:25.754381;09:34:03.306141;97551760
4;400;RESERVA/ANULACION;-202316224;09:32:25.755343;09:34:03.708632;97953289
4;400;RESERVA/ANULACION;-210708928;09:32:25.755564;09:34:04.116443;98360879
4;400;RESERVA/ANULACION;-219101632;09:32:25.755802;09:34:04.517948;98762146
4;400;RESERVA/ANULACION;-227494336;09:32:25.756053;09:34:04.933710;99177657
4;400;RESERVA/ANULACION;-235887040;09:32:25.756366;09:34:05.337665;99581299
4;400;RESERVA/ANULACION;-244279744;09:32:25.756567;09:34:05.738251;99981684
4;400;RESERVA/ANULACION;-252672448;09:32:25.756824;09:34:06.138679;100381855
4;400;RESERVA/ANULACION;-261065152;09:32:25.757067;09:34:06.539184;100782117
4;400;RESERVA/ANULACION;-269457856;09:32:25.757302;09:34:06.940862;101183560
4;400;RESERVA/ANULACION;-277850560;09:32:25.757596;09:34:07.342442;101584846
4;400;RESERVA/ANULACION;-286243264;09:32:25.757850;09:34:07.752517;101994667
4;400;RESERVA/ANULACION;-294635968;09:32:25.758104;09:34:08.154450;102396346
4;400;RESERVA/ANULACION;-303028672;09:32:25.758410;09:34:08.555052;102796642
4;400;RESERVA/ANULACION;-311421376;09:32:25.758723;09:34:08.956043;103197320
4;400;RESERVA/ANULACION;-319814080;09:32:25.758983;09:34:09.358518;103599535
4;400;RESERVA/ANULACION;-328206784;09:32:25.759220;09:34:09.759359;104000139
4;400;RESERVA/ANULACION;-336599488;09:32:25.759460;09:34:10.159812;104400352
4;400;RESERVA/ANULACION;-344992192;09:32:25.759698;09:34:10.560391;104800693
4;400;RESERVA/ANULACION;-353384896;09:32:25.759929;09:34:10.961130;105201201
4;400;RESERVA/ANULACION;-361777600;09:32:25.760156;09:34:11.373511;105613355
4;400;RESERVA/ANULACION;-370170304;09:32:25.760427;09:34:11.774798;106014371
4;400;RESERVA/ANULACION;-378563008;09:32:25.760653;09:34:12.175562;106414909
4;400;RESERVA/ANULACION;-386955712;09:32:25.760875;09:34:12.576554;106815679
4;400;RESERVA/ANULACION;-395348416;09:32:25.761127;09:34:12.981290;107220163
4;400;RESERVA/ANULACION;-403741120;09:32:25.761366;09:34:13.382508;107621142
4;400;RESERVA/ANULACION;-412133824;09:32:25.761610;09:34:13.787851;108026241
4;400;RESERVA/ANULACION;-420526528;09:32:25.761835;09:34:14.192472;108430637
4;400;RESERVA/ANULACION;-428919232;09:32:25.762061;09:34:14.593647;108831586
4;400;RESERVA/ANULACION;-437311936;09:32:25.762298;09:34:14.994390;109232092
4;400;RESERVA/ANULACION;-445704640;09:32:25.762529;09:34:15.400861;109638332
4;400;RESERVA/ANULACION;-454097344;09:32:25.762750;09:34:15.801529;110038779
4;400;RESERVA/ANULACION;-462490048;09:32:25.762976;09:34:16.205471;110442495
4;400;RESERVA/ANULACION;-470882752;09:32:25.763174;09:34:16.618924;110855750
4;400;RESERVA/ANULACION;-479275456;09:32:25.763410;09:34:17.019554;111256144
4;400;RESERVA/ANULACION;-487668160;09:32:25.763586;09:34:17.425569;111661983
4;400;RESERVA/ANULACION;-496060864;09:32:25.763801;09:34:17.827837;112064036
4;400;RESERVA/ANULACION;-504453568;09:32:25.764013;09:34:18.228954;112464941
4;400;RESERVA/ANULACION;-512846272;09:32:25.764197;09:34:18.630121;112865924
4;400;RESERVA/ANULACION;-521238976;09:32:25.764448;09:34:19.045384;113280936
4;400;RESERVA/ANULACION;-529631680;09:32:25.764670;09:34:19.456666;113691996
4;400;RESERVA/ANULACION;-538024384;09:32:25.764883;09:34:19.859129;114094246
4;400;RESERVA/ANULACION;-546417088;09:32:25.765134;09:34:20.259634;114494500
4;400;RESERVA/ANULACION;-554809792;09:32:25.765349;09:34:20.662548;114897199
4;400;RESERVA/ANULACION;-563202496;09:32:25.765569;09:34:21.063426;115297857
4;400;RESERVA/ANULACION;-571595200;09:32:25.765812;09:34:21.465437;115699625
4;400;RESERVA/ANULACION;-579987904;09:32:25.766022;09:34:21.865620;116099598
4;400;RESERVA/ANULACION;-588380608;09:32:25.766240;09:34:22.266253;116500013
4;400;RESERVA/ANULACION;-596773312;09:32:25.766509;09:34:22.670352;116903843
4;400;RESERVA/ANULACION;-605166016;09:32:25.766736;09:34:23.071272;117304536
4;400;RESERVA/ANULACION;-613558720;09:32:25.766993;09:34:23.477710;117710717
4;400;RESERVA/ANULACION;-621951424;09:32:25.767244;09:34:23.888653;118121409
4;400;RESERVA/ANULACION;-630344128;09:32:25.767492;09:34:24.306617;118539125
4;400;RESERVA/ANULACION;-638736832;09:32:25.767725;09:34:24.708135;118940410
4;400;RESERVA/ANULACION;-647129536;09:32:25.767997;09:34:25.109420;119341423
4;400;RESERVA/ANULACION;-655522240;09:32:25.768194;09:34:25.510548;119742354
4;400;RESERVA/ANULACION;-663914944;09:32:25.768464;09:34:25.924605;120156141
4;400;RESERVA/ANULACION;-672307648;09:32:25.768687;09:34:26.333651;120564964
4;400;RESERVA/ANULACION;-680700352;09:32:25.768942;09:34:26.734690;120965748
4;400;RESERVA/ANULACION;-689093056;09:32:25.769167;09:34:27.135443;121366276
4;400;RESERVA/ANULACION;-697485760;09:32:25.769408;09:34:27.544192;121774784
4;400;CONSULTA;-907303360;09:32:25.775103;09:34:27.954382;122179279
4;400;CONSULTA;-705878464;09:32:25.769619;09:34:27.952862;122183243
4;400;CONSULTA;-1041586624;09:32:25.786840;09:34:27.955941;122169101
4;400;CONSULTA;-714271168;09:32:25.769835;09:34:27.952954;122183119
4;400;CONSULTA;-898910656;09:32:25.774880;09:34:27.954253;122179373
4;400;CONSULTA;-1133906368;09:32:25.789842;09:34:27.957082;122167240
4;400;CONSULTA;-1175869888;09:32:25.791429;09:34:27.957561;122166132
4;400;CONSULTA;-1184262592;09:32:25.791692;09:34:27.957620;122165928
4;400;CONSULTA;-747841984;09:32:25.770715;09:34:27.953126;122182411
4;400;CONSULTA;-1167477184;09:32:25.791172;09:34:27.957508;122166336
4;400;CONSULTA;-1100335552;09:32:25.788856;09:34:27.956660;122167804
4;400;CONSULTA;-756234688;09:32:25.770903;09:34:27.953150;122182247
4;400;CONSULTA;-1024801216;09:32:25.786216;09:34:27.955669;122169453
4;400;CONSULTA;-1192655296;09:32:25.791935;09:34:27.957731;122165796
4;400;CONSULTA;-1251404224;09:32:25.793780;09:34:27.958144;122164364
4;400;CONSULTA;-1091942848;09:32:25.788599;09:34:27.956635;122168036
4;400;CONSULTA;-1486399936;09:32:25.800625;09:34:27.959165;122158540
4;400;CONSULTA;-1427651008;09:32:25.798929;09:34:27.958994;122160065
4;400;CONSULTA;-1494792640;09:32:25.800880;09:34:27.959189;122158309
4;400;CONSULTA;-1503185344;09:32:25.801119;09:34:27.959213;122158094
4;400;CONSULTA;-848554432;09:32:25.773409;09:34:27.953711;122180302
4;400;CONSULTA;-873732544;09:32:25.774055;09:34:27.953963;122179908
4;400;CONSULTA;-1243011520;09:32:25.793535;09:34:27.958132;122164597
4;400;CONSULTA;-1033193920;09:32:25.786535;09:34:27.955791;122169256
4;400;CONSULTA;-966052288;09:32:25.776628;09:34:27.954832;122178204
4;400;CONSULTA;-882125248;09:32:25.774284;09:34:27.953978;122179694
4;400;CONSULTA;-1226226112;09:32:25.793021;09:34:27.957996;122164975
4;400;CONSULTA;-915696064;09:32:25.775359;09:34:27.954491;122179132
4;400;CONSULTA;-1259796928;09:32:25.794024;09:34:27.958187;122164163
4;400;CONSULTA;-789805504;09:32:25.771794;09:34:27.953347;122181553
4;400;CONSULTA;-1016408512;09:32:25.785881;09:34:27.955571;122169690
4;400;CONSULTA;-1528363456;09:32:25.801860;09:34:27.959579;122157719
4;400;CONSULTA;-1117120960;09:32:25.789343;09:34:27.956818;122167475
4;400;CONSULTA;-1058372032;09:32:25.787445;09:34:27.956160;122168715
4;400;CONSULTA;-982837696;09:32:25.776884;09:34:27.955062;122178178
4;400;CONSULTA;-999623104;09:32:25.784662;09:34:27.955327;122170665
4;400;CONSULTA;-1217833408;09:32:25.792761;09:34:27.957899;122165138
4;400;CONSULTA;-890517952;09:32:25.774507;09:34:27.954090;122179583
4;400;CONSULTA;-1150691776;09:32:25.790430;09:34:27.957212;122166782
4;400;CONSULTA;-974444992;09:32:25.776771;09:34:27.954981;122178210
4;400;CONSULTA;-991230400;09:32:25.777036;09:34:27.955215;122178179
4;400;CONSULTA;-865339840;09:32:25.773832;09:34:27.953861;122180029
4;400;CONSULTA;-1201048000;09:32:25.792199;09:34:27.957822;122165623
4;400;CONSULTA;-823376320;09:32:25.772748;09:34:27.953597;122180849
4;400;CONSULTA;-773020096;09:32:25.771330;09:34:27.953220;122181890
4;400;CONSULTA;-1209440704;09:32:25.792464;09:34:27.957837;122165373
4;400;CONSULTA;-1066764736;09:32:25.787727;09:34:27.956231;122168504
4;400;CONSULTA;-1142299072;09:32:25.790117;09:34:27.957145;122167028
4;400;CONSULTA;-949266880;09:32:25.776183;09:34:27.954781;122178598
4;400;CONSULTA;-1159084480;09:32:25.790867;09:34:27.957225;122166358
4;400;CONSULTA;-814983616;09:32:25.772525;09:34:27.953573;122181048
4;400;CONSULTA;-1125513664;09:32:25.789528;09:34:27.956988;122167460
4;400;CONSULTA;-1008015808;09:32:25.785456;09:34:27.955485;122170029
4;400;CONSULTA;-1234618816;09:32:25.793286;09:34:27.958076;122164790
4;400;CONSULTA;-722663872;09:32:25.770064;09:34:27.953007;122182943
4;400;CONSULTA;-1284975040;09:32:25.794767;09:34:27.958337;122163570
4;400;CONSULTA;-1293367744;09:32:25.795004;09:34:27.958438;122163434
4;400;CONSULTA;-957659584;09:32:25.776440;09:34:27.954806;122178366
4;400;CONSULTA;-1318545856;09:32:25.795678;09:34:27.958592;122162914
4;400;CONSULTA;-1326938560;09:32:25.795920;09:34:27.958640;122162720
4;400;CONSULTA;-1335331264;09:32:25.796159;09:34:27.958681;122162522
4;400;CONSULTA;-1352116672;09:32:25.796753;09:34:27.958763;122162010
4;400;CONSULTA;-1360509376;09:32:25.796971;09:34:27.958788;122161817
4;400;CONSULTA;-831769024;09:32:25.772970;09:34:27.953641;122180671
4;400;CONSULTA;-1377294784;09:32:25.797437;09:34:27.958837;122161400
4;400;CONSULTA;-1394080192;09:32:25.797902;09:34:27.958886;122160984
4;400;CONSULTA;-1368902080;09:32:25.797204;09:34:27.958813;122161609
4;400;CONSULTA;-1385687488;09:32:25.797668;09:34:27.958861;122161193
4;400;CONSULTA;-1402472896;09:32:25.798135;09:34:27.958913;122160778
4;400;CONSULTA;-806590912;09:32:25.772227;09:34:27.953547;122181320
4;400;CONSULTA;-1436043712;09:32:25.799178;09:34:27.959018;122159840
4;400;CONSULTA;-1452829120;09:32:25.799654;09:34:27.959067;122159413
4;400;CONSULTA;-1461221824;09:32:25.799894;09:34:27.959092;122159198
4;400;CONSULTA;-731056576;09:32:25.770280;09:34:27.953034;122182754
4;400;CONSULTA;-1511578048;09:32:25.801361;09:34:27.959238;122157877
4;400;CONSULTA;-1268189632;09:32:25.794271;09:34:27.958199;122163928
4;400;CONSULTA;-781412800;09:32:25.771559;09:34:27.953318;122181759
4;400;CONSULTA;-1519970752;09:32:25.801627;09:34:27.959263;122157636
4;400;CONSULTA;-856947136;09:32:25.773625;09:34:27.953753;122180128
4;400;CONSULTA;-924088768;09:32:25.775477;09:34:27.954582;122179105
4;400;CONSULTA;-1108728256;09:32:25.789114;09:34:27.956685;122167571
4;400;CONSULTA;-1536756160;09:32:25.808584;09:34:27.959648;122151064
4;400;CONSULTA;-932481472;09:32:25.775713;09:34:27.954679;122178966
4;400;CONSULTA;-1049979328;09:32:25.787138;09:34:27.956021;122168883
4;400;CONSULTA;-1075157440;09:32:25.788005;09:34:27.956529;122168524
4;400;CONSULTA;-1276582336;09:32:25.794530;09:34:27.958211;122163681
4;400;CONSULTA;-1310153152;09:32:25.795443;09:34:27.958528;122163085
4;400;CONSULTA;-1343723968;09:32:25.796456;09:34:27.958723;122162267
4;400;CONSULTA;-1419258304;09:32:25.798683;09:34:27.958970;122160287
4;400;CONSULTA;-1083550144;09:32:25.788272;09:34:27.956609;122168337
4;400;CONSULTA;-840161728;09:32:25.773194;09:34:27.953667;122180473
4;400;CONSULTA;-764627392;09:32:25.771119;09:34:27.953175;122182056
4;400;CONSULTA;-798198208;09:32:25.772015;09:34:27.953481;122181466
4;400;CONSULTA;-1301760448;09:32:25.795233;09:34:27.958489;122163256
4;400;CONSULTA;-1444436416;09:32:25.799404;09:34:27.959043;122159639
4;400;CONSULTA;-1478007232;09:32:25.800374;09:34:27.959141;122158767
4;400;CONSULTA;-940874176;09:32:25.775952;09:34:27.954754;122178802
4;400;CONSULTA;-1410865600;09:32:25.798430;09:34:27.958945;122160515
4;400;CONSULTA;-1469614528;09:32:25.800139;09:34:27.959117;122158978
4;400;CONSULTA;-739449280;09:32:25.770501;09:34:27.953101;122182600
