4;400;CONSULTA;-907303360;09:32:25.775103;09:34:27.954382;122179279
4;400;CONSULTA;-705878464;09:32:25.769619;09:34:27.952862;122183243
4;400;CONSULTA;-1041586624;09:32:25.786840;09:34:27.955941;122169101
4;400;CONSULTA;-714271168;09:32:25.769835;09:34:27.952954;122183119
4;400;CONSULTA;-898910656;09:32:25.774880;09:34:27.954253;122179373
4;400;CONSULTA;-1133906368;09:32:25.789842;09:34:27.957082;122167240
4;400;CONSULTA;-1175869888;09:32:25.791429;09:34:27.957561;122166132
4;400;CONSULTA;-1184262592;09:32:25.791692;09:34:27.957620;122165928
4;400;CONSULTA;-747841984;09:32:25.770715;09:34:27.953126;122182411
4;400;CONSULTA;-1167477184;09:32:25.791172;09:34:27.957508;122166336
4;400;CONSULTA;-1100335552;09:32:25.788856;09:34:27.956660;122167804
4;400;CONSULTA;-756234688;09:32:25.770903;09:34:27.953150;122182247
4;400;CONSULTA;-1024801216;09:32:25.786216;09:34:27.955669;122169453
4;400;CONSULTA;-1192655296;09:32:25.791935;09:34:27.957731;122165796
4;400;CONSULTA;-1251404224;09:32:25.793780;09:34:27.958144;122164364
4;400;CONSULTA;-1091942848;09:32:25.788599;09:34:27.956635;122168036
4;400;CONSULTA;-1486399936;09:32:25.800625;09:34:27.959165;122158540
4;400;CONSULTA;-1427651008;09:32:25.798929;09:34:27.958994;122160065
4;400;CONSULTA;-1494792640;09:32:25.800880;09:34:27.959189;122158309
4;400;CONSULTA;-1503185344;09:32:25.801119;09:34:27.959213;122158094
4;400;CONSULTA;-848554432;09:32:25.773409;09:34:27.953711;122180302
4;400;CONSULTA;-873732544;09:32:25.774055;09:34:27.953963;122179908
4;400;CONSULTA;-1243011520;09:32:25.793535;09:34:27.958132;122164597
4;400;CONSULTA;-1033193920;09:32:25.786535;09:34:27.955791;122169256
4;400;CONSULTA;-966052288;09:32:25.776628;09:34:27.954832;122178204
4;400;CONSULTA;-882125248;09:32:25.774284;09:34:27.953978;122179694
4;400;CONSULTA;-1226226112;09:32:25.793021;09:34:27.957996;122164975
4;400;CONSULTA;-915696064;09:32:25.775359;09:34:27.954491;122179132
4;400;CONSULTA;-1259796928;09:32:25.794024;09:34:27.958187;122164163
4;400;CONSULTA;-789805504;09:32:25.771794;09:34:27.953347;122181553
4;400;CONSULTA;-1016408512;09:32:25.785881;09:34:27.955571;122169690
4;400;CONSULTA;-1528363456;09:32:25.801860;09:34:27.959579;122157719
4;400;CONSULTA;-1117120960;09:32:25.789343;09:34:27.956818;122167475
4;400;CONSULTA;-1058372032;09:32:25.787445;09:34:27.956160;122168715
4;400;CONSULTA;-982837696;09:32:25.776884;09:34:27.955062;122178178
4;400;CONSULTA;-999623104;09:32:25.784662;09:34:27.955327;122170665
4;400;CONSULTA;-1217833408;09:32:25.792761;09:34:27.957899;122165138
4;400;CONSULTA;-890517952;09:32:25.774507;09:34:27.954090;122179583
4;400;CONSULTA;-1150691776;09:32:25.790430;09:34:27.957212;122166782
4;400;CONSULTA;-974444992;09:32:25.776771;09:34:27.954981;122178210
4;400;CONSULTA;-991230400;09:32:25.777036;09:34:27.955215;122178179
4;400;CONSULTA;-865339840;09:32:25.773832;09:34:27.953861;122180029
4;400;CONSULTA;-1201048000;09:32:25.792199;09:34:27.957822;122165623
4;400;CONSULTA;-823376320;09:32:25.772748;09:34:27.953597;122180849
4;400;CONSULTA;-773020096;09:32:25.771330;09:34:27.953220;122181890
4;400;CONSULTA;-1209440704;09:32:25.792464;09:34:27.957837;122165373
4;400;CONSULTA;-1066764736;09:32:25.787727;09:34:27.956231;122168504
4;400;CONSULTA;-1142299072;09:32:25.790117;09:34:27.957145;122167028
4;400;CONSULTA;-949266880;09:32:25.776183;09:34:27.954781;122178598
4;400;CONSULTA;-1159084480;09:32:25.790867;09:34:27.957225;122166358
4;400;CONSULTA;-814983616;09:32:25.772525;09:34:27.953573;122181048
4;400;CONSULTA;-1125513664;09:32:25.789528;09:34:27.956988;122167460
4;400;CONSULTA;-1008015808;09:32:25.785456;09:34:27.955485;122170029
4;400;CONSULTA;-1234618816;09:32:25.793286;09:34:27.958076;122164790
4;400;CONSULTA;-722663872;09:32:25.770064;09:34:27.953007;122182943
4;400;CONSULTA;-1284975040;09:32:25.794767;09:34:27.958337;122163570
4;400;CONSULTA;-1293367744;09:32:25.795004;09:34:27.958438;122163434
4;400;CONSULTA;-957659584;09:32:25.776440;09:34:27.954806;122178366
4;400;CONSULTA;-1318545856;09:32:25.795678;09:34:27.958592;122162914
4;400;CONSULTA;-1326938560;09:32:25.795920;09:34:27.958640;122162720
4;400;CONSULTA;-1335331264;09:32:25.796159;09:34:27.958681;122162522
4;400;CONSULTA;-1352116672;09:32:25.796753;09:34:27.958763;122162010
4;400;CONSULTA;-1360509376;09:32:25.796971;09:34:27.958788;122161817
4;400;CONSULTA;-831769024;09:32:25.772970;09:34:27.953641;122180671
4;400;CONSULTA;-1377294784;09:32:25.797437;09:34:27.958837;122161400
4;400;CONSULTA;-1394080192;09:32:25.797902;09:34:27.958886;122160984
4;400;CONSULTA;-1368902080;09:32:25.797204;09:34:27.958813;122161609
4;400;CONSULTA;-1385687488;09:32:25.797668;09:34:27.958861;122161193
4;400;CONSULTA;-1402472896;09:32:25.798135;09:34:27.958913;122160778
4;400;CONSULTA;-806590912;09:32:25.772227;09:34:27.953547;122181320
4;400;CONSULTA;-1436043712;09:32:25.799178;09:34:27.959018;122159840
4;400;CONSULTA;-1452829120;09:32:25.799654;09:34:27.959067;122159413
4;400;CONSULTA;-1461221824;09:32:25.799894;09:34:27.959092;122159198
4;400;CONSULTA;-731056576;09:32:25.770280;09:34:27.953034;122182754
4;400;CONSULTA;-1511578048;09:32:25.801361;09:34:27.959238;122157877
4;400;CONSULTA;-1268189632;09:32:25.794271;09:34:27.958199;122163928
4;400;CONSULTA;-781412800;09:32:25.771559;09:34:27.953318;122181759
4;400;CONSULTA;-1519970752;09:32:25.801627;09:34:27.959263;122157636
4;400;CONSULTA;-856947136;09:32:25.773625;09:34:27.953753;122180128
4;400;CONSULTA;-924088768;09:32:25.775477;09:34:27.954582;122179105
4;400;CONSULTA;-1108728256;09:32:25.789114;09:34:27.956685;122167571
4;400;CONSULTA;-1536756160;09:32:25.808584;09:34:27.959648;122151064
4;400;CONSULTA;-932481472;09:32:25.775713;09:34:27.954679;122178966
4;400;CONSULTA;-1049979328;09:32:25.787138;09:34:27.956021;122168883
4;400;CONSULTA;-1075157440;09:32:25.788005;09:34:27.956529;122168524
4;400;CONSULTA;-1276582336;09:32:25.794530;09:34:27.958211;122163681
4;400;CONSULTA;-1310153152;09:32:25.795443;09:34:27.958528;122163085
4;400;CONSULTA;-1343723968;09:32:25.796456;09:34:27.958723;122162267
4;400;CONSULTA;-1419258304;09:32:25.798683;09:34:27.958970;122160287
4;400;CONSULTA;-1083550144;09:32:25.788272;09:34:27.956609;122168337
4;400;CONSULTA;-840161728;09:32:25.773194;09:34:27.953667;122180473
4;400;CONSULTA;-764627392;09:32:25.771119;09:34:27.953175;122182056
4;400;CONSULTA;-798198208;09:32:25.772015;09:34:27.953481;122181466
4;400;CONSULTA;-1301760448;09:32:25.795233;09:34:27.958489;122163256
4;400;CONSULTA;-1444436416;09:32:25.799404;09:34:27.959043;122159639
4;400;CONSULTA;-1478007232;09:32:25.800374;09:34:27.959141;122158767
4;400;CONSULTA;-940874176;09:32:25.775952;09:34:27.954754;122178802
4;400;CONSULTA;-1410865600;09:32:25.798430;09:34:27.958945;122160515
4;400;CONSULTA;-1469614528;09:32:25.800139;09:34:27.959117;122158978
4;400;CONSULTA;-739449280;09:32:25.770501;09:34:27.953101;122182600
