5;12;RESERVA/ANULACION;226485824;20:14:07.392034;20:14:08.717455;1325421
5;12;RESERVA/ANULACION;218093120;20:14:07.392498;20:14:14.523047;7130549
5;12;RESERVA/ANULACION;209700416;20:14:07.393778;20:14:17.081539;9687761
5;12;RESERVA/ANULACION;201307712;20:14:07.395933;20:14:19.600973;12205040
5;12;RESERVA/ANULACION;192915008;20:14:07.406957;20:14:22.146337;14739380
5;12;RESERVA/ANULACION;184522304;20:14:07.407584;20:14:24.673327;17265743
5;12;RESERVA/ANULACION;176129600;20:14:07.410916;20:14:27.216711;19805795
5;12;RESERVA/ANULACION;167736896;20:14:07.411197;20:14:29.741208;22330011
5;12;RESERVA/ANULACION;159344192;20:14:07.411371;20:14:32.305966;24894595
5;12;RESERVA/ANULACION;150951488;20:14:07.411536;20:14:34.839605;27428069
5;12;RESERVA/ANULACION;-583014848;20:14:07.393093;20:14:10.056566;2663473
5;12;RESERVA/ANULACION;-591407552;20:14:07.393497;20:14:15.035660;7642163
5;12;RESERVA/ANULACION;-599800256;20:14:07.393692;20:14:17.584324;10190632
5;12;RESERVA/ANULACION;-608192960;20:14:07.394244;20:14:20.105416;12711172
5;12;RESERVA/ANULACION;-616585664;20:14:07.394612;20:14:22.646927;15252315
5;12;RESERVA/ANULACION;-624978368;20:14:07.395613;20:14:25.176288;17780675
5;12;RESERVA/ANULACION;-633371072;20:14:07.397812;20:14:27.726839;20329027
5;12;RESERVA/ANULACION;-641763776;20:14:07.407061;20:14:30.244565;22837504
5;12;RESERVA/ANULACION;-650156480;20:14:07.407713;20:14:32.808429;25400716
5;12;RESERVA/ANULACION;-658549184;20:14:07.407761;20:14:35.340212;27932451
5;12;RESERVA/ANULACION;574613056;20:14:07.393046;20:14:11.376574;3983528
5;12;RESERVA/ANULACION;566220352;20:14:07.393331;20:14:15.536887;8143556
5;12;RESERVA/ANULACION;557827648;20:14:07.393608;20:14:18.086233;10692625
5;12;RESERVA/ANULACION;549434944;20:14:07.393997;20:14:20.623048;13229051
5;12;RESERVA/ANULACION;541042240;20:14:07.394381;20:14:23.148596;15754215
5;12;RESERVA/ANULACION;532649536;20:14:07.395291;20:14:25.681152;18285861
5;12;RESERVA/ANULACION;515864128;20:14:07.396309;20:14:28.230255;20833946
5;12;RESERVA/ANULACION;524256832;20:14:07.396400;20:14:30.745604;23349204
5;12;RESERVA/ANULACION;507471424;20:14:07.407021;20:14:33.323281;25916260
5;12;RESERVA/ANULACION;499078720;20:14:07.407460;20:14:35.854748;28447288
5;12;RESERVA/ANULACION;-81795520;20:14:07.391210;20:14:12.702936;5311726
5;12;RESERVA/ANULACION;-90188224;20:14:07.392607;20:14:16.047308;8654701
5;12;RESERVA/ANULACION;-98580928;20:14:07.393945;20:14:18.596939;11202994
5;12;RESERVA/ANULACION;-106973632;20:14:07.394106;20:14:21.137684;13743578
5;12;RESERVA/ANULACION;-115366336;20:14:07.396808;20:14:23.651429;16254621
5;12;RESERVA/ANULACION;-123759040;20:14:07.408050;20:14:26.199856;18791806
5;12;RESERVA/ANULACION;-132151744;20:14:07.408160;20:14:28.734883;21326723
5;12;RESERVA/ANULACION;-140544448;20:14:07.408263;20:14:31.299092;23890829
5;12;RESERVA/ANULACION;-148937152;20:14:07.408419;20:14:33.826435;26418016
5;12;RESERVA/ANULACION;-157329856;20:14:07.410949;20:14:36.356152;28945203
5;12;RESERVA/ANULACION;1340073536;20:14:07.390459;20:14:08.200709;810250
5;12;RESERVA/ANULACION;1331680832;20:14:07.390563;20:14:14.011716;6621153
5;12;RESERVA/ANULACION;1323288128;20:14:07.392125;20:14:16.558234;9166109
5;12;RESERVA/ANULACION;1314895424;20:14:07.392457;20:14:19.099656;11707199
5;12;RESERVA/ANULACION;1306502720;20:14:07.392698;20:14:21.640690;14247992
5;12;RESERVA/ANULACION;1298110016;20:14:07.392951;20:14:24.167088;16774137
5;12;RESERVA/ANULACION;1289717312;20:14:07.395865;20:14:26.704569;19308704
5;12;RESERVA/ANULACION;1281324608;20:14:07.396357;20:14:29.236276;21839919
5;12;RESERVA/ANULACION;1272931904;20:14:07.396615;20:14:31.804707;24408092
5;12;RESERVA/ANULACION;1264539200;20:14:07.404031;20:14:34.327765;26923734
10;12;RESERVA/ANULACION;-1648368064;20:16:08.367843;20:16:10.197123;1829280
10;12;RESERVA/ANULACION;-1656760768;20:16:08.374090;20:16:23.419792;15045702
10;12;RESERVA/ANULACION;-1665153472;20:16:08.374413;20:16:28.433382;20058969
10;12;RESERVA/ANULACION;-1673546176;20:16:08.375540;20:16:33.452644;25077104
10;12;RESERVA/ANULACION;-1681938880;20:16:08.376103;20:16:38.471942;30095839
10;12;RESERVA/ANULACION;-1690331584;20:16:08.391991;20:16:43.502055;35110064
10;12;RESERVA/ANULACION;-1698724288;20:16:08.392359;20:16:48.533465;40141106
10;12;RESERVA/ANULACION;-1707116992;20:16:08.392748;20:16:53.659669;45266921
10;12;RESERVA/ANULACION;-1715509696;20:16:08.393869;20:16:58.724284;50330415
10;12;RESERVA/ANULACION;-1723902400;20:16:08.394081;20:17:03.779617;55385536
10;12;RESERVA/ANULACION;-731916736;20:16:08.370616;20:16:11.503279;3132663
10;12;RESERVA/ANULACION;-740309440;20:16:08.371169;20:16:23.920566;15549397
10;12;RESERVA/ANULACION;-748702144;20:16:08.371530;20:16:28.935682;20564152
10;12;RESERVA/ANULACION;-757094848;20:16:08.371728;20:16:33.953726;25581998
10;12;RESERVA/ANULACION;-765487552;20:16:08.372006;20:16:38.974409;30602403
10;12;RESERVA/ANULACION;-723524032;20:16:08.372242;20:16:44.003489;35631247
10;12;RESERVA/ANULACION;-773880256;20:16:08.372391;20:16:49.035370;40662979
10;12;RESERVA/ANULACION;-782272960;20:16:08.372731;20:16:54.167318;45794587
10;12;RESERVA/ANULACION;-790665664;20:16:08.373138;20:16:59.236027;50862889
10;12;RESERVA/ANULACION;-799058368;20:16:08.373710;20:17:04.282931;55909221
10;12;RESERVA/ANULACION;432006720;20:16:08.369666;20:16:12.807773;4438107
10;12;RESERVA/ANULACION;423614016;20:16:08.371775;20:16:24.422140;16050365
10;12;RESERVA/ANULACION;415221312;20:16:08.372021;20:16:29.436651;21064630
10;12;RESERVA/ANULACION;406828608;20:16:08.372052;20:16:34.456840;26084788
10;12;RESERVA/ANULACION;398435904;20:16:08.372266;20:16:39.477298;31105032
10;12;RESERVA/ANULACION;390043200;20:16:08.372596;20:16:44.507189;36134593
10;12;RESERVA/ANULACION;381650496;20:16:08.372935;20:16:49.543009;41170074
10;12;RESERVA/ANULACION;373257792;20:16:08.373082;20:16:54.674312;46301230
10;12;RESERVA/ANULACION;364865088;20:16:08.373159;20:16:59.748289;51375130
10;12;RESERVA/ANULACION;356472384;20:16:08.373725;20:17:04.790432;56416707
10;12;RESERVA/ANULACION;-1805654464;20:16:08.367713;20:16:14.124704;5756991
10;12;RESERVA/ANULACION;-1814047168;20:16:08.369469;20:16:24.923271;16553802
10;12;RESERVA/ANULACION;-1822439872;20:16:08.369799;20:16:29.939862;21570063
10;12;RESERVA/ANULACION;-1830832576;20:16:08.370356;20:16:34.958986;26588630
10;12;RESERVA/ANULACION;-1839225280;20:16:08.374329;20:16:39.980050;31605721
10;12;RESERVA/ANULACION;-1847617984;20:16:08.374477;20:16:45.011356;36636879
10;12;RESERVA/ANULACION;-1856010688;20:16:08.375148;20:16:50.123346;41748198
10;12;RESERVA/ANULACION;-1864403392;20:16:08.375432;20:16:55.176260;46800828
10;12;RESERVA/ANULACION;-1872796096;20:16:08.375550;20:17:00.248915;51873365
10;12;RESERVA/ANULACION;-1881188800;20:16:08.390540;20:17:05.292019;56901479
10;12;RESERVA/ANULACION;1893721664;20:16:08.369050;20:16:15.467601;7098551
10;12;RESERVA/ANULACION;1885328960;20:16:08.369375;20:16:25.425977;17056602
10;12;RESERVA/ANULACION;1876936256;20:16:08.370481;20:16:30.442588;22072107
10;12;RESERVA/ANULACION;1868543552;20:16:08.371082;20:16:35.460253;27089171
10;12;RESERVA/ANULACION;1860150848;20:16:08.374973;20:16:40.483338;32108365
10;12;RESERVA/ANULACION;1851758144;20:16:08.375454;20:16:45.515346;37139892
10;12;RESERVA/ANULACION;1843365440;20:16:08.375885;20:16:50.631502;42255617
10;12;RESERVA/ANULACION;1834972736;20:16:08.382403;20:16:55.681118;47298715
10;12;RESERVA/ANULACION;1826580032;20:16:08.390642;20:17:00.750102;52359460
10;12;RESERVA/ANULACION;1818187328;20:16:08.392195;20:17:05.792857;57400662
10;12;RESERVA/ANULACION;1073735232;20:16:08.372162;20:16:16.802216;8430054
10;12;RESERVA/ANULACION;1065342528;20:16:08.372527;20:16:25.926798;17554271
10;12;RESERVA/ANULACION;1056949824;20:16:08.372643;20:16:30.944460;22571817
10;12;RESERVA/ANULACION;1048557120;20:16:08.373375;20:16:35.961052;27587677
10;12;RESERVA/ANULACION;1040164416;20:16:08.374143;20:16:40.985810;32611667
10;12;RESERVA/ANULACION;1031771712;20:16:08.374417;20:16:46.018746;37644329
10;12;RESERVA/ANULACION;1023379008;20:16:08.375400;20:16:51.133374;42757974
10;12;RESERVA/ANULACION;1014986304;20:16:08.377041;20:16:56.183210;47806169
10;12;RESERVA/ANULACION;1006593600;20:16:08.377173;20:17:01.257104;52879931
10;12;RESERVA/ANULACION;998200896;20:16:08.377213;20:17:06.296687;57919474
10;12;RESERVA/ANULACION;-1499470272;20:16:08.368190;20:16:18.126960;9758770
10;12;RESERVA/ANULACION;-1507862976;20:16:08.368878;20:16:26.428420;18059542
10;12;RESERVA/ANULACION;-1516255680;20:16:08.369163;20:16:31.445982;23076819
10;12;RESERVA/ANULACION;-1524648384;20:16:08.369837;20:16:36.461853;28092016
10;12;RESERVA/ANULACION;-1533041088;20:16:08.370539;20:16:41.489135;33118596
10;12;RESERVA/ANULACION;-1541433792;20:16:08.370802;20:16:46.526160;38155358
10;12;RESERVA/ANULACION;-1549826496;20:16:08.371415;20:16:51.640553;43269138
10;12;RESERVA/ANULACION;-1558219200;20:16:08.372467;20:16:56.683873;48311406
10;12;RESERVA/ANULACION;-1566611904;20:16:08.373016;20:17:01.759924;53386908
10;12;RESERVA/ANULACION;-1575004608;20:16:08.373531;20:17:06.799385;58425854
10;12;RESERVA/ANULACION;-367008192;20:16:08.369329;20:16:19.461974;11092645
10;12;RESERVA/ANULACION;-375400896;20:16:08.369729;20:16:26.929719;18559990
10;12;RESERVA/ANULACION;-383793600;20:16:08.371272;20:16:31.946687;23575415
10;12;RESERVA/ANULACION;-392186304;20:16:08.371591;20:16:36.964525;28592934
10;12;RESERVA/ANULACION;-400579008;20:16:08.372251;20:16:41.993823;33621572
10;12;RESERVA/ANULACION;-408971712;20:16:08.372494;20:16:47.027343;38654849
10;12;RESERVA/ANULACION;-417364416;20:16:08.372886;20:16:52.144188;43771302
10;12;RESERVA/ANULACION;-425757120;20:16:08.373221;20:16:57.188092;48814871
10;12;RESERVA/ANULACION;-434149824;20:16:08.373674;20:17:02.263965;53890291
10;12;RESERVA/ANULACION;-442542528;20:16:08.375347;20:17:07.305109;58929762
10;12;RESERVA/ANULACION;1530914368;20:16:08.367341;20:16:20.783770;12416429
10;12;RESERVA/ANULACION;1522521664;20:16:08.368788;20:16:27.430277;19061489
10;12;RESERVA/ANULACION;1514128960;20:16:08.370143;20:16:32.447725;24077582
10;12;RESERVA/ANULACION;1505736256;20:16:08.370207;20:16:37.469866;29099659
10;12;RESERVA/ANULACION;1497343552;20:16:08.370432;20:16:42.497674;34127242
10;12;RESERVA/ANULACION;1488950848;20:16:08.370741;20:16:47.528959;39158218
10;12;RESERVA/ANULACION;1480558144;20:16:08.371234;20:16:52.651895;44280661
10;12;RESERVA/ANULACION;1472165440;20:16:08.371948;20:16:57.691070;49319122
10;12;RESERVA/ANULACION;1463772736;20:16:08.374995;20:17:02.765997;54391002
10;12;RESERVA/ANULACION;1455380032;20:16:08.375833;20:17:07.805731;59429898
10;12;RESERVA/ANULACION;-1790974400;20:16:08.370698;20:16:22.103555;13732857
10;12;RESERVA/ANULACION;-1799367104;20:16:08.371307;20:16:27.931156;19559849
10;12;RESERVA/ANULACION;-1807759808;20:16:08.371464;20:16:32.951405;24579941
10;12;RESERVA/ANULACION;-1816152512;20:16:08.372319;20:16:37.971160;29598841
10;12;RESERVA/ANULACION;-1824545216;20:16:08.372947;20:16:43.000272;34627325
10;12;RESERVA/ANULACION;-1832937920;20:16:08.373629;20:16:48.030242;39656613
10;12;RESERVA/ANULACION;-1841330624;20:16:08.374045;20:16:53.154835;44780790
10;12;RESERVA/ANULACION;-1849723328;20:16:08.374384;20:16:58.205043;49830659
10;12;RESERVA/ANULACION;-1858116032;20:16:08.374610;20:17:03.268644;54894034
10;12;RESERVA/ANULACION;-1866508736;20:16:08.375023;20:17:08.306526;59931503
15;12;RESERVA/ANULACION;1413473856;20:20:38.062865;20:20:40.956830;2893965
15;12;RESERVA/ANULACION;1405081152;20:20:38.065122;20:21:00.746912;22681790
15;12;RESERVA/ANULACION;1396688448;20:20:38.068542;20:21:08.426608;30358066
15;12;RESERVA/ANULACION;1388295744;20:20:38.069960;20:21:16.040059;37970099
15;12;RESERVA/ANULACION;1379903040;20:20:38.070578;20:21:23.632073;45561495
15;12;RESERVA/ANULACION;1371510336;20:20:38.080249;20:21:31.156386;53076137
15;12;RESERVA/ANULACION;1363117632;20:20:38.085309;20:21:38.748181;60662872
15;12;RESERVA/ANULACION;1354724928;20:20:38.085563;20:21:46.311574;68226011
15;12;RESERVA/ANULACION;1346332224;20:20:38.086376;20:21:53.846557;75760181
15;12;RESERVA/ANULACION;1337939520;20:20:38.087152;20:22:01.416952;83329800
15;12;RESERVA/ANULACION;-1088428480;20:20:38.062855;20:20:42.261860;4199005
15;12;RESERVA/ANULACION;-1096821184;20:20:38.063636;20:21:01.268556;23204920
15;12;RESERVA/ANULACION;-1105213888;20:20:38.063927;20:21:08.957154;30893227
15;12;RESERVA/ANULACION;-1113606592;20:20:38.064072;20:21:16.544299;38480227
15;12;RESERVA/ANULACION;-1121999296;20:20:38.064199;20:21:24.133207;46069008
15;12;RESERVA/ANULACION;-1130392000;20:20:38.065282;20:21:31.657441;53592159
15;12;RESERVA/ANULACION;-1138784704;20:20:38.065736;20:21:39.250519;61184783
15;12;RESERVA/ANULACION;-1147177408;20:20:38.066055;20:21:46.813054;68746999
15;12;RESERVA/ANULACION;-1155570112;20:20:38.066164;20:21:54.348779;76282615
15;12;RESERVA/ANULACION;-1163962816;20:20:38.071864;20:22:01.919565;83847701
15;12;RESERVA/ANULACION;-1453332928;20:20:38.065834;20:20:43.571264;5505430
15;12;RESERVA/ANULACION;-1461725632;20:20:38.067666;20:21:01.781230;23713564
15;12;RESERVA/ANULACION;-1470118336;20:20:38.068589;20:21:09.465631;31397042
15;12;RESERVA/ANULACION;-1478511040;20:20:38.069973;20:21:17.046275;38976302
15;12;RESERVA/ANULACION;-1486903744;20:20:38.073280;20:21:24.635648;46562368
15;12;RESERVA/ANULACION;-1495296448;20:20:38.073783;20:21:32.158507;54084724
15;12;RESERVA/ANULACION;-1503689152;20:20:38.080402;20:21:39.751374;61670972
15;12;RESERVA/ANULACION;-1512081856;20:20:38.087413;20:21:47.314397;69226984
15;12;RESERVA/ANULACION;-1520474560;20:20:38.087532;20:21:54.849704;76762172
15;12;RESERVA/ANULACION;-1528867264;20:20:38.087664;20:22:02.421577;84333913
15;12;RESERVA/ANULACION;-859838912;20:20:38.063965;20:20:44.900486;6836521
15;12;RESERVA/ANULACION;-868231616;20:20:38.064167;20:21:02.291832;24227665
15;12;RESERVA/ANULACION;-885017024;20:20:38.065435;20:21:09.971169;31905734
15;12;RESERVA/ANULACION;-876624320;20:20:38.065859;20:21:17.547624;39481765
15;12;RESERVA/ANULACION;-893409728;20:20:38.068740;20:21:25.137144;47068404
15;12;RESERVA/ANULACION;-901802432;20:20:38.069428;20:21:32.659998;54590570
15;12;RESERVA/ANULACION;-910195136;20:20:38.071803;20:21:40.257549;62185746
15;12;RESERVA/ANULACION;-918587840;20:20:38.072230;20:21:47.817253;69745023
15;12;RESERVA/ANULACION;-926980544;20:20:38.072574;20:21:55.364986;77292412
15;12;RESERVA/ANULACION;-935373248;20:20:38.073028;20:22:02.922979;84849951
15;12;RESERVA/ANULACION;1493165632;20:20:38.068696;20:20:46.208002;8139306
15;12;RESERVA/ANULACION;1484772928;20:20:38.069587;20:21:02.812401;24742814
15;12;RESERVA/ANULACION;1476380224;20:20:38.069918;20:21:10.472354;32402436
15;12;RESERVA/ANULACION;1467987520;20:20:38.070576;20:21:18.051219;39980643
15;12;RESERVA/ANULACION;1459594816;20:20:38.070872;20:21:25.639268;47568396
15;12;RESERVA/ANULACION;1451202112;20:20:38.071049;20:21:33.172189;55101140
15;12;RESERVA/ANULACION;1442809408;20:20:38.071285;20:21:40.760608;62689323
15;12;RESERVA/ANULACION;1434416704;20:20:38.071434;20:21:48.318494;70247060
15;12;RESERVA/ANULACION;1426024000;20:20:38.071586;20:21:55.867486;77795900
15;12;RESERVA/ANULACION;1417631296;20:20:38.072052;20:22:03.423996;85351944
15;12;RESERVA/ANULACION;-731912640;20:20:38.065666;20:20:47.531261;9465595
15;12;RESERVA/ANULACION;-740305344;20:20:38.069194;20:21:03.322319;25253125
15;12;RESERVA/ANULACION;-748698048;20:20:38.070318;20:21:10.973834;32903516
15;12;RESERVA/ANULACION;-757090752;20:20:38.080143;20:21:18.553137;40472994
15;12;RESERVA/ANULACION;-765483456;20:20:38.085270;20:21:26.140789;48055519
15;12;RESERVA/ANULACION;-782268864;20:20:38.086464;20:21:33.673531;55587067
15;12;RESERVA/ANULACION;-773876160;20:20:38.086973;20:21:41.265187;63178214
15;12;RESERVA/ANULACION;-790661568;20:20:38.089199;20:21:48.819789;70730590
15;12;RESERVA/ANULACION;-799054272;20:20:38.090476;20:21:56.369084;78278608
15;12;RESERVA/ANULACION;-807446976;20:20:38.090921;20:22:03.928335;85837414
15;12;RESERVA/ANULACION;1436542528;20:20:38.065778;20:20:48.835738;10769960
15;12;RESERVA/ANULACION;1428149824;20:20:38.066027;20:21:03.824363;25758336
15;12;RESERVA/ANULACION;1419757120;20:20:38.068804;20:21:11.475512;33406708
15;12;RESERVA/ANULACION;1411364416;20:20:38.070060;20:21:19.073669;41003609
15;12;RESERVA/ANULACION;1402971712;20:20:38.071203;20:21:26.642280;48571077
15;12;RESERVA/ANULACION;1394579008;20:20:38.071758;20:21:34.174979;56103221
15;12;RESERVA/ANULACION;1386186304;20:20:38.072142;20:21:41.768595;63696453
15;12;RESERVA/ANULACION;1377793600;20:20:38.072535;20:21:49.321522;71248987
15;12;RESERVA/ANULACION;1369400896;20:20:38.072996;20:21:56.875669;78802673
15;12;RESERVA/ANULACION;1361008192;20:20:38.073475;20:22:04.429962;86356487
15;12;RESERVA/ANULACION;1430251072;20:20:38.066271;20:20:50.158791;12092520
15;12;RESERVA/ANULACION;1421858368;20:20:38.067923;20:21:04.326371;26258448
15;12;RESERVA/ANULACION;1413465664;20:20:38.071486;20:21:11.987687;33916201
15;12;RESERVA/ANULACION;1405072960;20:20:38.080301;20:21:19.579564;41499263
15;12;RESERVA/ANULACION;1396680256;20:20:38.085346;20:21:27.143677;49058331
15;12;RESERVA/ANULACION;1379894848;20:20:38.086506;20:21:34.678866;56592360
15;12;RESERVA/ANULACION;1388287552;20:20:38.086982;20:21:42.292467;64205485
15;12;RESERVA/ANULACION;1371502144;20:20:38.087144;20:21:49.823312;71736168
15;12;RESERVA/ANULACION;1363109440;20:20:38.087898;20:21:57.383498;79295600
15;12;RESERVA/ANULACION;1354716736;20:20:38.088750;20:22:04.941053;86852303
15;12;RESERVA/ANULACION;2004870720;20:20:38.069023;20:20:51.527476;13458453
15;12;RESERVA/ANULACION;1996478016;20:20:38.069395;20:21:04.833145;26763750
15;12;RESERVA/ANULACION;1988085312;20:20:38.071900;20:21:12.493850;34421950
15;12;RESERVA/ANULACION;1979692608;20:20:38.072350;20:21:20.085778;42013428
15;12;RESERVA/ANULACION;1971299904;20:20:38.072541;20:21:27.645753;49573212
15;12;RESERVA/ANULACION;1954514496;20:20:38.072743;20:21:35.180641;57107898
15;12;RESERVA/ANULACION;1962907200;20:20:38.073171;20:21:42.795719;64722548
15;12;RESERVA/ANULACION;1946121792;20:20:38.079080;20:21:50.325363;72246283
15;12;RESERVA/ANULACION;1937729088;20:20:38.079190;20:21:57.893652;79814462
15;12;RESERVA/ANULACION;1929336384;20:20:38.079233;20:22:05.448796;87369563
15;12;RESERVA/ANULACION;-1591744960;20:20:38.073152;20:20:52.863798;14790646
15;12;RESERVA/ANULACION;-1600137664;20:20:38.086421;20:21:05.338811;27252390
15;12;RESERVA/ANULACION;-1608530368;20:20:38.086933;20:21:13.012419;34925486
15;12;RESERVA/ANULACION;-1616923072;20:20:38.087138;20:21:20.587972;42500834
15;12;RESERVA/ANULACION;-1625315776;20:20:38.087869;20:21:28.147110;50059241
15;12;RESERVA/ANULACION;-1633708480;20:20:38.090418;20:21:35.687518;57597100
15;12;RESERVA/ANULACION;-1642101184;20:20:38.090968;20:21:43.301526;65210558
15;12;RESERVA/ANULACION;-1650493888;20:20:38.091354;20:21:50.828353;72736999
15;12;RESERVA/ANULACION;-1658886592;20:20:38.093131;20:21:58.395558;80302427
15;12;RESERVA/ANULACION;-1667279296;20:20:38.095684;20:22:05.950390;87854706
15;12;RESERVA/ANULACION;-270539200;20:20:38.068281;20:20:54.174197;16105916
15;12;RESERVA/ANULACION;-287324608;20:20:38.069020;20:21:05.861668;27792648
15;12;RESERVA/ANULACION;-278931904;20:20:38.069258;20:21:13.513812;35444554
15;12;RESERVA/ANULACION;-295717312;20:20:38.069906;20:21:21.091020;43021114
15;12;RESERVA/ANULACION;-304110016;20:20:38.070459;20:21:28.648480;50578021
15;12;RESERVA/ANULACION;-312502720;20:20:38.070955;20:21:36.188595;58117640
15;12;RESERVA/ANULACION;-320895424;20:20:38.071358;20:21:43.802842;65731484
15;12;RESERVA/ANULACION;-329288128;20:20:38.071655;20:21:51.334833;73263178
15;12;RESERVA/ANULACION;-337680832;20:20:38.072372;20:21:58.906148;80833776
15;12;RESERVA/ANULACION;-346073536;20:20:38.072405;20:22:06.451789;88379384
15;12;RESERVA/ANULACION;-1193286080;20:20:38.068003;20:20:55.490894;17422891
15;12;RESERVA/ANULACION;-1201678784;20:20:38.070003;20:21:06.365231;28295228
15;12;RESERVA/ANULACION;-1210071488;20:20:38.079938;20:21:14.015322;35935384
15;12;RESERVA/ANULACION;-1218464192;20:20:38.085238;20:21:21.592763;43507525
15;12;RESERVA/ANULACION;-1235249600;20:20:38.086765;20:21:29.149962;51063197
15;12;RESERVA/ANULACION;-1226856896;20:20:38.086963;20:21:36.721030;58634067
15;12;RESERVA/ANULACION;-1243642304;20:20:38.089276;20:21:44.306604;66217328
15;12;RESERVA/ANULACION;-1252035008;20:20:38.090682;20:21:51.838800;73748118
15;12;RESERVA/ANULACION;-1260427712;20:20:38.091316;20:21:59.408709;81317393
15;12;RESERVA/ANULACION;-1268820416;20:20:38.091831;20:22:06.955414;88863583
15;12;RESERVA/ANULACION;1161815616;20:20:38.070396;20:20:56.806676;18736280
15;12;RESERVA/ANULACION;1153422912;20:20:38.080197;20:21:06.872747;28792550
15;12;RESERVA/ANULACION;1145030208;20:20:38.087815;20:21:14.517228;36429413
15;12;RESERVA/ANULACION;1136637504;20:20:38.088598;20:21:22.126482;44037884
15;12;RESERVA/ANULACION;1128244800;20:20:38.088875;20:21:29.651499;51562624
15;12;RESERVA/ANULACION;1119852096;20:20:38.090584;20:21:37.222975;59132391
15;12;RESERVA/ANULACION;1111459392;20:20:38.091031;20:21:44.807785;66716754
15;12;RESERVA/ANULACION;1103066688;20:20:38.091322;20:21:52.341802;74250480
15;12;RESERVA/ANULACION;1094673984;20:20:38.091552;20:21:59.912520;81820968
15;12;RESERVA/ANULACION;1086281280;20:20:38.091798;20:22:07.458812;89367014
15;12;RESERVA/ANULACION;452978240;20:20:38.069653;20:20:58.120306;20050653
15;12;RESERVA/ANULACION;444585536;20:20:38.070255;20:21:07.374328;29304073
15;12;RESERVA/ANULACION;436192832;20:20:38.070675;20:21:15.026322;36955647
15;12;RESERVA/ANULACION;427800128;20:20:38.070962;20:21:22.628059;44557097
15;12;RESERVA/ANULACION;419407424;20:20:38.071196;20:21:30.152790;52081594
15;12;RESERVA/ANULACION;411014720;20:20:38.071364;20:21:37.740822;59669458
15;12;RESERVA/ANULACION;402622016;20:20:38.071511;20:21:45.309304;67237793
15;12;RESERVA/ANULACION;394229312;20:20:38.071694;20:21:52.843439;74771745
15;12;RESERVA/ANULACION;385836608;20:20:38.080352;20:22:00.413852;82333500
15;12;RESERVA/ANULACION;377443904;20:20:38.089083;20:22:07.972385;89883302
15;12;RESERVA/ANULACION;-1176508864;20:20:38.067739;20:20:59.427000;21359261
15;12;RESERVA/ANULACION;-1184901568;20:20:38.068228;20:21:07.876153;29807925
15;12;RESERVA/ANULACION;-1193294272;20:20:38.068949;20:21:15.531761;37462812
15;12;RESERVA/ANULACION;-1201686976;20:20:38.069782;20:21:23.129698;45059916
15;12;RESERVA/ANULACION;-1210079680;20:20:38.070331;20:21:30.655097;52584766
15;12;RESERVA/ANULACION;-1218472384;20:20:38.071216;20:21:38.247519;60176303
15;12;RESERVA/ANULACION;-1226865088;20:20:38.071484;20:21:45.810389;67738905
15;12;RESERVA/ANULACION;-1235257792;20:20:38.072220;20:21:53.344460;75272240
15;12;RESERVA/ANULACION;-1243650496;20:20:38.072758;20:22:00.914789;82842031
15;12;RESERVA/ANULACION;-1252043200;20:20:38.073142;20:22:08.473935;90400793
20;12;RESERVA/ANULACION;-767564224;20:23:35.068523;20:23:38.965675;3897152
20;12;RESERVA/ANULACION;-775956928;20:23:35.071564;20:24:05.498826;30427262
20;12;RESERVA/ANULACION;-784349632;20:23:35.075040;20:24:15.734827;40659787
20;12;RESERVA/ANULACION;-792742336;20:23:35.075089;20:24:25.832024;50756935
20;12;RESERVA/ANULACION;-801135040;20:23:35.079455;20:24:35.938920;60859465
20;12;RESERVA/ANULACION;-809527744;20:23:35.079597;20:24:46.061005;70981408
20;12;RESERVA/ANULACION;-817920448;20:23:35.079873;20:24:56.190209;81110336
20;12;RESERVA/ANULACION;-826313152;20:23:35.084841;20:25:06.372398;91287557
20;12;RESERVA/ANULACION;-834705856;20:23:35.084964;20:25:16.580562;101495598
20;12;RESERVA/ANULACION;-843098560;20:23:35.086533;20:25:26.714378;111627845
20;12;RESERVA/ANULACION;346023488;20:23:35.069423;20:23:40.278172;5208749
20;12;RESERVA/ANULACION;337630784;20:23:35.076035;20:24:06.001506;30925471
20;12;RESERVA/ANULACION;329238080;20:23:35.079279;20:24:16.236540;41157261
20;12;RESERVA/ANULACION;320845376;20:23:35.079616;20:24:26.335126;51255510
20;12;RESERVA/ANULACION;312452672;20:23:35.079645;20:24:36.459129;61379484
20;12;RESERVA/ANULACION;304059968;20:23:35.081586;20:24:46.566414;71484828
20;12;RESERVA/ANULACION;295667264;20:23:35.081936;20:24:56.692260;81610324
20;12;RESERVA/ANULACION;287274560;20:23:35.082365;20:25:06.880960;91798595
20;12;RESERVA/ANULACION;278881856;20:23:35.083197;20:25:17.083021;101999824
20;12;RESERVA/ANULACION;270489152;20:23:35.083819;20:25:27.216551;112132732
20;12;RESERVA/ANULACION;-457185728;20:23:35.075737;20:23:41.587305;6511568
20;12;RESERVA/ANULACION;-465578432;20:23:35.080039;20:24:06.525157;31445118
20;12;RESERVA/ANULACION;-473971136;20:23:35.080370;20:24:16.750194;41669824
20;12;RESERVA/ANULACION;-482363840;20:23:35.080543;20:24:26.839677;51759134
20;12;RESERVA/ANULACION;-490756544;20:23:35.081214;20:24:36.962170;61880956
20;12;RESERVA/ANULACION;-499149248;20:23:35.081839;20:24:47.068329;71986490
20;12;RESERVA/ANULACION;-507541952;20:23:35.082187;20:24:57.193144;82110957
20;12;RESERVA/ANULACION;-515934656;20:23:35.082989;20:25:07.382515;92299526
20;12;RESERVA/ANULACION;-524327360;20:23:35.083524;20:25:17.587191;102503667
20;12;RESERVA/ANULACION;-532720064;20:23:35.086475;20:25:27.717272;112630797
20;12;RESERVA/ANULACION;-876616128;20:23:35.073806;20:23:42.890925;7817119
20;12;RESERVA/ANULACION;-885008832;20:23:35.074994;20:24:07.051389;31976395
20;12;RESERVA/ANULACION;-893401536;20:23:35.075626;20:24:17.251718;42176092
20;12;RESERVA/ANULACION;-901794240;20:23:35.078045;20:24:27.341866;52263821
20;12;RESERVA/ANULACION;-910186944;20:23:35.079834;20:24:37.463972;62384138
20;12;RESERVA/ANULACION;-918579648;20:23:35.079920;20:24:47.582950;72503030
20;12;RESERVA/ANULACION;-926972352;20:23:35.080097;20:24:57.694146;82614049
20;12;RESERVA/ANULACION;-935365056;20:23:35.080556;20:25:07.885184;92804628
20;12;RESERVA/ANULACION;-943757760;20:23:35.081563;20:25:18.090922;103009359
20;12;RESERVA/ANULACION;-952150464;20:23:35.081972;20:25:28.218453;113136481
20;12;RESERVA/ANULACION;-192944576;20:23:35.077493;20:23:44.211753;9134260
20;12;RESERVA/ANULACION;-201337280;20:23:35.084816;20:24:07.566852;32482036
20;12;RESERVA/ANULACION;-209729984;20:23:35.085102;20:24:17.752616;42667514
20;12;RESERVA/ANULACION;-218122688;20:23:35.085416;20:24:27.843475;52758059
20;12;RESERVA/ANULACION;-226515392;20:23:35.085985;20:24:37.965611;62879626
20;12;RESERVA/ANULACION;-234908096;20:23:35.086548;20:24:48.084390;72997842
20;12;RESERVA/ANULACION;-243300800;20:23:35.087079;20:24:58.197201;83110122
20;12;RESERVA/ANULACION;-251693504;20:23:35.087174;20:25:08.386579;93299405
20;12;RESERVA/ANULACION;-260086208;20:23:35.087415;20:25:18.594102;103506687
20;12;RESERVA/ANULACION;-268478912;20:23:35.095025;20:25:28.719202;113624177
20;12;RESERVA/ANULACION;-1176508864;20:23:35.074529;20:23:45.561279;10486750
20;12;RESERVA/ANULACION;-1184901568;20:23:35.075474;20:24:08.067940;32992466
20;12;RESERVA/ANULACION;-1193294272;20:23:35.075574;20:24:18.270956;43195382
20;12;RESERVA/ANULACION;-1201686976;20:23:35.076247;20:24:28.345303;53269056
20;12;RESERVA/ANULACION;-1210079680;20:23:35.076345;20:24:38.476695;63400350
20;12;RESERVA/ANULACION;-1226865088;20:23:35.076959;20:24:48.586947;73509988
20;12;RESERVA/ANULACION;-1218472384;20:23:35.077052;20:24:58.703069;83626017
20;12;RESERVA/ANULACION;-1235257792;20:23:35.077270;20:25:08.888002;93810732
20;12;RESERVA/ANULACION;-1243650496;20:23:35.077597;20:25:19.107143;104029546
20;12;RESERVA/ANULACION;-1252043200;20:23:35.078057;20:25:29.223392;114145335
20;12;RESERVA/ANULACION;1920984640;20:23:35.077055;20:23:46.986273;11909218
20;12;RESERVA/ANULACION;1912591936;20:23:35.077403;20:24:08.570482;33493079
20;12;RESERVA/ANULACION;1904199232;20:23:35.077731;20:24:18.776374;43698643
20;12;RESERVA/ANULACION;1895806528;20:23:35.078199;20:24:28.848908;53770709
20;12;RESERVA/ANULACION;1887413824;20:23:35.078901;20:24:38.999179;63920278
20;12;RESERVA/ANULACION;1879021120;20:23:35.079544;20:24:49.130952;74051408
20;12;RESERVA/ANULACION;1870628416;20:23:35.079910;20:24:59.208890;84128980
20;12;RESERVA/ANULACION;1862235712;20:23:35.080235;20:25:09.394551;94314316
20;12;RESERVA/ANULACION;1853843008;20:23:35.080514;20:25:19.613835;104533321
20;12;RESERVA/ANULACION;1845450304;20:23:35.080585;20:25:29.724331;114643746
20;12;RESERVA/ANULACION;1396696640;20:23:35.068861;20:23:48.360066;13291205
20;12;RESERVA/ANULACION;1388303936;20:23:35.073161;20:24:09.072451;33999290
20;12;RESERVA/ANULACION;1379911232;20:23:35.073349;20:24:19.277548;44204199
20;12;RESERVA/ANULACION;1371518528;20:23:35.076452;20:24:29.361325;54284873
20;12;RESERVA/ANULACION;1363125824;20:23:35.076516;20:24:39.501380;64424864
20;12;RESERVA/ANULACION;1354733120;20:23:35.076794;20:24:49.633991;74557197
20;12;RESERVA/ANULACION;1346340416;20:23:35.077198;20:24:59.724057;84646859
20;12;RESERVA/ANULACION;1337947712;20:23:35.078537;20:25:09.896261;94817724
20;12;RESERVA/ANULACION;1329555008;20:23:35.078649;20:25:20.117966;105039317
20;12;RESERVA/ANULACION;1321162304;20:23:35.079218;20:25:30.231662;115152444
20;12;RESERVA/ANULACION;1992287808;20:23:35.069242;20:23:49.664785;14595543
20;12;RESERVA/ANULACION;1983895104;20:23:35.074268;20:24:09.581990;34507722
20;12;RESERVA/ANULACION;1975502400;20:23:35.081875;20:24:19.783739;44701864
20;12;RESERVA/ANULACION;1967109696;20:23:35.085145;20:24:29.877541;54792396
20;12;RESERVA/ANULACION;1958716992;20:23:35.085475;20:24:40.005651;64920176
20;12;RESERVA/ANULACION;1950324288;20:23:35.085794;20:24:50.136949;75051155
20;12;RESERVA/ANULACION;1941931584;20:23:35.086125;20:25:00.300986;85214861
20;12;RESERVA/ANULACION;1933538880;20:23:35.086376;20:25:10.400659;95314283
20;12;RESERVA/ANULACION;1925146176;20:23:35.087417;20:25:20.627009;105539592
20;12;RESERVA/ANULACION;1916753472;20:23:35.087788;20:25:30.732511;115644723
20;12;RESERVA/ANULACION;1061152320;20:23:35.071326;20:23:50.971078;15899752
20;12;RESERVA/ANULACION;1052759616;20:23:35.074789;20:24:10.083542;35008753
20;12;RESERVA/ANULACION;1035974208;20:23:35.077142;20:24:20.286276;45209134
20;12;RESERVA/ANULACION;1027581504;20:23:35.077673;20:24:30.379632;55301959
20;12;RESERVA/ANULACION;1019188800;20:23:35.078093;20:24:40.509168;65431075
20;12;RESERVA/ANULACION;1044366912;20:23:35.078229;20:24:50.647666;75569437
20;12;RESERVA/ANULACION;1010796096;20:23:35.078381;20:25:00.802375;85723994
20;12;RESERVA/ANULACION;1002403392;20:23:35.078606;20:25:10.915449;95836843
20;12;RESERVA/ANULACION;994010688;20:23:35.081524;20:25:21.131895;106050371
20;12;RESERVA/ANULACION;985617984;20:23:35.083321;20:25:31.233876;116150555
20;12;RESERVA/ANULACION;-1291852224;20:23:35.078262;20:23:52.275373;17197111
20;12;RESERVA/ANULACION;-1300244928;20:23:35.081620;20:24:10.594640;35513020
20;12;RESERVA/ANULACION;-1308637632;20:23:35.082160;20:24:20.789682;45707522
20;12;RESERVA/ANULACION;-1317030336;20:23:35.085356;20:24:30.894088;55808732
20;12;RESERVA/ANULACION;-1325423040;20:23:35.085718;20:24:41.019835;65934117
20;12;RESERVA/ANULACION;-1333815744;20:23:35.086114;20:24:51.150084;76063970
20;12;RESERVA/ANULACION;-1342208448;20:23:35.086361;20:25:01.304054;86217693
20;12;RESERVA/ANULACION;-1350601152;20:23:35.086568;20:25:11.423271;96336703
20;12;RESERVA/ANULACION;-1358993856;20:23:35.087122;20:25:21.635822;106548700
20;12;RESERVA/ANULACION;-1367386560;20:23:35.087363;20:25:31.735051;116647688
20;12;RESERVA/ANULACION;1476388416;20:23:35.075138;20:23:53.584911;18509773
20;12;RESERVA/ANULACION;1467995712;20:23:35.084473;20:24:11.155608;36071135
20;12;RESERVA/ANULACION;1459603008;20:23:35.084534;20:24:21.290539;46206005
20;12;RESERVA/ANULACION;1451210304;20:23:35.084777;20:24:31.401280;56316503
20;12;RESERVA/ANULACION;1442817600;20:23:35.085070;20:24:41.531492;66446422
20;12;RESERVA/ANULACION;1434424896;20:23:35.085367;20:24:51.653482;76568115
20;12;RESERVA/ANULACION;1426032192;20:23:35.085759;20:25:01.806221;86720462
20;12;RESERVA/ANULACION;1417639488;20:23:35.086335;20:25:11.926858;96840523
20;12;RESERVA/ANULACION;1409246784;20:23:35.086936;20:25:22.137458;107050522
20;12;RESERVA/ANULACION;1400854080;20:23:35.087368;20:25:32.241773;117154405
20;12;RESERVA/ANULACION;-1132468672;20:23:35.076112;20:23:54.988890;19912778
20;12;RESERVA/ANULACION;-1140861376;20:23:35.076277;20:24:11.659091;36582814
20;12;RESERVA/ANULACION;-1149254080;20:23:35.076752;20:24:21.794841;46718089
20;12;RESERVA/ANULACION;-1157646784;20:23:35.077290;20:24:31.904282;56826992
20;12;RESERVA/ANULACION;-1166039488;20:23:35.080633;20:24:42.033262;66952629
20;12;RESERVA/ANULACION;-1174432192;20:23:35.080959;20:24:52.155709;77074750
20;12;RESERVA/ANULACION;-1182824896;20:23:35.081295;20:25:02.312627;87231332
20;12;RESERVA/ANULACION;-1191217600;20:23:35.081916;20:25:12.432504;97350588
20;12;RESERVA/ANULACION;-1199610304;20:23:35.083564;20:25:22.644188;107560624
20;12;RESERVA/ANULACION;-1208003008;20:23:35.083863;20:25:32.743473;117659610
20;12;RESERVA/ANULACION;-849353152;20:23:35.069235;20:23:56.304188;21234953
20;12;RESERVA/ANULACION;-857745856;20:23:35.072287;20:24:12.161252;37088965
20;12;RESERVA/ANULACION;-866138560;20:23:35.081791;20:24:22.296699;47214908
20;12;RESERVA/ANULACION;-874531264;20:23:35.083025;20:24:32.407006;57323981
20;12;RESERVA/ANULACION;-882923968;20:23:35.083419;20:24:42.535080;67451661
20;12;RESERVA/ANULACION;-891316672;20:23:35.084199;20:24:52.656169;77571970
20;12;RESERVA/ANULACION;-899709376;20:23:35.084249;20:25:02.844989;87760740
20;12;RESERVA/ANULACION;-908102080;20:23:35.084495;20:25:12.933909;97849414
20;12;RESERVA/ANULACION;-916494784;20:23:35.084515;20:25:23.158251;108073736
20;12;RESERVA/ANULACION;-924887488;20:23:35.086512;20:25:33.246112;118159600
20;12;RESERVA/ANULACION;811591232;20:23:35.078399;20:23:57.616530;22538131
20;12;RESERVA/ANULACION;803198528;20:23:35.079143;20:24:12.699856;37620713
20;12;RESERVA/ANULACION;794805824;20:23:35.080746;20:24:22.800035;47719289
20;12;RESERVA/ANULACION;786413120;20:23:35.081261;20:24:32.909373;57828112
20;12;RESERVA/ANULACION;778020416;20:23:35.081905;20:24:43.043313;67961408
20;12;RESERVA/ANULACION;769627712;20:23:35.086448;20:24:53.160847;78074399
20;12;RESERVA/ANULACION;761235008;20:23:35.086882;20:25:03.351860;88264978
20;12;RESERVA/ANULACION;752842304;20:23:35.087335;20:25:13.443434;98356099
20;12;RESERVA/ANULACION;744449600;20:23:35.087705;20:25:23.663746;108576041
20;12;RESERVA/ANULACION;736056896;20:23:35.087992;20:25:33.750423;118662431
20;12;RESERVA/ANULACION;-878713280;20:23:35.076540;20:23:58.922231;23845691
20;12;RESERVA/ANULACION;-887105984;20:23:35.080705;20:24:13.207294;38126589
20;12;RESERVA/ANULACION;-895498688;20:23:35.080806;20:24:23.302052;48221246
20;12;RESERVA/ANULACION;-903891392;20:23:35.081538;20:24:33.411712;58330174
20;12;RESERVA/ANULACION;-912284096;20:23:35.082500;20:24:43.546858;68464358
20;12;RESERVA/ANULACION;-920676800;20:23:35.083247;20:24:53.664118;78580871
20;12;RESERVA/ANULACION;-929069504;20:23:35.083453;20:25:03.854971;88771518
20;12;RESERVA/ANULACION;-937462208;20:23:35.083827;20:25:13.997668;98913841
20;12;RESERVA/ANULACION;-945854912;20:23:35.084146;20:25:24.166020;109081874
20;12;RESERVA/ANULACION;-954247616;20:23:35.084298;20:25:34.250787;119166489
20;12;RESERVA/ANULACION;1021306432;20:23:35.077943;20:24:00.228245;25150302
20;12;RESERVA/ANULACION;1012913728;20:23:35.078157;20:24:13.714501;38636344
20;12;RESERVA/ANULACION;996128320;20:23:35.081897;20:24:23.802906;48721009
20;12;RESERVA/ANULACION;987735616;20:23:35.083254;20:24:33.923093;58839839
20;12;RESERVA/ANULACION;979342912;20:23:35.083534;20:24:44.049557;68966023
20;12;RESERVA/ANULACION;1004521024;20:23:35.083892;20:24:54.167054;79083162
20;12;RESERVA/ANULACION;970950208;20:23:35.083984;20:25:04.356665;89272681
20;12;RESERVA/ANULACION;962557504;20:23:35.084429;20:25:14.535782;99451353
20;12;RESERVA/ANULACION;954164800;20:23:35.084624;20:25:24.667706;109583082
20;12;RESERVA/ANULACION;945772096;20:23:35.084889;20:25:34.751179;119666290
20;12;RESERVA/ANULACION;274720320;20:23:35.072808;20:24:01.535710;26462902
20;12;RESERVA/ANULACION;266327616;20:23:35.073717;20:24:14.217298;39143581
20;12;RESERVA/ANULACION;257934912;20:23:35.076232;20:24:24.306449;49230217
20;12;RESERVA/ANULACION;249542208;20:23:35.076915;20:24:34.427683;59350768
20;12;RESERVA/ANULACION;241149504;20:23:35.077307;20:24:44.552405;69475098
20;12;RESERVA/ANULACION;232756800;20:23:35.077721;20:24:54.671722;79594001
20;12;RESERVA/ANULACION;215971392;20:23:35.078676;20:25:04.863587;89784911
20;12;RESERVA/ANULACION;207578688;20:23:35.079324;20:25:15.041967;99962643
20;12;RESERVA/ANULACION;224364096;20:23:35.079515;20:25:25.168636;110089121
20;12;RESERVA/ANULACION;199185984;20:23:35.079886;20:25:35.253287;120173401
20;12;RESERVA/ANULACION;-748689856;20:23:35.073233;20:24:02.860919;27787686
20;12;RESERVA/ANULACION;-757082560;20:23:35.078493;20:24:14.720060;39641567
20;12;RESERVA/ANULACION;-765475264;20:23:35.079122;20:24:24.811328;49732206
20;12;RESERVA/ANULACION;-773867968;20:23:35.079981;20:24:34.929657;59849676
20;12;RESERVA/ANULACION;-782260672;20:23:35.080267;20:24:45.055759;69975492
20;12;RESERVA/ANULACION;-790653376;20:23:35.080851;20:24:55.187522;80106671
20;12;RESERVA/ANULACION;-799046080;20:23:35.082275;20:25:05.367200;90284925
20;12;RESERVA/ANULACION;-807438784;20:23:35.083283;20:25:15.548670;100465387
20;12;RESERVA/ANULACION;-815831488;20:23:35.083800;20:25:25.703356;110619556
20;12;RESERVA/ANULACION;-824224192;20:23:35.084292;20:25:35.756072;120671780
20;12;RESERVA/ANULACION;761259584;20:23:35.081674;20:24:04.181055;29099381
20;12;RESERVA/ANULACION;752866880;20:23:35.082533;20:24:15.222548;40140015
20;12;RESERVA/ANULACION;744474176;20:23:35.083792;20:24:25.330947;50247155
20;12;RESERVA/ANULACION;736081472;20:23:35.084053;20:24:35.434644;60350591
20;12;RESERVA/ANULACION;727688768;20:23:35.084326;20:24:45.558046;70473720
20;12;RESERVA/ANULACION;719296064;20:23:35.084912;20:24:55.688976;80604064
20;12;RESERVA/ANULACION;710903360;20:23:35.085285;20:25:05.871742;90786457
20;12;RESERVA/ANULACION;702510656;20:23:35.085370;20:25:16.056995;100971625
20;12;RESERVA/ANULACION;694117952;20:23:35.085554;20:25:26.208871;111123317
20;12;RESERVA/ANULACION;685725248;20:23:35.085858;20:25:36.256580;121170722