5;14;RESERVA/ANULACION;-56629696;15:18:05.933334;15:18:07.320332;1386998
5;14;RESERVA/ANULACION;-65022400;15:18:05.933461;15:18:16.672556;10739095
5;14;RESERVA/ANULACION;-73415104;15:18:05.933547;15:18:19.191931;13258384
5;14;RESERVA/ANULACION;-81807808;15:18:05.934643;15:18:21.712117;15777474
5;14;RESERVA/ANULACION;-90200512;15:18:05.934719;15:18:24.219953;18285234
5;14;RESERVA/ANULACION;-98593216;15:18:05.934923;15:18:26.740371;20805448
5;14;RESERVA/ANULACION;-106985920;15:18:05.935161;15:18:29.272928;23337767
5;14;RESERVA/ANULACION;-115378624;15:18:05.935317;15:18:31.781295;25845978
5;14;RESERVA/ANULACION;-123771328;15:18:05.935525;15:18:34.292456;28356931
5;14;RESERVA/ANULACION;-132164032;15:18:05.935758;15:18:36.852372;30916614
5;14;RESERVA/ANULACION;-387979712;15:18:05.933396;15:18:09.804683;3871287
5;14;RESERVA/ANULACION;-396372416;15:18:05.933517;15:18:17.177887;11244370
5;14;RESERVA/ANULACION;-404765120;15:18:05.933544;15:18:19.705159;13771615
5;14;RESERVA/ANULACION;-413157824;15:18:05.933875;15:18:22.213592;16279717
5;14;RESERVA/ANULACION;-421550528;15:18:05.934019;15:18:24.723184;18789165
5;14;RESERVA/ANULACION;-429943232;15:18:05.934279;15:18:27.250041;21315762
5;14;RESERVA/ANULACION;-438335936;15:18:05.934324;15:18:29.774204;23839880
5;14;RESERVA/ANULACION;-446728640;15:18:05.934764;15:18:32.283415;26348651
5;14;RESERVA/ANULACION;-455121344;15:18:05.934836;15:18:34.811430;28876594
5;14;RESERVA/ANULACION;-463514048;15:18:05.934951;15:18:37.356282;31421331
5;14;RESERVA/ANULACION;-1356863936;15:18:05.933665;15:18:11.932625;5998960
5;14;RESERVA/ANULACION;-1365256640;15:18:05.934300;15:18:17.687258;11752958
5;14;RESERVA/ANULACION;-1373649344;15:18:05.934592;15:18:20.208170;14273578
5;14;RESERVA/ANULACION;-1382042048;15:18:05.934684;15:18:22.715595;16780911
5;14;RESERVA/ANULACION;-1390434752;15:18:05.934851;15:18:25.227269;19292418
5;14;RESERVA/ANULACION;-1398827456;15:18:05.935048;15:18:27.752037;21816989
5;14;RESERVA/ANULACION;-1407220160;15:18:05.935252;15:18:30.275273;24340021
5;14;RESERVA/ANULACION;-1415612864;15:18:05.935478;15:18:32.784634;26849156
5;14;RESERVA/ANULACION;-1424005568;15:18:05.935592;15:18:35.336059;29400467
5;14;RESERVA/ANULACION;-1432398272;15:18:05.936499;15:18:37.908144;31971645
5;14;RESERVA/ANULACION;-1897929152;15:18:05.933523;15:18:14.051271;8117748
5;14;RESERVA/ANULACION;-1906321856;15:18:05.934230;15:18:18.187910;12253680
5;14;RESERVA/ANULACION;-1914714560;15:18:05.934358;15:18:20.709931;14775573
5;14;RESERVA/ANULACION;-1923107264;15:18:05.934500;15:18:23.216816;17282316
5;14;RESERVA/ANULACION;-1931499968;15:18:05.934641;15:18:25.738076;19803435
5;14;RESERVA/ANULACION;-1939892672;15:18:05.934748;15:18:28.259627;22324879
5;14;RESERVA/ANULACION;-1948285376;15:18:05.934905;15:18:30.776813;24841908
5;14;RESERVA/ANULACION;-1956678080;15:18:05.935020;15:18:33.289707;27354687
5;14;RESERVA/ANULACION;-1965070784;15:18:05.935157;15:18:35.839183;29904026
5;14;RESERVA/ANULACION;-1973463488;15:18:05.935297;15:18:38.408923;32473626
5;14;RESERVA/ANULACION;-377493952;15:18:05.933478;15:18:06.781651;848173
5;14;RESERVA/ANULACION;-385886656;15:18:05.933583;15:18:16.169627;10236044
5;14;RESERVA/ANULACION;-394279360;15:18:05.933671;15:18:18.691187;12757516
5;14;RESERVA/ANULACION;-402672064;15:18:05.933766;15:18:21.211172;15277406
5;14;RESERVA/ANULACION;-411064768;15:18:05.933866;15:18:23.718672;17784806
5;14;RESERVA/ANULACION;-419457472;15:18:05.933899;15:18:26.239344;20305445
5;14;RESERVA/ANULACION;-427850176;15:18:05.934154;15:18:28.771583;22837429
5;14;RESERVA/ANULACION;-436242880;15:18:05.934406;15:18:31.278411;25344005
5;14;RESERVA/ANULACION;-444635584;15:18:05.934866;15:18:33.791073;27856207
5;14;RESERVA/ANULACION;-453028288;15:18:05.935035;15:18:36.348778;30413743
10;14;RESERVA/ANULACION;1694492224;15:24:05.873743;15:24:07.703641;1829898
10;14;RESERVA/ANULACION;1686099520;15:24:05.873846;15:24:28.988919;23115073
10;14;RESERVA/ANULACION;1677706816;15:24:05.873934;15:24:34.051851;28177917
10;14;RESERVA/ANULACION;1669314112;15:24:05.874066;15:24:39.267094;33393028
10;14;RESERVA/ANULACION;1660921408;15:24:05.874169;15:24:44.400477;38526308
10;14;RESERVA/ANULACION;1652528704;15:24:05.874329;15:24:49.491665;43617336
10;14;RESERVA/ANULACION;1644136000;15:24:05.874468;15:24:54.738771;48864303
10;14;RESERVA/ANULACION;1635743296;15:24:05.876095;15:24:59.881227;54005132
10;14;RESERVA/ANULACION;1627350592;15:24:05.876630;15:25:04.935078;59058448
10;14;RESERVA/ANULACION;1618957888;15:24:05.876795;15:25:09.986039;64109244
10;14;RESERVA/ANULACION;-207624640;15:24:05.874859;15:24:09.822928;3948069
10;14;RESERVA/ANULACION;-216017344;15:24:05.876519;15:24:29.491758;23615239
10;14;RESERVA/ANULACION;-224410048;15:24:05.876791;15:24:34.556634;28679843
10;14;RESERVA/ANULACION;-232802752;15:24:05.876800;15:24:39.774382;33897582
10;14;RESERVA/ANULACION;-241195456;15:24:05.877133;15:24:44.907073;39029940
10;14;RESERVA/ANULACION;-249588160;15:24:05.877337;15:24:49.999379;44122042
10;14;RESERVA/ANULACION;-257980864;15:24:05.877570;15:24:55.246196;49368626
10;14;RESERVA/ANULACION;-266373568;15:24:05.877768;15:25:00.384245;54506477
10;14;RESERVA/ANULACION;-274766272;15:24:05.877968;15:25:05.437831;59559863
10;14;RESERVA/ANULACION;-283158976;15:24:05.878486;15:25:10.548228;64669742
10;14;RESERVA/ANULACION;828368448;15:24:05.873371;15:24:11.927950;6054579
10;14;RESERVA/ANULACION;819975744;15:24:05.874109;15:24:29.993331;24119222
10;14;RESERVA/ANULACION;811583040;15:24:05.874802;15:24:35.059540;29184738
10;14;RESERVA/ANULACION;803190336;15:24:05.876504;15:24:40.283779;34407275
10;14;RESERVA/ANULACION;794797632;15:24:05.877628;15:24:45.431818;39554190
10;14;RESERVA/ANULACION;786404928;15:24:05.877806;15:24:50.504335;44626529
10;14;RESERVA/ANULACION;778012224;15:24:05.877985;15:24:55.751336;49873351
10;14;RESERVA/ANULACION;769619520;15:24:05.878280;15:25:00.907004;55028724
10;14;RESERVA/ANULACION;761226816;15:24:05.878458;15:25:05.941377;60062919
10;14;RESERVA/ANULACION;752834112;15:24:05.878650;15:25:11.053502;65174852
10;14;RESERVA/ANULACION;-2120227264;15:24:05.874696;15:24:14.037126;8162430
10;14;RESERVA/ANULACION;-2128619968;15:24:05.874785;15:24:30.494230;24619445
10;14;RESERVA/ANULACION;-2137012672;15:24:05.875738;15:24:35.566369;29690631
10;14;RESERVA/ANULACION;-2145405376;15:24:05.875835;15:24:40.803967;34928132
10;14;RESERVA/ANULACION;2141169216;15:24:05.876011;15:24:45.934846;40058835
10;14;RESERVA/ANULACION;2132776512;15:24:05.876072;15:24:51.093093;45217021
10;14;RESERVA/ANULACION;2124383808;15:24:05.876219;15:24:56.271474;50395255
10;14;RESERVA/ANULACION;2115991104;15:24:05.876368;15:25:01.408575;55532207
10;14;RESERVA/ANULACION;2107598400;15:24:05.876498;15:25:06.444415;60567917
10;14;RESERVA/ANULACION;2099205696;15:24:05.876673;15:25:11.557245;65680572
10;14;RESERVA/ANULACION;-1061165504;15:24:05.874756;15:24:16.195273;10320517
10;14;RESERVA/ANULACION;-1069558208;15:24:05.875601;15:24:30.995308;25119707
10;14;RESERVA/ANULACION;-1077950912;15:24:05.875912;15:24:36.089087;30213175
10;14;RESERVA/ANULACION;-1086343616;15:24:05.876028;15:24:41.329747;35453719
10;14;RESERVA/ANULACION;-1094736320;15:24:05.876171;15:24:46.436126;40559955
10;14;RESERVA/ANULACION;-1103129024;15:24:05.876193;15:24:51.596940;45720747
10;14;RESERVA/ANULACION;-1111521728;15:24:05.877271;15:24:56.775002;50897731
10;14;RESERVA/ANULACION;-1119914432;15:24:05.877480;15:25:01.920046;56042566
10;14;RESERVA/ANULACION;-1128307136;15:24:05.877745;15:25:06.952939;61075194
10;14;RESERVA/ANULACION;-1136699840;15:24:05.877931;15:25:12.062972;66185041
10;14;RESERVA/ANULACION;-885004736;15:24:05.874595;15:24:18.312628;12438033
10;14;RESERVA/ANULACION;-893397440;15:24:05.874601;15:24:31.510678;25636077
10;14;RESERVA/ANULACION;-901790144;15:24:05.874900;15:24:36.653397;30778497
10;14;RESERVA/ANULACION;-910182848;15:24:05.874992;15:24:41.834269;35959277
10;14;RESERVA/ANULACION;-918575552;15:24:05.875071;15:24:46.947148;41072077
10;14;RESERVA/ANULACION;-926968256;15:24:05.875265;15:24:52.158240;46282975
10;14;RESERVA/ANULACION;-935360960;15:24:05.875448;15:24:57.276812;51401364
10;14;RESERVA/ANULACION;-943753664;15:24:05.875783;15:25:02.422956;56547173
10;14;RESERVA/ANULACION;-952146368;15:24:05.875795;15:25:07.459589;61583794
10;14;RESERVA/ANULACION;-960539072;15:24:05.878178;15:25:12.575751;66697573
10;14;RESERVA/ANULACION;-400562624;15:24:05.873867;15:24:20.430517;14556650
10;14;RESERVA/ANULACION;-408955328;15:24:05.874061;15:24:32.012480;26138419
10;14;RESERVA/ANULACION;-417348032;15:24:05.874191;15:24:37.164208;31290017
10;14;RESERVA/ANULACION;-425740736;15:24:05.874291;15:24:42.337401;36463110
10;14;RESERVA/ANULACION;-434133440;15:24:05.874497;15:24:47.458839;41584342
10;14;RESERVA/ANULACION;-450918848;15:24:05.878124;15:24:52.664886;46786762
10;14;RESERVA/ANULACION;-442526144;15:24:05.878461;15:24:57.843912;51965451
10;14;RESERVA/ANULACION;-459311552;15:24:05.878612;15:25:02.927774;57049162
10;14;RESERVA/ANULACION;-467704256;15:24:05.884536;15:25:07.962222;62077686
10;14;RESERVA/ANULACION;-476096960;15:24:05.884935;15:25:13.088412;67203477
10;14;RESERVA/ANULACION;-1140857280;15:24:05.873451;15:24:22.572220;16698769
10;14;RESERVA/ANULACION;-1149249984;15:24:05.873795;15:24:32.516593;26642798
10;14;RESERVA/ANULACION;-1157642688;15:24:05.873889;15:24:37.669707;31795818
10;14;RESERVA/ANULACION;-1166035392;15:24:05.874080;15:24:42.840801;36966721
10;14;RESERVA/ANULACION;-1174428096;15:24:05.875778;15:24:47.959677;42083899
10;14;RESERVA/ANULACION;-1182820800;15:24:05.878160;15:24:53.166239;47288079
10;14;RESERVA/ANULACION;-1191213504;15:24:05.878373;15:24:58.353304;52474931
10;14;RESERVA/ANULACION;-1199606208;15:24:05.882667;15:25:03.429393;57546726
10;14;RESERVA/ANULACION;-1207998912;15:24:05.884549;15:25:08.464096;62579547
10;14;RESERVA/ANULACION;-1216391616;15:24:05.884851;15:25:13.592749;67707898
10;14;RESERVA/ANULACION;48223808;15:24:05.874141;15:24:24.743500;18869359
10;14;RESERVA/ANULACION;39831104;15:24:05.874202;15:24:33.028348;27154146
10;14;RESERVA/ANULACION;56616512;15:24:05.874271;15:24:38.248366;32374095
10;14;RESERVA/ANULACION;31438400;15:24:05.874309;15:24:43.364545;37490236
10;14;RESERVA/ANULACION;23045696;15:24:05.874456;15:24:48.461619;42587163
10;14;RESERVA/ANULACION;14652992;15:24:05.874620;15:24:53.676731;47802111
10;14;RESERVA/ANULACION;6260288;15:24:05.874940;15:24:58.859798;52984858
10;14;RESERVA/ANULACION;-2132416;15:24:05.875659;15:25:03.931027;58055368
10;14;RESERVA/ANULACION;-10525120;15:24:05.875699;15:25:08.965719;63090020
10;14;RESERVA/ANULACION;-18917824;15:24:05.875714;15:25:14.096489;68220775
10;14;RESERVA/ANULACION;1669326400;15:24:05.876344;15:24:26.866437;20990093
10;14;RESERVA/ANULACION;1660933696;15:24:05.876566;15:24:33.532022;27655456
10;14;RESERVA/ANULACION;1652540992;15:24:05.876614;15:24:38.749705;32873091
10;14;RESERVA/ANULACION;1644148288;15:24:05.876657;15:24:43.894287;38017630
10;14;RESERVA/ANULACION;1635755584;15:24:05.876808;15:24:48.975521;43098713
10;14;RESERVA/ANULACION;1627362880;15:24:05.876963;15:24:54.232986;48356023
10;14;RESERVA/ANULACION;1618970176;15:24:05.877186;15:24:59.373969;53496783
10;14;RESERVA/ANULACION;1610577472;15:24:05.877409;15:25:04.434084;58556675
10;14;RESERVA/ANULACION;1602184768;15:24:05.877642;15:25:09.467337;63589695
10;14;RESERVA/ANULACION;1593792064;15:24:05.877740;15:25:14.597466;68719726
15;14;RESERVA/ANULACION;830465600;15:27:55.257362;15:27:58.190834;2933472
15;14;RESERVA/ANULACION;822072896;15:27:55.260789;15:28:30.397111;35136322
15;14;RESERVA/ANULACION;813680192;15:27:55.261108;15:28:37.970232;42709124
15;14;RESERVA/ANULACION;805287488;15:27:55.261313;15:28:45.562698;50301385
15;14;RESERVA/ANULACION;796894784;15:27:55.261491;15:28:53.108748;57847257
15;14;RESERVA/ANULACION;788502080;15:27:55.261771;15:29:00.712983;65451212
15;14;RESERVA/ANULACION;780109376;15:27:55.262123;15:29:08.303448;73041325
15;14;RESERVA/ANULACION;771716672;15:27:55.262335;15:29:15.902256;80639921
15;14;RESERVA/ANULACION;763323968;15:27:55.262877;15:29:23.511678;88248801
15;14;RESERVA/ANULACION;754931264;15:27:55.263201;15:29:31.193925;95930724
15;14;RESERVA/ANULACION;517989952;15:27:55.260546;15:28:00.310706;5050160
15;14;RESERVA/ANULACION;509597248;15:27:55.261068;15:28:30.899041;35637973
15;14;RESERVA/ANULACION;501204544;15:27:55.261240;15:28:38.472914;43211674
15;14;RESERVA/ANULACION;492811840;15:27:55.261521;15:28:46.066271;50804750
15;14;RESERVA/ANULACION;484419136;15:27:55.261693;15:28:53.614885;58353192
15;14;RESERVA/ANULACION;476026432;15:27:55.261880;15:29:01.224212;65962332
15;14;RESERVA/ANULACION;467633728;15:27:55.262126;15:29:08.811487;73549361
15;14;RESERVA/ANULACION;459241024;15:27:55.262295;15:29:16.405065;81142770
15;14;RESERVA/ANULACION;450848320;15:27:55.262434;15:29:24.014917;88752483
15;14;RESERVA/ANULACION;442455616;15:27:55.262621;15:29:31.699521;96436900
15;14;RESERVA/ANULACION;817882688;15:27:55.257897;15:28:02.484402;7226505
15;14;RESERVA/ANULACION;809489984;15:27:55.258119;15:28:31.400334;36142215
15;14;RESERVA/ANULACION;801097280;15:27:55.258171;15:28:38.973906;43715735
15;14;RESERVA/ANULACION;792704576;15:27:55.262091;15:28:46.569514;51307423
15;14;RESERVA/ANULACION;784311872;15:27:55.266970;15:28:54.116977;58850007
15;14;RESERVA/ANULACION;775919168;15:27:55.267044;15:29:01.731097;66464053
15;14;RESERVA/ANULACION;767526464;15:27:55.267109;15:29:09.322200;74055091
15;14;RESERVA/ANULACION;759133760;15:27:55.267172;15:29:16.965348;81698176
15;14;RESERVA/ANULACION;750741056;15:27:55.267237;15:29:24.520694;89253457
15;14;RESERVA/ANULACION;742348352;15:27:55.267262;15:29:32.224730;96957468
15;14;RESERVA/ANULACION;167765568;15:27:55.259245;15:28:04.593483;9334238
15;14;RESERVA/ANULACION;159372864;15:27:55.259419;15:28:31.909741;36650322
15;14;RESERVA/ANULACION;150980160;15:27:55.262956;15:28:39.476526;44213570
15;14;RESERVA/ANULACION;142587456;15:27:55.263184;15:28:47.070534;51807350
15;14;RESERVA/ANULACION;125802048;15:27:55.263567;15:28:54.619670;59356103
15;14;RESERVA/ANULACION;134194752;15:27:55.263714;15:29:02.236051;66972337
15;14;RESERVA/ANULACION;117409344;15:27:55.263738;15:29:09.840601;74576863
15;14;RESERVA/ANULACION;109016640;15:27:55.264009;15:29:17.477778;82213769
15;14;RESERVA/ANULACION;100623936;15:27:55.264328;15:29:25.112960;89848632
15;14;RESERVA/ANULACION;92231232;15:27:55.264362;15:29:32.726816;97462454
15;14;RESERVA/ANULACION;1776281152;15:27:55.255809;15:28:06.828786;11572977
15;14;RESERVA/ANULACION;1767888448;15:27:55.259145;15:28:32.418455;37159310
15;14;RESERVA/ANULACION;1759495744;15:27:55.259627;15:28:39.977240;44717613
15;14;RESERVA/ANULACION;1751103040;15:27:55.259902;15:28:47.571998;52312096
15;14;RESERVA/ANULACION;1742710336;15:27:55.259989;15:28:55.122490;59862501
15;14;RESERVA/ANULACION;1734317632;15:27:55.260212;15:29:02.740224;67480012
15;14;RESERVA/ANULACION;1725924928;15:27:55.260267;15:29:10.361750;75101483
15;14;RESERVA/ANULACION;1717532224;15:27:55.260351;15:29:17.980332;82719981
15;14;RESERVA/ANULACION;1709139520;15:27:55.260404;15:29:25.618974;90358570
15;14;RESERVA/ANULACION;1700746816;15:27:55.260435;15:29:33.229041;97968606
15;14;RESERVA/ANULACION;924837440;15:27:55.261186;15:28:08.957623;13696437
15;14;RESERVA/ANULACION;916444736;15:27:55.261640;15:28:32.934625;37672985
15;14;RESERVA/ANULACION;908052032;15:27:55.261912;15:28:40.484944;45223032
15;14;RESERVA/ANULACION;899659328;15:27:55.262148;15:28:48.073983;52811835
15;14;RESERVA/ANULACION;891266624;15:27:55.262492;15:28:55.636392;60373900
15;14;RESERVA/ANULACION;882873920;15:27:55.262807;15:29:03.244455;67981648
15;14;RESERVA/ANULACION;874481216;15:27:55.263025;15:29:10.862377;75599352
15;14;RESERVA/ANULACION;866088512;15:27:55.263159;15:29:18.481983;83218824
15;14;RESERVA/ANULACION;857695808;15:27:55.263449;15:29:26.126709;90863260
15;14;RESERVA/ANULACION;849303104;15:27:55.263716;15:29:33.745795;98482079
15;14;RESERVA/ANULACION;-132127168;15:27:55.261430;15:28:11.086229;15824799
15;14;RESERVA/ANULACION;-140519872;15:27:55.261665;15:28:33.446350;38184685
15;14;RESERVA/ANULACION;-148912576;15:27:55.261931;15:28:40.986478;45724547
15;14;RESERVA/ANULACION;-157305280;15:27:55.262141;15:28:48.576782;53314641
15;14;RESERVA/ANULACION;-165697984;15:27:55.262314;15:28:56.140037;60877723
15;14;RESERVA/ANULACION;-174090688;15:27:55.263223;15:29:03.746012;68482789
15;14;RESERVA/ANULACION;-182483392;15:27:55.264027;15:29:11.369784;76105757
15;14;RESERVA/ANULACION;-190876096;15:27:55.266126;15:29:18.983756;83717630
15;14;RESERVA/ANULACION;-199268800;15:27:55.266193;15:29:26.639299;91373106
15;14;RESERVA/ANULACION;-207661504;15:27:55.266218;15:29:34.247495;98981277
15;14;RESERVA/ANULACION;1969219136;15:27:55.257774;15:28:13.301070;18043296
15;14;RESERVA/ANULACION;1960826432;15:27:55.259280;15:28:33.948245;38688965
15;14;RESERVA/ANULACION;1952433728;15:27:55.262374;15:28:41.488014;46225640
15;14;RESERVA/ANULACION;1944041024;15:27:55.262651;15:28:49.082614;53819963
15;14;RESERVA/ANULACION;1935648320;15:27:55.267499;15:28:56.644128;61376629
15;14;RESERVA/ANULACION;1927255616;15:27:55.267946;15:29:04.257339;68989393
15;14;RESERVA/ANULACION;1918862912;15:27:55.268000;15:29:11.880016;76612016
15;14;RESERVA/ANULACION;1910470208;15:27:55.268151;15:29:19.485866;84217715
15;14;RESERVA/ANULACION;1902077504;15:27:55.268294;15:29:27.141473;91873179
15;14;RESERVA/ANULACION;1893684800;15:27:55.268393;15:29:34.750670;99482277
15;14;RESERVA/ANULACION;-1918900672;15:27:55.259680;15:28:15.451097;20191417
15;14;RESERVA/ANULACION;-1927293376;15:27:55.259730;15:28:34.451670;39191940
15;14;RESERVA/ANULACION;-1935686080;15:27:55.259977;15:28:41.989982;46730005
15;14;RESERVA/ANULACION;-1944078784;15:27:55.260151;15:28:49.585963;54325812
15;14;RESERVA/ANULACION;-1952471488;15:27:55.262227;15:28:57.148468;61886241
15;14;RESERVA/ANULACION;-1960864192;15:27:55.262297;15:29:04.763188;69500891
15;14;RESERVA/ANULACION;-1969256896;15:27:55.263367;15:29:12.382665;77119298
15;14;RESERVA/ANULACION;-1977649600;15:27:55.263427;15:29:19.989838;84726411
15;14;RESERVA/ANULACION;-1986042304;15:27:55.263813;15:29:27.643275;92379462
15;14;RESERVA/ANULACION;-1994435008;15:27:55.263898;15:29:35.251697;99987799
15;14;RESERVA/ANULACION;929031744;15:27:55.258018;15:28:17.578450;22320432
15;14;RESERVA/ANULACION;920639040;15:27:55.258192;15:28:34.953485;39695293
15;14;RESERVA/ANULACION;912246336;15:27:55.259686;15:28:42.500709;47241023
15;14;RESERVA/ANULACION;903853632;15:27:55.259948;15:28:50.087307;54827359
15;14;RESERVA/ANULACION;895460928;15:27:55.260469;15:28:57.652640;62392171
15;14;RESERVA/ANULACION;887068224;15:27:55.260603;15:29:05.264941;70004338
15;14;RESERVA/ANULACION;878675520;15:27:55.261134;15:29:12.883857;77622723
15;14;RESERVA/ANULACION;870282816;15:27:55.261553;15:29:20.491927;85230374
15;14;RESERVA/ANULACION;861890112;15:27:55.261975;15:29:28.151234;92889259
15;14;RESERVA/ANULACION;853497408;15:27:55.262340;15:29:35.753932;100491592
15;14;RESERVA/ANULACION;1228924480;15:27:55.260957;15:28:19.713101;24452144
15;14;RESERVA/ANULACION;1220531776;15:27:55.262410;15:28:35.454674;40192264
15;14;RESERVA/ANULACION;1212139072;15:27:55.262844;15:28:43.018102;47755258
15;14;RESERVA/ANULACION;1203746368;15:27:55.264016;15:28:50.591672;55327656
15;14;RESERVA/ANULACION;1195353664;15:27:55.266290;15:28:58.160477;62894187
15;14;RESERVA/ANULACION;1186960960;15:27:55.266374;15:29:05.773895;70507521
15;14;RESERVA/ANULACION;1178568256;15:27:55.266538;15:29:13.386964;78120426
15;14;RESERVA/ANULACION;1170175552;15:27:55.266723;15:29:20.995149;85728426
15;14;RESERVA/ANULACION;1161782848;15:27:55.266834;15:29:28.657462;93390628
15;14;RESERVA/ANULACION;1153390144;15:27:55.267358;15:29:36.255170;100987812
15;14;RESERVA/ANULACION;910157376;15:27:55.258241;15:28:21.876580;26618339
15;14;RESERVA/ANULACION;901764672;15:27:55.259371;15:28:35.958741;40699370
15;14;RESERVA/ANULACION;893371968;15:27:55.259471;15:28:43.531359;48271888
15;14;RESERVA/ANULACION;884979264;15:27:55.259513;15:28:51.094920;55835407
15;14;RESERVA/ANULACION;876586560;15:27:55.259556;15:28:58.661498;63401942
15;14;RESERVA/ANULACION;859801152;15:27:55.263712;15:29:06.276325;71012613
15;14;RESERVA/ANULACION;851408448;15:27:55.263871;15:29:13.893221;78629350
15;14;RESERVA/ANULACION;843015744;15:27:55.264259;15:29:21.496023;86231764
15;14;RESERVA/ANULACION;834623040;15:27:55.266478;15:29:29.161055;93894577
15;14;RESERVA/ANULACION;868193856;15:27:55.267994;15:29:36.756423;101488429
15;14;RESERVA/ANULACION;868214336;15:27:55.260696;15:28:23.987902;28727206
15;14;RESERVA/ANULACION;859821632;15:27:55.261031;15:28:36.459395;41198364
15;14;RESERVA/ANULACION;851428928;15:27:55.263428;15:28:44.035057;48771629
15;14;RESERVA/ANULACION;843036224;15:27:55.263451;15:28:51.597102;56333651
15;14;RESERVA/ANULACION;834643520;15:27:55.263868;15:28:59.163223;63899355
15;14;RESERVA/ANULACION;826250816;15:27:55.264043;15:29:06.796944;71532901
15;14;RESERVA/ANULACION;817858112;15:27:55.268219;15:29:14.396327;79128108
15;14;RESERVA/ANULACION;809465408;15:27:55.268361;15:29:22.000126;86731765
15;14;RESERVA/ANULACION;801072704;15:27:55.268521;15:29:29.663487;94394966
15;14;RESERVA/ANULACION;792680000;15:27:55.271227;15:29:37.257378;101986151
15;14;RESERVA/ANULACION;1231021632;15:27:55.262198;15:28:26.115753;30853555
15;14;RESERVA/ANULACION;1222628928;15:27:55.263041;15:28:36.963582;41700541
15;14;RESERVA/ANULACION;1214236224;15:27:55.263478;15:28:44.539922;49276444
15;14;RESERVA/ANULACION;1205843520;15:27:55.264250;15:28:52.100558;56836308
15;14;RESERVA/ANULACION;1197450816;15:27:55.268750;15:28:59.694634;64425884
15;14;RESERVA/ANULACION;1189058112;15:27:55.270820;15:29:07.298070;72027250
15;14;RESERVA/ANULACION;1180665408;15:27:55.271024;15:29:14.897805;79626781
15;14;RESERVA/ANULACION;1172272704;15:27:55.271096;15:29:22.501738;87230642
15;14;RESERVA/ANULACION;1163880000;15:27:55.271170;15:29:30.182413;94911243
15;14;RESERVA/ANULACION;1155487296;15:27:55.271198;15:29:37.771974;102500776
15;14;RESERVA/ANULACION;-1396709824;15:27:55.261568;15:28:28.265095;33003527
15;14;RESERVA/ANULACION;-1405102528;15:27:55.261825;15:28:37.466917;42205092
15;14;RESERVA/ANULACION;-1413495232;15:27:55.261902;15:28:45.049316;49787414
15;14;RESERVA/ANULACION;-1421887936;15:27:55.261939;15:28:52.602789;57340850
15;14;RESERVA/ANULACION;-1430280640;15:27:55.262463;15:29:00.205284;64942821
15;14;RESERVA/ANULACION;-1438673344;15:27:55.262918;15:29:07.800531;72537613
15;14;RESERVA/ANULACION;-1447066048;15:27:55.263161;15:29:15.399668;80136507
15;14;RESERVA/ANULACION;-1455458752;15:27:55.267666;15:29:23.003919;87736253
15;14;RESERVA/ANULACION;-1463851456;15:27:55.267795;15:29:30.685443;95417648
15;14;RESERVA/ANULACION;-1472244160;15:27:55.267980;15:29:38.275771;103007791
20;14;RESERVA/ANULACION;-1356863936;15:31:16.496505;15:31:20.413407;3916902
20;14;RESERVA/ANULACION;-1365256640;15:31:16.500267;15:32:03.281392;46781125
20;14;RESERVA/ANULACION;-1373649344;15:31:16.501974;15:32:13.604774;57102800
20;14;RESERVA/ANULACION;-1382042048;15:31:16.504596;15:32:23.806383;67301787
20;14;RESERVA/ANULACION;-1390434752;15:31:16.506028;15:32:33.977438;77471410
20;14;RESERVA/ANULACION;-1398827456;15:31:16.506179;15:32:44.087735;87581556
20;14;RESERVA/ANULACION;-1407220160;15:31:16.508169;15:32:54.203521;97695352
20;14;RESERVA/ANULACION;-1415612864;15:31:16.508300;15:33:04.319705;107811405
20;14;RESERVA/ANULACION;-1424005568;15:31:16.508945;15:33:14.416035;117907090
20;14;RESERVA/ANULACION;-1432398272;15:31:16.509302;15:33:24.633626;128124324
20;14;RESERVA/ANULACION;-599792064;15:31:16.503287;15:31:22.541865;6038578
20;14;RESERVA/ANULACION;-608184768;15:31:16.503414;15:32:03.784437;47281023
20;14;RESERVA/ANULACION;-616577472;15:31:16.503912;15:32:14.107406;57603494
20;14;RESERVA/ANULACION;-633362880;15:31:16.504173;15:32:24.308742;67804569
20;14;RESERVA/ANULACION;-624970176;15:31:16.504571;15:32:34.479303;77974732
20;14;RESERVA/ANULACION;-641755584;15:31:16.505053;15:32:44.596194;88091141
20;14;RESERVA/ANULACION;-650148288;15:31:16.505168;15:32:54.705608;98200440
20;14;RESERVA/ANULACION;-658540992;15:31:16.505392;15:33:04.820560;108315168
20;14;RESERVA/ANULACION;-666933696;15:31:16.505611;15:33:14.918949;118413338
20;14;RESERVA/ANULACION;-675326400;15:31:16.505783;15:33:25.139840;128634057
20;14;RESERVA/ANULACION;1008723520;15:31:16.498400;15:31:24.667719;8169319
20;14;RESERVA/ANULACION;1000330816;15:31:16.502343;15:32:04.286371;47784028
20;14;RESERVA/ANULACION;991938112;15:31:16.503348;15:32:14.619605;58116257
20;14;RESERVA/ANULACION;983545408;15:31:16.503598;15:32:24.813904;68310306
20;14;RESERVA/ANULACION;975152704;15:31:16.504115;15:32:34.981085;78476970
20;14;RESERVA/ANULACION;966760000;15:31:16.504304;15:32:45.097872;88593568
20;14;RESERVA/ANULACION;958367296;15:31:16.504426;15:32:55.207583;98703157
20;14;RESERVA/ANULACION;949974592;15:31:16.504610;15:33:05.323183;108818573
20;14;RESERVA/ANULACION;941581888;15:31:16.504742;15:33:15.420721;118915979
20;14;RESERVA/ANULACION;933189184;15:31:16.505316;15:33:25.642367;129137051
20;14;RESERVA/ANULACION;266331712;15:31:16.496041;15:31:26.781556;10285515
20;14;RESERVA/ANULACION;257939008;15:31:16.500035;15:32:04.796320;48296285
20;14;RESERVA/ANULACION;249546304;15:31:16.501586;15:32:15.122692;58621106
20;14;RESERVA/ANULACION;241153600;15:31:16.501742;15:32:25.316898;68815156
20;14;RESERVA/ANULACION;232760896;15:31:16.501987;15:32:35.482721;78980734
20;14;RESERVA/ANULACION;224368192;15:31:16.502233;15:32:45.621446;89119213
20;14;RESERVA/ANULACION;215975488;15:31:16.502400;15:32:55.712738;99210338
20;14;RESERVA/ANULACION;207582784;15:31:16.502685;15:33:05.829151;109326466
20;14;RESERVA/ANULACION;199190080;15:31:16.502993;15:33:15.922431;119419438
20;14;RESERVA/ANULACION;190797376;15:31:16.503243;15:33:26.147057;129643814
20;14;RESERVA/ANULACION;-704649664;15:31:16.496260;15:31:28.890438;12394178
20;14;RESERVA/ANULACION;-713042368;15:31:16.496550;15:32:05.298285;48801735
20;14;RESERVA/ANULACION;-721435072;15:31:16.499917;15:32:15.635754;59135837
20;14;RESERVA/ANULACION;-729827776;15:31:16.501364;15:32:25.827670;69326306
20;14;RESERVA/ANULACION;-738220480;15:31:16.501620;15:32:35.986751;79485131
20;14;RESERVA/ANULACION;-746613184;15:31:16.501763;15:32:46.124763;89623000
20;14;RESERVA/ANULACION;-755005888;15:31:16.501891;15:32:56.225047;99723156
20;14;RESERVA/ANULACION;-763398592;15:31:16.502116;15:33:06.338386;109836270
20;14;RESERVA/ANULACION;-771791296;15:31:16.502370;15:33:16.431713;119929343
20;14;RESERVA/ANULACION;-780184000;15:31:16.504568;15:33:26.648494;130143926
20;14;RESERVA/ANULACION;-1128274368;15:31:16.496576;15:31:31.028768;14532192
20;14;RESERVA/ANULACION;-1136667072;15:31:16.500419;15:32:05.812271;49311852
20;14;RESERVA/ANULACION;-1145059776;15:31:16.500965;15:32:16.142982;59642017
20;14;RESERVA/ANULACION;-1153452480;15:31:16.503847;15:32:26.335620;69831773
20;14;RESERVA/ANULACION;-1161845184;15:31:16.505503;15:32:36.491450;79985947
20;14;RESERVA/ANULACION;-1170237888;15:31:16.505774;15:32:46.628331;90122557
20;14;RESERVA/ANULACION;-1187023296;15:31:16.507535;15:32:56.725922;100218387
20;14;RESERVA/ANULACION;-1178630592;15:31:16.507673;15:33:06.841225;110333552
20;14;RESERVA/ANULACION;-1195416000;15:31:16.508503;15:33:16.934785;120426282
20;14;RESERVA/ANULACION;-1203808704;15:31:16.508655;15:33:27.151109;130642454
20;14;RESERVA/ANULACION;2057299520;15:31:16.498314;15:31:33.187685;16689371
20;14;RESERVA/ANULACION;2048906816;15:31:16.503304;15:32:06.314623;49811319
20;14;RESERVA/ANULACION;2040514112;15:31:16.503438;15:32:16.659479;60156041
20;14;RESERVA/ANULACION;2032121408;15:31:16.504884;15:32:26.846636;70341752
20;14;RESERVA/ANULACION;2023728704;15:31:16.505399;15:32:36.994252;80488853
20;14;RESERVA/ANULACION;2015336000;15:31:16.505999;15:32:47.130173;90624174
20;14;RESERVA/ANULACION;2006943296;15:31:16.506437;15:32:57.233678;100727241
20;14;RESERVA/ANULACION;1998550592;15:31:16.506448;15:33:07.343297;110836849
20;14;RESERVA/ANULACION;1990157888;15:31:16.507288;15:33:17.472176;120964888
20;14;RESERVA/ANULACION;1981765184;15:31:16.508626;15:33:27.663594;131154968
20;14;RESERVA/ANULACION;962586176;15:31:16.496390;15:31:35.376854;18880464
20;14;RESERVA/ANULACION;954193472;15:31:16.501030;15:32:06.847104;50346074
20;14;RESERVA/ANULACION;945800768;15:31:16.501568;15:32:17.163052;60661484
20;14;RESERVA/ANULACION;937408064;15:31:16.501593;15:32:27.347944;70846351
20;14;RESERVA/ANULACION;929015360;15:31:16.501794;15:32:37.501073;80999279
20;14;RESERVA/ANULACION;920622656;15:31:16.502449;15:32:47.631371;91128922
20;14;RESERVA/ANULACION;912229952;15:31:16.503215;15:32:57.736561;101233346
20;14;RESERVA/ANULACION;903837248;15:31:16.505304;15:33:07.849168;111343864
20;14;RESERVA/ANULACION;895444544;15:31:16.505637;15:33:17.985487;121479850
20;14;RESERVA/ANULACION;887051840;15:31:16.506439;15:33:28.171323;131664884
20;14;RESERVA/ANULACION;295691840;15:31:16.501426;15:31:37.629344;21127918
20;14;RESERVA/ANULACION;287299136;15:31:16.504387;15:32:07.349638;50845251
20;14;RESERVA/ANULACION;278906432;15:31:16.504585;15:32:17.665423;61160838
20;14;RESERVA/ANULACION;270513728;15:31:16.505514;15:32:27.850330;71344816
20;14;RESERVA/ANULACION;262121024;15:31:16.505928;15:32:38.005594;81499666
20;14;RESERVA/ANULACION;253728320;15:31:16.506204;15:32:48.145167;91638963
20;14;RESERVA/ANULACION;245335616;15:31:16.507251;15:32:58.246339;101739088
20;14;RESERVA/ANULACION;236942912;15:31:16.507513;15:33:08.351790;111844277
20;14;RESERVA/ANULACION;228550208;15:31:16.507690;15:33:18.491870;121984180
20;14;RESERVA/ANULACION;220157504;15:31:16.507959;15:33:28.672068;132164109
20;14;RESERVA/ANULACION;562030144;15:31:16.499695;15:31:39.793250;23293555
20;14;RESERVA/ANULACION;553637440;15:31:16.500668;15:32:07.864136;51363468
20;14;RESERVA/ANULACION;545244736;15:31:16.501173;15:32:18.177013;61675840
20;14;RESERVA/ANULACION;536852032;15:31:16.503939;15:32:28.358675;71854736
20;14;RESERVA/ANULACION;528459328;15:31:16.505522;15:32:38.512625;82007103
20;14;RESERVA/ANULACION;520066624;15:31:16.506004;15:32:48.648044;92142040
20;14;RESERVA/ANULACION;511673920;15:31:16.506465;15:32:58.750167;102243702
20;14;RESERVA/ANULACION;503281216;15:31:16.506983;15:33:08.856311;112349328
20;14;RESERVA/ANULACION;494888512;15:31:16.507390;15:33:19.002705;122495315
20;14;RESERVA/ANULACION;486495808;15:31:16.507413;15:33:29.173310;132665897
20;14;RESERVA/ANULACION;-759175616;15:31:16.501191;15:31:41.908986;25407795
20;14;RESERVA/ANULACION;-767568320;15:31:16.501564;15:32:08.382622;51881058
20;14;RESERVA/ANULACION;-775961024;15:31:16.505112;15:32:18.688903;62183791
20;14;RESERVA/ANULACION;-784353728;15:31:16.505198;15:32:28.881643;72376445
20;14;RESERVA/ANULACION;-792746432;15:31:16.505733;15:32:39.016506;82510773
20;14;RESERVA/ANULACION;-801139136;15:31:16.505812;15:32:49.151892;92646080
20;14;RESERVA/ANULACION;-809531840;15:31:16.506301;15:32:59.251438;102745137
20;14;RESERVA/ANULACION;-817924544;15:31:16.506487;15:33:09.359362;112852875
20;14;RESERVA/ANULACION;-826317248;15:31:16.507015;15:33:19.507034;123000019
20;14;RESERVA/ANULACION;-834709952;15:31:16.507617;15:33:29.675535;133167918
20;14;RESERVA/ANULACION;83879488;15:31:16.501841;15:31:44.027043;27525202
20;14;RESERVA/ANULACION;75486784;15:31:16.502055;15:32:08.885227;52383172
20;14;RESERVA/ANULACION;67094080;15:31:16.502283;15:32:19.199193;62696910
20;14;RESERVA/ANULACION;58701376;15:31:16.503817;15:32:29.383076;72879259
20;14;RESERVA/ANULACION;50308672;15:31:16.504048;15:32:39.525302;83021254
20;14;RESERVA/ANULACION;41915968;15:31:16.504890;15:32:49.658947;93154057
20;14;RESERVA/ANULACION;33523264;15:31:16.505292;15:32:59.752528;103247236
20;14;RESERVA/ANULACION;25130560;15:31:16.505521;15:33:09.861791;113356270
20;14;RESERVA/ANULACION;16737856;15:31:16.505707;15:33:20.009037;123503330
20;14;RESERVA/ANULACION;8345152;15:31:16.505729;15:33:30.189634;133683905
20;14;RESERVA/ANULACION;1235215936;15:31:16.496698;15:31:46.167389;29670691
20;14;RESERVA/ANULACION;1226823232;15:31:16.499941;15:32:09.396529;52896588
20;14;RESERVA/ANULACION;1218430528;15:31:16.501433;15:32:19.709144;63207711
20;14;RESERVA/ANULACION;1210037824;15:31:16.501489;15:32:29.885138;73383649
20;14;RESERVA/ANULACION;1201645120;15:31:16.502428;15:32:40.030752;83528324
20;14;RESERVA/ANULACION;1193252416;15:31:16.502957;15:32:50.160628;93657671
20;14;RESERVA/ANULACION;1184859712;15:31:16.504717;15:33:00.253379;103748662
20;14;RESERVA/ANULACION;1176467008;15:31:16.504968;15:33:10.366360;113861392
20;14;RESERVA/ANULACION;1168074304;15:31:16.506155;15:33:20.511640;124005485
20;14;RESERVA/ANULACION;1159681600;15:31:16.506339;15:33:30.690172;134183833
20;14;RESERVA/ANULACION;2088756800;15:31:16.500467;15:31:48.286905;31786438
20;14;RESERVA/ANULACION;2080364096;15:31:16.502149;15:32:09.899092;53396943
20;14;RESERVA/ANULACION;2071971392;15:31:16.502890;15:32:20.243942;63741052
20;14;RESERVA/ANULACION;2063578688;15:31:16.503059;15:32:30.387181;73884122
20;14;RESERVA/ANULACION;2055185984;15:31:16.504359;15:32:40.547606;84043247
20;14;RESERVA/ANULACION;2046793280;15:31:16.504885;15:32:50.665040;94160155
20;14;RESERVA/ANULACION;2038400576;15:31:16.505750;15:33:00.764587;104258837
20;14;RESERVA/ANULACION;2030007872;15:31:16.507105;15:33:10.869600;114362495
20;14;RESERVA/ANULACION;2021615168;15:31:16.507994;15:33:21.016866;124508872
20;14;RESERVA/ANULACION;2013222464;15:31:16.508734;15:33:31.192069;134683335
20;14;RESERVA/ANULACION;1990190656;15:31:16.503377;15:31:50.458941;33955564
20;14;RESERVA/ANULACION;1981797952;15:31:16.504420;15:32:10.438119;53933699
20;14;RESERVA/ANULACION;1973405248;15:31:16.504838;15:32:20.747238;64242400
20;14;RESERVA/ANULACION;1965012544;15:31:16.505548;15:32:30.889165;74383617
20;14;RESERVA/ANULACION;1956619840;15:31:16.507432;15:32:41.050165;84542733
20;14;RESERVA/ANULACION;1948227136;15:31:16.507645;15:32:51.168324;94660679
20;14;RESERVA/ANULACION;1939834432;15:31:16.507918;15:33:01.289067;104781149
20;14;RESERVA/ANULACION;1931441728;15:31:16.508110;15:33:11.387761;114879651
20;14;RESERVA/ANULACION;1923049024;15:31:16.508726;15:33:21.597190;125088464
20;14;RESERVA/ANULACION;1914656320;15:31:16.509125;15:33:31.696866;135187741
20;14;RESERVA/ANULACION;924837440;15:31:16.500739;15:31:52.613085;36112346
20;14;RESERVA/ANULACION;916444736;15:31:16.501235;15:32:10.941516;54440281
20;14;RESERVA/ANULACION;908052032;15:31:16.501292;15:32:21.249865;64748573
20;14;RESERVA/ANULACION;899659328;15:31:16.503674;15:32:31.444503;74940829
20;14;RESERVA/ANULACION;891266624;15:31:16.504080;15:32:41.553095;85049015
20;14;RESERVA/ANULACION;882873920;15:31:16.505333;15:32:51.680256;95174923
20;14;RESERVA/ANULACION;874481216;15:31:16.505702;15:33:01.797776;105292074
20;14;RESERVA/ANULACION;866088512;15:31:16.506126;15:33:11.890654;115384528
20;14;RESERVA/ANULACION;857695808;15:31:16.506912;15:33:22.118319;125611407
20;14;RESERVA/ANULACION;849303104;15:31:16.507205;15:33:32.197575;135690370
20;14;RESERVA/ANULACION;339732032;15:31:16.500831;15:31:54.733311;38232480
20;14;RESERVA/ANULACION;331339328;15:31:16.503730;15:32:11.460132;54956402
20;14;RESERVA/ANULACION;322946624;15:31:16.505082;15:32:21.751998;65246916
20;14;RESERVA/ANULACION;314553920;15:31:16.505422;15:32:31.949708;75444286
20;14;RESERVA/ANULACION;306161216;15:31:16.506260;15:32:42.056232;85549972
20;14;RESERVA/ANULACION;297768512;15:31:16.508148;15:32:52.183984;95675836
20;14;RESERVA/ANULACION;289375808;15:31:16.508415;15:33:02.299518;105791103
20;14;RESERVA/ANULACION;280983104;15:31:16.508715;15:33:12.399168;115890453
20;14;RESERVA/ANULACION;272590400;15:31:16.508973;15:33:22.619437;126110464
20;14;RESERVA/ANULACION;264197696;15:31:16.509184;15:33:32.698142;136188958
20;14;RESERVA/ANULACION;-312482240;15:31:16.502047;15:31:56.859629;40357582
20;14;RESERVA/ANULACION;-320874944;15:31:16.502318;15:32:12.061931;55559613
20;14;RESERVA/ANULACION;-329267648;15:31:16.503564;15:32:22.258440;65754876
20;14;RESERVA/ANULACION;-337660352;15:31:16.504918;15:32:32.452787;75947869
20;14;RESERVA/ANULACION;-346053056;15:31:16.505215;15:32:42.566342;86061127
20;14;RESERVA/ANULACION;-354445760;15:31:16.506022;15:32:52.691756;96185734
20;14;RESERVA/ANULACION;-362838464;15:31:16.506315;15:33:02.811465;106305150
20;14;RESERVA/ANULACION;-371231168;15:31:16.508130;15:33:12.902008;116393878
20;14;RESERVA/ANULACION;-379623872;15:31:16.508386;15:33:23.124255;126615869
20;14;RESERVA/ANULACION;-388016576;15:31:16.508683;15:33:33.199112;136690429
20;14;RESERVA/ANULACION;-1048582592;15:31:16.504492;15:31:59.027433;42522941
20;14;RESERVA/ANULACION;-1056975296;15:31:16.504937;15:32:12.600084;56095147
20;14;RESERVA/ANULACION;-1065368000;15:31:16.505475;15:32:22.785281;66279806
20;14;RESERVA/ANULACION;-1073760704;15:31:16.505535;15:32:32.955651;76450116
20;14;RESERVA/ANULACION;-1082153408;15:31:16.506233;15:32:43.078410;86572177
20;14;RESERVA/ANULACION;-1090546112;15:31:16.506289;15:32:53.193815;96687526
20;14;RESERVA/ANULACION;-1098938816;15:31:16.506590;15:33:03.314804;106808214
20;14;RESERVA/ANULACION;-1107331520;15:31:16.507308;15:33:13.403252;116895944
20;14;RESERVA/ANULACION;-1115724224;15:31:16.507830;15:33:23.630399;127122569
20;14;RESERVA/ANULACION;-1124116928;15:31:16.508079;15:33:33.700008;137191929
20;14;RESERVA/ANULACION;1633674816;15:31:16.501042;15:32:01.160123;44659081
20;14;RESERVA/ANULACION;1625282112;15:31:16.501708;15:32:13.102345;56600637
20;14;RESERVA/ANULACION;1616889408;15:31:16.504271;15:32:23.305282;66801011
20;14;RESERVA/ANULACION;1608496704;15:31:16.504456;15:32:33.457637;76953181
20;14;RESERVA/ANULACION;1600104000;15:31:16.504720;15:32:43.582976;87078256
20;14;RESERVA/ANULACION;1591711296;15:31:16.505765;15:32:53.700658;97194893
20;14;RESERVA/ANULACION;1574925888;15:31:16.507663;15:33:03.818240;107310577
20;14;RESERVA/ANULACION;1583318592;15:31:16.508076;15:33:13.914015;117405939
20;14;RESERVA/ANULACION;1566533184;15:31:16.508086;15:33:24.132138;127624052
20;14;RESERVA/ANULACION;1558140480;15:31:16.508404;15:33:34.205504;137697100
