4;5;PAGO;-1161349376;18:13:04.872129;18:13:05.480109;607980
4;5;PAGO;-1169742080;18:13:04.872191;18:13:07.492434;2620243
4;5;PAGO;-1178134784;18:13:04.872248;18:13:09.529953;4657705
4;5;PAGO;-1186527488;18:13:04.872305;18:13:11.547769;6675464
4;5;PAGO;-1194920192;18:13:04.872352;18:13:13.567481;8695129
4;5;PAGO;28137216;18:13:04.868288;18:13:05.981342;1113054
4;5;PAGO;19744512;18:13:04.868347;18:13:08.006762;3138415
4;5;PAGO;11351808;18:13:04.868415;18:13:10.031809;5163394
4;5;PAGO;2959104;18:13:04.868464;18:13:12.059412;7190948
4;5;PAGO;-5433600;18:13:04.868515;18:13:14.071971;9203456
4;5;PAGO;-1662609664;18:13:04.866793;18:13:06.487602;1620809
4;5;PAGO;-1671002368;18:13:04.866912;18:13:08.520864;3653952
4;5;PAGO;-1679395072;18:13:04.866981;18:13:10.543800;5676819
4;5;PAGO;-1687787776;18:13:04.867052;18:13:12.562823;7695771
4;5;PAGO;-1696180480;18:13:04.867111;18:13:14.574334;9707223
4;5;PAGO;-1252464896;18:13:04.868221;18:13:06.991130;2122909
4;5;PAGO;-1260857600;18:13:04.868274;18:13:09.027766;4159492
4;5;PAGO;-1269250304;18:13:04.868327;18:13:11.044423;6176096
4;5;PAGO;-1277643008;18:13:04.868372;18:13:13.066110;8197738
4;5;PAGO;-1286035712;18:13:04.868425;18:13:15.077087;10208662


10;5;PAGO;-51050752;18:13:56.758385;18:13:58.639545;1881160
10;5;PAGO;-59443456;18:13:56.758457;18:14:03.719900;6961443
10;5;PAGO;-67836160;18:13:56.758601;18:14:08.822670;12064069
10;5;PAGO;-76228864;18:13:56.758682;18:14:13.885253;17126571
10;5;PAGO;-84621568;18:13:56.758692;18:14:18.918031;22159339
10;5;PAGO;508786432;18:13:56.758461;18:13:59.144816;2386355
10;5;PAGO;500393728;18:13:56.758523;18:14:04.226965;7468442
10;5;PAGO;492001024;18:13:56.758580;18:14:09.325834;12567254
10;5;PAGO;483608320;18:13:56.758654;18:14:14.393393;17634739
10;5;PAGO;475215616;18:13:56.758658;18:14:19.435732;22677074
10;5;PAGO;-2113546496;18:13:56.758572;18:13:59.648883;2890311
10;5;PAGO;-2121939200;18:13:56.758631;18:14:04.728836;7970205
10;5;PAGO;-2130331904;18:13:56.758685;18:14:09.831355;13072670
10;5;PAGO;-2138724608;18:13:56.758750;18:14:14.898488;18139738
10;5;PAGO;-2147117312;18:13:56.758829;18:14:19.947260;23188431
10;5;PAGO;1565165312;18:13:56.758582;18:14:00.151908;3393326
10;5;PAGO;1556772608;18:13:56.758653;18:14:05.259362;8500709
10;5;PAGO;1548379904;18:13:56.758708;18:14:10.334414;13575706
10;5;PAGO;1539987200;18:13:56.758798;18:14:15.400315;18641517
10;5;PAGO;1531594496;18:13:56.758863;18:14:20.449918;23691055
10;5;PAGO;919697152;18:13:56.758980;18:14:00.655839;3896859
10;5;PAGO;911304448;18:13:56.759035;18:14:05.760217;9001182
10;5;PAGO;902911744;18:13:56.759096;18:14:10.839521;14080425
10;5;PAGO;894519040;18:13:56.759184;18:14:15.902217;19143033
10;5;PAGO;886126336;18:13:56.759237;18:14:20.952538;24193301
10;5;PAGO;1959483136;18:13:56.758855;18:14:01.164573;4405718
10;5;PAGO;1951090432;18:13:56.758956;18:14:06.307480;9548524
10;5;PAGO;1942697728;18:13:56.759012;18:14:11.344624;14585612
10;5;PAGO;1934305024;18:13:56.759071;18:14:16.405912;19646841
10;5;PAGO;1925912320;18:13:56.759133;18:14:21.452768;24693635
10;5;PAGO;1832704;18:13:56.758655;18:14:01.667649;4908994
10;5;PAGO;-6560000;18:13:56.758730;18:14:06.813272;10054542
10;5;PAGO;-14952704;18:13:56.758817;18:14:11.846757;15087940
10;5;PAGO;-23345408;18:13:56.758903;18:14:16.906747;20147844
10;5;PAGO;-31738112;18:13:56.759013;18:14:21.955743;25196730
10;5;PAGO;382641920;18:13:56.760235;18:14:02.171013;5410778
10;5;PAGO;374249216;18:13:56.760284;18:14:07.314900;10554616
10;5;PAGO;365856512;18:13:56.760325;18:14:12.349990;15589665
10;5;PAGO;357463808;18:13:56.760366;18:14:17.407424;20647058
10;5;PAGO;349071104;18:13:56.760410;18:14:22.457018;25696608
10;5;PAGO;1295529728;18:13:56.761154;18:14:02.698310;5937156
10;5;PAGO;1287137024;18:13:56.761195;18:14:07.815213;11054018
10;5;PAGO;1278744320;18:13:56.761235;18:14:12.851999;16090764
10;5;PAGO;1270351616;18:13:56.761279;18:14:17.911309;21150030
10;5;PAGO;1261958912;18:13:56.761322;18:14:22.957800;26196478
10;5;PAGO;885102336;18:13:56.759218;18:14:03.219563;6460345
10;5;PAGO;876709632;18:13:56.759263;18:14:08.317267;11558004
10;5;PAGO;868316928;18:13:56.759328;18:14:13.383366;16624038
10;5;PAGO;859924224;18:13:56.759379;18:14:18.413138;21653759
10;5;PAGO;851531520;18:13:56.759425;18:14:23.459168;26699743


15;5;PAGO;2083690240;18:14:52.442283;18:14:55.287164;2844881
15;5;PAGO;2075297536;18:14:52.442351;18:15:02.948403;10506052
15;5;PAGO;2066904832;18:14:52.442362;18:15:10.550419;18108057
15;5;PAGO;2058512128;18:14:52.442416;18:15:18.176251;25733835
15;5;PAGO;2050119424;18:14:52.442476;18:15:25.754434;33311958
15;5;PAGO;-842955008;18:14:52.442958;18:14:55.794606;3351648
15;5;PAGO;-851347712;18:14:52.443035;18:15:03.460551;11017516
15;5;PAGO;-859740416;18:14:52.443115;18:15:11.057899;18614784
15;5;PAGO;-868133120;18:14:52.443194;18:15:18.678375;26235181
15;5;PAGO;-876525824;18:14:52.443252;18:15:26.256036;33812784
15;5;PAGO;630015744;18:14:52.446243;18:14:56.306718;3860475
15;5;PAGO;613230336;18:14:52.446327;18:15:03.963508;11517181
15;5;PAGO;621623040;18:14:52.446329;18:15:11.559121;19112792
15;5;PAGO;604837632;18:14:52.446377;18:15:19.179533;26733156
15;5;PAGO;596444928;18:14:52.446440;18:15:26.781361;34334921
15;5;PAGO;693618432;18:14:52.444260;18:14:56.808695;4364435
15;5;PAGO;685225728;18:14:52.444346;18:15:04.464747;12020401
15;5;PAGO;676833024;18:14:52.444402;18:15:12.059571;19615169
15;5;PAGO;668440320;18:14:52.444481;18:15:19.680306;27235825
15;5;PAGO;660047616;18:14:52.444536;18:15:27.283692;34839156
15;5;PAGO;506423040;18:14:52.442545;18:14:57.333026;4890481
15;5;PAGO;498030336;18:14:52.442603;18:15:04.966847;12524244
15;5;PAGO;489637632;18:14:52.442655;18:15:12.561186;20118531
15;5;PAGO;481244928;18:14:52.442700;18:15:20.182028;27739328
15;5;PAGO;472852224;18:14:52.442789;18:15:27.789360;35346571
15;5;PAGO;1562765056;18:14:52.446233;18:14:57.875923;5429690
15;5;PAGO;1554372352;18:14:52.446253;18:15:05.470701;13024448
15;5;PAGO;1545979648;18:14:52.446324;18:15:13.063711;20617387
15;5;PAGO;1537586944;18:14:52.446411;18:15:20.683948;28237537
15;5;PAGO;1529194240;18:14:52.446470;18:15:28.292545;35846075
15;5;PAGO;13715200;18:14:52.444233;18:14:58.384988;5940755
15;5;PAGO;5322496;18:14:52.444330;18:15:05.977666;13533336
15;5;PAGO;-3070208;18:14:52.444357;18:15:13.565379;21121022
15;5;PAGO;-11462912;18:14:52.444372;18:15:21.191881;28747509
15;5;PAGO;-19855616;18:14:52.444430;18:15:28.793823;36349393
15;5;PAGO;-1058539776;18:14:52.446400;18:14:58.885366;6438966
15;5;PAGO;-1066932480;18:14:52.446421;18:15:06.482804;14036383
15;5;PAGO;-1075325184;18:14:52.446524;18:15:14.081994;21635470
15;5;PAGO;-1083717888;18:14:52.446617;18:15:21.693568;29246951
15;5;PAGO;-1092110592;18:14:52.446698;18:15:29.294660;36847962
15;5;PAGO;2075440896;18:14:52.442528;18:14:59.396793;6954265
15;5;PAGO;2067048192;18:14:52.442594;18:15:06.985498;14542904
15;5;PAGO;2058655488;18:14:52.442662;18:15:14.582945;22140283
15;5;PAGO;2050262784;18:14:52.442741;18:15:22.204172;29761431
15;5;PAGO;2041870080;18:14:52.442812;18:15:29.795804;37352992
15;5;PAGO;-450025728;18:14:52.446330;18:14:59.912413;7466083
15;5;PAGO;-458418432;18:14:52.446384;18:15:07.517561;15071177
15;5;PAGO;-466811136;18:14:52.446445;18:15:15.085256;22638811
15;5;PAGO;-475203840;18:14:52.446515;18:15:22.711329;30264814
15;5;PAGO;-483596544;18:14:52.446556;18:15:30.296562;37850006
15;5;PAGO;-2040498432;18:14:52.442730;18:15:00.422329;7979599
15;5;PAGO;-2048891136;18:14:52.442781;18:15:08.025474;15582693
15;5;PAGO;-2057283840;18:14:52.442823;18:15:15.592341;23149518
15;5;PAGO;-2065676544;18:14:52.442882;18:15:23.229369;30786487
15;5;PAGO;-2074069248;18:14:52.442940;18:15:30.798385;38355445
15;5;PAGO;-1033611520;18:14:52.446251;18:15:00.927371;8481120
15;5;PAGO;-1042004224;18:14:52.446339;18:15:08.530194;16083855
15;5;PAGO;-1050396928;18:14:52.446414;18:15:16.095205;23648791
15;5;PAGO;-1058789632;18:14:52.446477;18:15:23.734065;31287588
15;5;PAGO;-1067182336;18:14:52.446537;18:15:31.324407;38877870
15;5;PAGO;501942016;18:14:52.442780;18:15:01.429956;8987176
15;5;PAGO;493549312;18:14:52.442865;18:15:09.031804;16588939
15;5;PAGO;485156608;18:14:52.442945;18:15:16.612682;24169737
15;5;PAGO;476763904;18:14:52.443012;18:15:24.235601;31792589
15;5;PAGO;468371200;18:14:52.443106;18:15:31.827228;39384122
15;5;PAGO;-1369463040;18:14:52.446272;18:15:01.933163;9486891
15;5;PAGO;-1377855744;18:14:52.446366;18:15:09.538385;17092019
15;5;PAGO;-1386248448;18:14:52.446449;18:15:17.118545;24672096
15;5;PAGO;-1394641152;18:14:52.446519;18:15:24.741718;32295199
15;5;PAGO;-1403033856;18:14:52.446606;18:15:32.337282;39890676
15;5;PAGO;607586048;18:14:52.446264;18:15:02.442734;9996470
15;5;PAGO;599193344;18:14:52.446581;18:15:10.046370;17599789
15;5;PAGO;590800640;18:14:52.446604;18:15:17.632450;25185846
15;5;PAGO;582407936;18:14:52.446662;18:15:25.243267;32796605
15;5;PAGO;574015232;18:14:52.446733;18:15:32.838914;40392181


20;5;PAGO;2129856256;18:17:01.401523;18:17:05.271295;3869772
20;5;PAGO;2121463552;18:17:01.401564;18:17:15.387369;13985805
20;5;PAGO;2113070848;18:17:01.401572;18:17:25.553796;24152224
20;5;PAGO;2104678144;18:17:01.401646;18:17:35.677195;34275549
20;5;PAGO;2096285440;18:17:01.401702;18:17:45.721353;44319651
20;5;PAGO;1699862272;18:17:01.398484;18:17:05.772296;4373812
20;5;PAGO;1691469568;18:17:01.398627;18:17:15.896342;14497715
20;5;PAGO;1683076864;18:17:01.398648;18:17:26.056582;24657934
20;5;PAGO;1674684160;18:17:01.398705;18:17:36.181909;34783204
20;5;PAGO;1666291456;18:17:01.398756;18:17:46.222032;44823276
20;5;PAGO;-1732811008;18:17:01.401444;18:17:06.273776;4872332
20;5;PAGO;-1741203712;18:17:01.401525;18:17:16.397838;14996313
20;5;PAGO;-1749596416;18:17:01.401584;18:17:26.558186;25156602
20;5;PAGO;-1757989120;18:17:01.401655;18:17:36.683399;35281744
20;5;PAGO;-1766381824;18:17:01.401753;18:17:46.726911;45325158
20;5;PAGO;362014464;18:17:01.401831;18:17:06.780489;5378658
20;5;PAGO;353621760;18:17:01.401886;18:17:16.903191;15501305
20;5;PAGO;345229056;18:17:01.401911;18:17:27.116269;25714358
20;5;PAGO;336836352;18:17:01.401972;18:17:37.185636;35783664
20;5;PAGO;328443648;18:17:01.402026;18:17:47.227881;45825855
20;5;PAGO;-679160064;18:17:01.401870;18:17:07.282634;5880764
20;5;PAGO;-687552768;18:17:01.401957;18:17:17.406098;16004141
20;5;PAGO;-695945472;18:17:01.401991;18:17:27.620129;26218138
20;5;PAGO;-704338176;18:17:01.402040;18:17:37.687230;36285190
20;5;PAGO;-712730880;18:17:01.402084;18:17:47.728992;46326908
20;5;PAGO;1393489664;18:17:01.398929;18:17:07.783410;6384481
20;5;PAGO;1385096960;18:17:01.399001;18:17:17.923492;16524491
20;5;PAGO;1376704256;18:17:01.399061;18:17:28.122340;26723279
20;5;PAGO;1368311552;18:17:01.399109;18:17:38.192419;36793310
20;5;PAGO;1359918848;18:17:01.399158;18:17:48.232339;46833181
20;5;PAGO;-522782976;18:17:01.398610;18:17:08.285804;6887194
20;5;PAGO;-531175680;18:17:01.398675;18:17:18.467245;17068570
20;5;PAGO;-539568384;18:17:01.398729;18:17:28.630056;27231327
20;5;PAGO;-547961088;18:17:01.398794;18:17:38.693170;37294376
20;5;PAGO;-556353792;18:17:01.398854;18:17:48.733374;47334520
20;5;PAGO;1668761344;18:17:01.401534;18:17:08.790484;7388950
20;5;PAGO;1651975936;18:17:01.401619;18:17:18.970891;17569272
20;5;PAGO;1643583232;18:17:01.401693;18:17:29.132750;27731057
20;5;PAGO;1660368640;18:17:01.401772;18:17:39.196709;37794937
20;5;PAGO;1635190528;18:17:01.401782;18:17:49.234143;47832361
20;5;PAGO;-1541159168;18:17:01.401517;18:17:09.298521;7897004
20;5;PAGO;-1549551872;18:17:01.401561;18:17:19.472116;18070555
20;5;PAGO;-1557944576;18:17:01.401611;18:17:29.634232;28232621
20;5;PAGO;-1566337280;18:17:01.401691;18:17:39.697759;38296068
20;5;PAGO;-1574729984;18:17:01.401799;18:17:49.736265;48334466
20;5;PAGO;258131712;18:17:01.401601;18:17:09.800433;8398832
20;5;PAGO;241346304;18:17:01.401708;18:17:19.975352;18573644
20;5;PAGO;249739008;18:17:01.401771;18:17:30.138699;28736928
20;5;PAGO;232953600;18:17:01.401777;18:17:40.200174;38798397
20;5;PAGO;224560896;18:17:01.401868;18:17:50.237729;48835861
20;5;PAGO;-1989069056;18:17:01.401461;18:17:10.302494;8901033
20;5;PAGO;-1997461760;18:17:01.401492;18:17:20.480363;19078871
20;5;PAGO;-2005854464;18:17:01.401536;18:17:30.646364;29244828
20;5;PAGO;-2014247168;18:17:01.401600;18:17:40.702648;39301048
20;5;PAGO;-2022639872;18:17:01.401641;18:17:50.739020;49337379
20;5;PAGO;723810048;18:17:01.398652;18:17:10.807008;9408356
20;5;PAGO;715417344;18:17:01.398712;18:17:20.987345;19588633
20;5;PAGO;707024640;18:17:01.398762;18:17:31.148127;29749365
20;5;PAGO;698631936;18:17:01.398805;18:17:41.204100;39805295
20;5;PAGO;690239232;18:17:01.398856;18:17:51.246103;49847247
20;5;PAGO;792651520;18:17:01.401673;18:17:11.313000;9911327
20;5;PAGO;784258816;18:17:01.401721;18:17:21.502129;20100408
20;5;PAGO;801044224;18:17:01.401772;18:17:31.650268;30248496
20;5;PAGO;775866112;18:17:01.401841;18:17:41.705100;40303259
20;5;PAGO;767473408;18:17:01.401862;18:17:51.747167;50345305
20;5;PAGO;-853981440;18:17:01.401925;18:17:11.825650;10423725
20;5;PAGO;-862374144;18:17:01.402037;18:17:22.011803;20609766
20;5;PAGO;-870766848;18:17:01.402107;18:17:32.159582;30757475
20;5;PAGO;-879159552;18:17:01.402124;18:17:42.207777;40805653
20;5;PAGO;-887552256;18:17:01.402183;18:17:52.251574;50849391
20;5;PAGO;-683264256;18:17:01.401430;18:17:12.326078;10924648
20;5;PAGO;-691656960;18:17:01.401480;18:17:22.517140;21115660
20;5;PAGO;-700049664;18:17:01.401550;18:17:32.666437;31264887
20;5;PAGO;-708442368;18:17:01.401648;18:17:42.708549;41306901
20;5;PAGO;-716835072;18:17:01.401720;18:17:52.753024;51351304
20;5;PAGO;129545984;18:17:01.401486;18:17:12.833134;11431648
20;5;PAGO;121153280;18:17:01.401687;18:17:23.019315;21617628
20;5;PAGO;112760576;18:17:01.401700;18:17:33.167312;31765612
20;5;PAGO;104367872;18:17:01.401757;18:17:43.209649;41807892
20;5;PAGO;95975168;18:17:01.401816;18:17:53.255013;51853197
20;5;PAGO;53131008;18:17:01.401465;18:17:13.338608;11937143
20;5;PAGO;44738304;18:17:01.401492;18:17:23.528044;22126552
20;5;PAGO;36345600;18:17:01.401566;18:17:33.670811;32269245
20;5;PAGO;19560192;18:17:01.401661;18:17:43.711998;42310337
20;5;PAGO;27952896;18:17:01.401687;18:17:53.757610;52355923
20;5;PAGO;1560188672;18:17:01.401825;18:17:13.842250;12440425
20;5;PAGO;1551795968;18:17:01.401886;18:17:24.030951;22629065
20;5;PAGO;1543403264;18:17:01.401953;18:17:34.172249;32770296
20;5;PAGO;1535010560;18:17:01.402023;18:17:44.218121;42816098
20;5;PAGO;1526617856;18:17:01.402080;18:17:54.258419;52856339
20;5;PAGO;-217000192;18:17:01.401506;18:17:14.369853;12968347
20;5;PAGO;-225392896;18:17:01.401526;18:17:24.531302;23129776
20;5;PAGO;-233785600;18:17:01.401638;18:17:34.673544;33271906
20;5;PAGO;-242178304;18:17:01.401701;18:17:44.719783;43318082
20;5;PAGO;-250571008;18:17:01.401756;18:17:54.759147;53357391
20;5;PAGO;-53442816;18:17:01.401409;18:17:14.881427;13480018
20;5;PAGO;-61835520;18:17:01.401565;18:17:25.052435;23650870
20;5;PAGO;-70228224;18:17:01.401574;18:17:35.176307;33774733
20;5;PAGO;-78620928;18:17:01.401655;18:17:45.220222;43818567
20;5;PAGO;-87013632;18:17:01.401715;18:17:55.263035;53861320