4;5;PAGO;-1158240512;18:52:30.477567;18:52:31.091437;613870
4;5;PAGO;-1166633216;18:52:30.477624;18:52:34.724189;4246565
4;5;PAGO;-1175025920;18:52:30.477703;18:52:38.356285;7878582
4;5;PAGO;-1183418624;18:52:30.477758;18:52:41.974629;11496871
4;5;PAGO;-1191811328;18:52:30.477840;18:52:45.604256;15126416
4;5;PAGO;815355648;18:52:30.477650;18:52:31.991729;1514079
4;5;PAGO;806962944;18:52:30.477718;18:52:35.650762;5173044
4;5;PAGO;798570240;18:52:30.477824;18:52:39.261157;8783333
4;5;PAGO;790177536;18:52:30.477895;18:52:42.878771;12400876
4;5;PAGO;781784832;18:52:30.477947;18:52:46.517006;16039059
4;5;PAGO;-348563712;18:52:30.477656;18:52:32.907014;2429358
4;5;PAGO;-356956416;18:52:30.477730;18:52:36.552350;6074620
4;5;PAGO;-365349120;18:52:30.477790;18:52:40.162028;9684238
4;5;PAGO;-373741824;18:52:30.477869;18:52:43.800909;13323040
4;5;PAGO;-382134528;18:52:30.477932;18:52:47.418056;16940124
4;5;PAGO;-1691019520;18:52:30.477483;18:52:33.821144;3343661
4;5;PAGO;-1699412224;18:52:30.477603;18:52:37.454347;6976744
4;5;PAGO;-1707804928;18:52:30.477671;18:52:41.073098;10595427
4;5;PAGO;-1716197632;18:52:30.477720;18:52:44.702438;14224718
4;5;PAGO;-1724590336;18:52:30.477806;18:52:48.319195;17841389



10;5;PAGO;310888192;18:55:34.653135;18:55:36.533789;1880654
10;5;PAGO;302495488;18:55:34.653196;18:55:45.597253;10944057
10;5;PAGO;294102784;18:55:34.653248;18:55:54.649633;19996385
10;5;PAGO;285710080;18:55:34.653321;18:56:03.768333;29115012
10;5;PAGO;277317376;18:55:34.653376;18:56:12.811641;38158265
10;5;PAGO;1029990144;18:55:34.652853;18:55:37.438555;2785702
10;5;PAGO;1021597440;18:55:34.652864;18:55:46.502757;11849893
10;5;PAGO;1013204736;18:55:34.652941;18:55:55.556992;20904051
10;5;PAGO;1004812032;18:55:34.653022;18:56:04.674081;30021059
10;5;PAGO;996419328;18:55:34.653117;18:56:13.720430;39067313
10;5;PAGO;1175951104;18:55:34.651823;18:55:38.357011;3705188
10;5;PAGO;1167558400;18:55:34.651892;18:55:47.404297;12752405
10;5;PAGO;1159165696;18:55:34.651960;18:55:56.460126;21808166
10;5;PAGO;1150772992;18:55:34.652024;18:56:05.577889;30925865
10;5;PAGO;1142380288;18:55:34.652098;18:56:14.621846;39969748
10;5;PAGO;26887936;18:55:34.652804;18:55:39.265529;4612725
10;5;PAGO;18495232;18:55:34.652868;18:55:48.304584;13651716
10;5;PAGO;10102528;18:55:34.652939;18:55:57.366093;22713154
10;5;PAGO;1709824;18:55:34.653014;18:56:06.483941;31830927
10;5;PAGO;-6682880;18:55:34.653062;18:56:15.526489;40873427
10;5;PAGO;1848284928;18:55:34.652809;18:55:40.170200;5517391
10;5;PAGO;1839892224;18:55:34.652899;18:55:49.209967;14557068
10;5;PAGO;1831499520;18:55:34.653044;18:55:58.292689;23639645
10;5;PAGO;1823106816;18:55:34.653059;18:56:07.387750;32734691
10;5;PAGO;1814714112;18:55:34.653121;18:56:16.427418;41774297
10;5;PAGO;-1713191168;18:55:34.653732;18:55:41.072712;6418980
10;5;PAGO;-1721583872;18:55:34.653794;18:55:50.116160;15462366
10;5;PAGO;-1729976576;18:55:34.653862;18:55:59.233015;24579153
10;5;PAGO;-1738369280;18:55:34.653923;18:56:08.291473;33637550
10;5;PAGO;-1746761984;18:55:34.654004;18:56:17.330125;42676121
10;5;PAGO;2126313216;18:55:34.652690;18:55:41.976366;7323676
10;5;PAGO;2117920512;18:55:34.652761;18:55:51.017831;16365070
10;5;PAGO;2109527808;18:55:34.652885;18:56:00.137481;25484596
10;5;PAGO;2101135104;18:55:34.652968;18:56:09.197099;34544131
10;5;PAGO;2092742400;18:55:34.653028;18:56:18.233962;43580934
10;5;PAGO;-146962688;18:55:34.653673;18:55:42.879891;8226218
10;5;PAGO;-155355392;18:55:34.653747;18:55:51.930941;17277194
10;5;PAGO;-163748096;18:55:34.653813;18:56:01.042393;26388580
10;5;PAGO;-172140800;18:55:34.653878;18:56:10.101494;35447616
10;5;PAGO;-180533504;18:55:34.653939;18:56:19.139729;44485790
10;5;PAGO;-2070731008;18:55:34.652779;18:55:43.781489;9128710
10;5;PAGO;-2079123712;18:55:34.652838;18:55:52.838244;18185406
10;5;PAGO;-2087516416;18:55:34.652901;18:56:01.948111;27295210
10;5;PAGO;-2095909120;18:55:34.652983;18:56:11.009665;36356682
10;5;PAGO;-2104301824;18:55:34.652996;18:56:20.041621;45388625
10;5;PAGO;-2020104448;18:55:34.652716;18:55:44.693347;10040631
10;5;PAGO;-2028497152;18:55:34.652799;18:55:53.738861;19086062
10;5;PAGO;-2036889856;18:55:34.652903;18:56:02.855482;28202579
10;5;PAGO;-2045282560;18:55:34.652968;18:56:11.911047;37258079
10;5;PAGO;-2053675264;18:55:34.652976;18:56:20.943532;46290556


15;5;PAGO;-1589860608;18:56:39.649307;18:56:42.542216;2892909
15;5;PAGO;-1598253312;18:56:39.649391;18:56:56.207744;16558353
15;5;PAGO;-1606646016;18:56:39.649535;18:57:09.798666;30149131
15;5;PAGO;-1615038720;18:56:39.649623;18:57:23.444094;43794471
15;5;PAGO;-1623431424;18:56:39.649703;18:57:37.112104;57462401
15;5;PAGO;2141558528;18:56:39.649195;18:56:43.446036;3796841
15;5;PAGO;2133165824;18:56:39.649303;18:56:57.119503;17470200
15;5;PAGO;2124773120;18:56:39.649330;18:57:10.699747;31050417
15;5;PAGO;2116380416;18:56:39.649376;18:57:24.344964;44695588
15;5;PAGO;2107987712;18:56:39.649503;18:57:38.024274;58374771
15;5;PAGO;1704326912;18:56:39.649195;18:56:44.380932;4731737
15;5;PAGO;1695934208;18:56:39.649302;18:56:58.023534;18374232
15;5;PAGO;1687541504;18:56:39.649315;18:57:11.603709;31954394
15;5;PAGO;1679148800;18:56:39.649376;18:57:25.255812;45606436
15;5;PAGO;1670756096;18:56:39.649531;18:57:38.924499;59274968
15;5;PAGO;-730339584;18:56:39.649315;18:56:45.283410;5634095
15;5;PAGO;-738732288;18:56:39.649351;18:56:58.926741;19277390
15;5;PAGO;-747124992;18:56:39.649469;18:57:12.512622;32863153
15;5;PAGO;-755517696;18:56:39.649516;18:57:26.168505;46518989
15;5;PAGO;-763910400;18:56:39.649648;18:57:39.825778;60176130
15;5;PAGO;-1603664128;18:56:39.649273;18:56:46.190273;6541000
15;5;PAGO;-1612056832;18:56:39.649373;18:56:59.828045;20178672
15;5;PAGO;-1620449536;18:56:39.649401;18:57:13.420078;33770677
15;5;PAGO;-1628842240;18:56:39.649411;18:57:27.074099;47424688
15;5;PAGO;-1637234944;18:56:39.649523;18:57:40.727959;61078436
15;5;PAGO;1607628544;18:56:39.650052;18:56:47.092667;7442615
15;5;PAGO;1599235840;18:56:39.650147;18:57:00.730098;21079951
15;5;PAGO;1590843136;18:56:39.650245;18:57:14.344132;34693887
15;5;PAGO;1582450432;18:56:39.650304;18:57:27.977889;48327585
15;5;PAGO;1574057728;18:56:39.650380;18:57:41.628610;61978230
15;5;PAGO;659199744;18:56:39.649717;18:56:48.021543;8371826
15;5;PAGO;650807040;18:56:39.649826;18:57:01.635086;21985260
15;5;PAGO;642414336;18:56:39.650020;18:57:15.245297;35595277
15;5;PAGO;634021632;18:56:39.650079;18:57:28.882660;49232581
15;5;PAGO;625628928;18:56:39.650159;18:57:42.531127;62880968
15;5;PAGO;1098532608;18:56:39.649460;18:56:48.922594;9273134
15;5;PAGO;1090139904;18:56:39.649557;18:57:02.537806;22888249
15;5;PAGO;1081747200;18:56:39.649637;18:57:16.154482;36504845
15;5;PAGO;1073354496;18:56:39.649721;18:57:29.784928;50135207
15;5;PAGO;1064961792;18:56:39.649833;18:57:43.433234;63783401
15;5;PAGO;1191208704;18:56:39.651738;18:56:49.833880;10182142
15;5;PAGO;1182816000;18:56:39.651800;18:57:03.446025;23794225
15;5;PAGO;1174423296;18:56:39.651901;18:57:17.057553;37405652
15;5;PAGO;1166030592;18:56:39.651972;18:57:30.695135;51043163
15;5;PAGO;1157637888;18:56:39.652018;18:57:44.336004;64683986
15;5;PAGO;-1405409536;18:56:39.649637;18:56:50.740277;11090640
15;5;PAGO;-1413802240;18:56:39.649688;18:57:04.363847;24714159
15;5;PAGO;-1422194944;18:56:39.649730;18:57:17.976859;38327129
15;5;PAGO;-1430587648;18:56:39.649866;18:57:31.659819;52009953
15;5;PAGO;-1438980352;18:56:39.650019;18:57:45.236726;65586707
15;5;PAGO;-1957161216;18:56:39.649617;18:56:51.650885;12001268
15;5;PAGO;-1965553920;18:56:39.649703;18:57:05.267271;25617568
15;5;PAGO;-1973946624;18:56:39.649814;18:57:18.882756;39232942
15;5;PAGO;-1982339328;18:56:39.649986;18:57:32.567892;52917906
15;5;PAGO;-1990732032;18:56:39.650064;18:57:46.137765;66487701
15;5;PAGO;1791182592;18:56:39.649491;18:56:52.552939;12903448
15;5;PAGO;1782789888;18:56:39.649569;18:57:06.170804;26521235
15;5;PAGO;1774397184;18:56:39.649661;18:57:19.828928;40179267
15;5;PAGO;1766004480;18:56:39.649806;18:57:33.468788;53818982
15;5;PAGO;1757611776;18:56:39.649844;18:57:47.039898;67390054
15;5;PAGO;-1741617408;18:56:39.649868;18:56:53.463058;13813190
15;5;PAGO;-1750010112;18:56:39.649886;18:57:07.080101;27430215
15;5;PAGO;-1758402816;18:56:39.650020;18:57:20.736252;41086232
15;5;PAGO;-1766795520;18:56:39.650077;18:57:34.396738;54746661
15;5;PAGO;-1775188224;18:56:39.650155;18:57:47.941792;68291637
15;5;PAGO;-1761470720;18:56:39.650109;18:56:54.375352;14725243
15;5;PAGO;-1769863424;18:56:39.650128;18:57:07.988967;28338839
15;5;PAGO;-1778256128;18:56:39.650186;18:57:21.640289;41990103
15;5;PAGO;-1786648832;18:56:39.650264;18:57:35.308285;55658021
15;5;PAGO;-1795041536;18:56:39.650335;18:57:48.844661;69194326
15;5;PAGO;-578529536;18:56:39.649988;18:56:55.305666;15655678
15;5;PAGO;-586922240;18:56:39.650049;18:57:08.891144;29241095
15;5;PAGO;-595314944;18:56:39.650130;18:57:22.543049;42892919
15;5;PAGO;-603707648;18:56:39.650215;18:57:36.210957;56560742
15;5;PAGO;-612100352;18:56:39.650302;18:57:49.746560;70096258
20;5;PAGO;-1134106880;18:58:10.691177;18:58:14.541951;3850774
20;5;PAGO;-1142499584;18:58:10.691269;18:58:32.637618;21946349
20;5;PAGO;-1150892288;18:58:10.691334;18:58:50.775460;40084126
20;5;PAGO;-1159284992;18:58:10.691402;18:59:09.006602;58315200
20;5;PAGO;-1167677696;18:58:10.691485;18:59:27.198095;76506610
20;5;PAGO;3340032;18:58:10.690059;18:58:15.443192;4753133
20;5;PAGO;-5052672;18:58:10.690090;18:58:33.540445;22850355
20;5;PAGO;-13445376;18:58:10.690139;18:58:51.702902;41012763
20;5;PAGO;-21838080;18:58:10.690201;18:59:09.909094;59218893
20;5;PAGO;-30230784;18:58:10.690257;18:59:28.099607;77409350
20;5;PAGO;-1252755712;18:58:10.673398;18:58:16.346396;5672998
20;5;PAGO;-1261148416;18:58:10.673458;18:58:34.445434;23771976
20;5;PAGO;-1269541120;18:58:10.673516;18:58:52.609901;41936385
20;5;PAGO;-1277933824;18:58:10.673571;18:59:10.809436;60135865
20;5;PAGO;-1286326528;18:58:10.673638;18:59:28.999994;78326356
20;5;PAGO;2054948608;18:58:10.691109;18:58:17.251871;6560762
20;5;PAGO;2046555904;18:58:10.691204;18:58:35.353762;24662558
20;5;PAGO;2038163200;18:58:10.691320;18:58:53.517875;42826555
20;5;PAGO;2029770496;18:58:10.691381;18:59:11.710738;61019357
20;5;PAGO;2021377792;18:58:10.691442;18:59:29.900510;79209068
20;5;PAGO;-1006471424;18:58:10.673785;18:58:18.152653;7478868
20;5;PAGO;-1014864128;18:58:10.673833;18:58:36.266901;25593068
20;5;PAGO;-1023256832;18:58:10.673890;18:58:54.448967;43775077
20;5;PAGO;-1031649536;18:58:10.673962;18:59:12.614889;61940927
20;5;PAGO;-1040042240;18:58:10.674000;18:59:30.801818;80127818
20;5;PAGO;-123169024;18:58:10.690178;18:58:19.056265;8366087
20;5;PAGO;-131561728;18:58:10.690259;18:58:37.170118;26479859
20;5;PAGO;-139954432;18:58:10.690337;18:58:55.354039;44663702
20;5;PAGO;-148347136;18:58:10.690403;18:59:13.518883;62828480
20;5;PAGO;-156739840;18:58:10.690453;18:59:31.702697;81012244
20;5;PAGO;637073152;18:58:10.690037;18:58:19.968127;9278090
20;5;PAGO;628680448;18:58:10.690229;18:58:38.071931;27381702
20;5;PAGO;620287744;18:58:10.690257;18:58:56.257792;45567535
20;5;PAGO;611895040;18:58:10.690278;18:59:14.421902;63731624
20;5;PAGO;603502336;18:58:10.690333;18:59:32.609625;81919292
20;5;PAGO;-885868800;18:58:10.673895;18:58:20.871304;10197409
20;5;PAGO;-894261504;18:58:10.673964;18:58:38.973474;28299510
20;5;PAGO;-902654208;18:58:10.674021;18:58:57.160615;46486594
20;5;PAGO;-911046912;18:58:10.674083;18:59:15.323125;64649042
20;5;PAGO;-919439616;18:58:10.674148;18:59:33.512860;82838712
20;5;PAGO;108181248;18:58:10.690090;18:58:21.775377;11085287
20;5;PAGO;99788544;18:58:10.690105;18:58:39.877338;29187233
20;5;PAGO;91395840;18:58:10.690158;18:58:58.062629;47372471
20;5;PAGO;83003136;18:58:10.690230;18:59:16.224312;65534082
20;5;PAGO;74610432;18:58:10.690316;18:59:34.413854;83723538
20;5;PAGO;1223923456;18:58:10.673787;18:58:22.682823;12009036
20;5;PAGO;1215530752;18:58:10.673871;18:58:40.784955;30111084
20;5;PAGO;1207138048;18:58:10.673923;18:58:58.965127;48291204
20;5;PAGO;1198745344;18:58:10.673995;18:59:17.126406;66452411
20;5;PAGO;1190352640;18:58:10.674078;18:59:35.315554;84641476
20;5;PAGO;-1689024768;18:58:10.673423;18:58:23.590535;12917112
20;5;PAGO;-1697417472;18:58:10.673504;18:58:41.688904;31015400
20;5;PAGO;-1705810176;18:58:10.673567;18:58:59.961164;49287597
20;5;PAGO;-1714202880;18:58:10.673626;18:59:18.110662;67437036
20;5;PAGO;-1722595584;18:58:10.673671;18:59:36.216529;85542858
20;5;PAGO;-1917122816;18:58:10.673891;18:58:24.491774;13817883
20;5;PAGO;-1925515520;18:58:10.673953;18:58:42.602898;31928945
20;5;PAGO;-1933908224;18:58:10.674011;18:59:00.862809;50188798
20;5;PAGO;-1942300928;18:58:10.674098;18:59:19.047912;68373814
20;5;PAGO;-1950693632;18:58:10.674167;18:59:37.117067;86442900
20;5;PAGO;-518519040;18:58:10.691219;18:58:25.396978;14705759
20;5;PAGO;-526911744;18:58:10.691237;18:58:43.506625;32815388
20;5;PAGO;-535304448;18:58:10.691305;18:59:01.770559;51079254
20;5;PAGO;-543697152;18:58:10.691385;18:59:19.953578;69262193
20;5;PAGO;-552089856;18:58:10.691453;18:59:38.021042;87329589
20;5;PAGO;-349812992;18:58:10.690176;18:58:26.315334;15625158
20;5;PAGO;-358205696;18:58:10.690275;18:58:44.409316;33719041
20;5;PAGO;-366598400;18:58:10.690290;18:59:02.675424;51985134
20;5;PAGO;-374991104;18:58:10.690350;18:59:20.858028;70167678
20;5;PAGO;-383383808;18:58:10.690400;18:59:38.924452;88234052
20;5;PAGO;-1763682560;18:58:10.690249;18:58:27.217069;16526820
20;5;PAGO;-1772075264;18:58:10.690264;18:58:45.314191;34623927
20;5;PAGO;-1780467968;18:58:10.690310;18:59:03.576196;52885886
20;5;PAGO;-1788860672;18:58:10.690364;18:59:21.780396;71090032
20;5;PAGO;-1797253376;18:58:10.690418;18:59:39.827098;89136680
20;5;PAGO;-329566464;18:58:10.691159;18:58:28.120643;17429484
20;5;PAGO;-337959168;18:58:10.691226;18:58:46.230599;35539373
20;5;PAGO;-346351872;18:58:10.691305;18:59:04.477290;53785985
20;5;PAGO;-354744576;18:58:10.691359;18:59:22.684573;71993214
20;5;PAGO;-363137280;18:58:10.691418;18:59:40.732903;90041485
20;5;PAGO;595982080;18:58:10.690643;18:58:29.022294;18331651
20;5;PAGO;587589376;18:58:10.690657;18:58:47.133098;36442441
20;5;PAGO;579196672;18:58:10.690731;18:59:05.379914;54689183
20;5;PAGO;570803968;18:58:10.690788;18:59:23.590422;72899634
20;5;PAGO;562411264;18:58:10.690844;18:59:41.639146;90948302
20;5;PAGO;718321408;18:58:10.678278;18:58:29.923810;19245532
20;5;PAGO;709928704;18:58:10.678322;18:58:48.054999;37376677
20;5;PAGO;701536000;18:58:10.678360;18:59:06.281743;55603383
20;5;PAGO;693143296;18:58:10.678406;18:59:24.494411;73816005
20;5;PAGO;684750592;18:58:10.678446;18:59:42.541174;91862728
20;5;PAGO;1700337408;18:58:10.674353;18:58:30.826656;20152303
20;5;PAGO;1691944704;18:58:10.674404;18:58:48.962174;38287770
20;5;PAGO;1683552000;18:58:10.674455;18:59:07.189867;56515412
20;5;PAGO;1675159296;18:58:10.674506;18:59:25.395583;74721077
20;5;PAGO;1666766592;18:58:10.674562;18:59:43.443870;92769308
20;5;PAGO;942765824;18:58:10.690597;18:58:31.731583;21040986
20;5;PAGO;934373120;18:58:10.690656;18:58:49.863679;39173023
20;5;PAGO;925980416;18:58:10.690740;18:59:08.102443;57411703
20;5;PAGO;917587712;18:58:10.690753;18:59:26.296245;75605492
20;5;PAGO;909195008;18:58:10.690831;18:59:44.357359;93666528