4;5;PAGO;-257980672;19:00:54.101852;19:00:54.714897;613045
4;5;PAGO;-266373376;19:00:54.102002;19:01:01.124108;7022106
4;5;PAGO;-274766080;19:00:54.102091;19:01:07.577912;13475821
4;5;PAGO;-283158784;19:00:54.102175;19:01:14.017410;19915235
4;5;PAGO;-291551488;19:00:54.102279;19:01:20.442339;26340060
4;5;PAGO;1002596096;19:00:54.109764;19:00:56.316618;2206854
4;5;PAGO;994203392;19:00:54.109854;19:01:02.729427;8619573
4;5;PAGO;985810688;19:00:54.109936;19:01:09.183916;15073980
4;5;PAGO;977417984;19:00:54.110042;19:01:15.623551;21513509
4;5;PAGO;969025280;19:00:54.110116;19:01:22.050931;27940815
4;5;PAGO;-416860416;19:00:54.127141;19:00:57.919125;3791984
4;5;PAGO;-425253120;19:00:54.127214;19:01:04.353895;10226681
4;5;PAGO;-433645824;19:00:54.127271;19:01:10.799301;16672030
4;5;PAGO;-442038528;19:00:54.127320;19:01:17.232251;23104931
4;5;PAGO;-450431232;19:00:54.127367;19:01:23.657928;29530561
4;5;PAGO;870975232;19:00:54.113498;19:00:59.521551;5408053
4;5;PAGO;862582528;19:00:54.113600;19:01:05.963720;11850120
4;5;PAGO;854189824;19:00:54.113701;19:01:12.403322;18289621
4;5;PAGO;845797120;19:00:54.113810;19:01:18.840818;24727008
4;5;PAGO;837404416;19:00:54.113909;19:01:25.290234;31176325


10;5;PAGO;797017856;19:01:44.656310;19:01:46.516619;1860309
10;5;PAGO;788625152;19:01:44.656410;19:02:02.619282;17962872
10;5;PAGO;780232448;19:01:44.656488;19:02:18.702146;34045658
10;5;PAGO;771839744;19:01:44.656548;19:02:35.000507;50343959
10;5;PAGO;763447040;19:01:44.656623;19:02:51.209180;66552557
10;5;PAGO;-1270933760;19:01:44.656322;19:01:48.134490;3478168
10;5;PAGO;-1279326464;19:01:44.656393;19:02:04.225499;19569106
10;5;PAGO;-1287719168;19:01:44.656467;19:02:20.325918;35669451
10;5;PAGO;-1296111872;19:01:44.656552;19:02:36.607853;51951301
10;5;PAGO;-1304504576;19:01:44.656621;19:02:52.816358;68159737
10;5;PAGO;403224320;19:01:44.664433;19:01:49.736438;5072005
10;5;PAGO;394831616;19:01:44.664490;19:02:05.830151;21165661
10;5;PAGO;386438912;19:01:44.664547;19:02:21.939138;37274591
10;5;PAGO;378046208;19:01:44.664596;19:02:38.221657;53557061
10;5;PAGO;369653504;19:01:44.664654;19:02:54.419778;69755124
10;5;PAGO;-1677568;19:01:44.664622;19:01:51.353013;6688391
10;5;PAGO;-10070272;19:01:44.664683;19:02:07.436522;22771839
10;5;PAGO;-18462976;19:01:44.664757;19:02:23.543082;38878325
10;5;PAGO;-26855680;19:01:44.664812;19:02:39.825013;55160201
10;5;PAGO;-35248384;19:01:44.664866;19:02:56.021283;71356417
10;5;PAGO;887035648;19:01:44.663259;19:01:52.959811;8296552
10;5;PAGO;878642944;19:01:44.663337;19:02:09.039371;24376034
10;5;PAGO;870250240;19:01:44.663391;19:02:25.243078;40579687
10;5;PAGO;861857536;19:01:44.663446;19:02:41.429300;56765854
10;5;PAGO;853464832;19:01:44.663501;19:02:57.622990;72959489
10;5;PAGO;-1487018240;19:01:44.656331;19:01:54.563558;9907227
10;5;PAGO;-1495410944;19:01:44.656420;19:02:10.661632;26005212
10;5;PAGO;-1503803648;19:01:44.656493;19:02:26.922272;42265779
10;5;PAGO;-1512196352;19:01:44.656563;19:02:43.063160;58406597
10;5;PAGO;-1520589056;19:01:44.656635;19:02:59.227805;74571170
10;5;PAGO;2112382720;19:01:44.656525;19:01:56.171137;11514612
10;5;PAGO;2103990016;19:01:44.656578;19:02:12.284531;27627953
10;5;PAGO;2095597312;19:01:44.656632;19:02:28.528247;43871615
10;5;PAGO;2087204608;19:01:44.656713;19:02:44.665384;60008671
10;5;PAGO;2078811904;19:01:44.656768;19:03:00.838231;76181463
10;5;PAGO;-485632;19:01:44.656451;19:01:57.791529;13135078
10;5;PAGO;-8878336;19:01:44.656516;19:02:13.885721;29229205
10;5;PAGO;-17271040;19:01:44.656580;19:02:30.136112;45479532
10;5;PAGO;-25663744;19:01:44.656644;19:02:46.276529;61619885
10;5;PAGO;-34056448;19:01:44.656700;19:03:02.440700;77784000
10;5;PAGO;1414309632;19:01:44.664215;19:01:59.399834;14735619
10;5;PAGO;1405916928;19:01:44.664267;19:02:15.490009;30825742
10;5;PAGO;1397524224;19:01:44.664316;19:02:31.748603;47084287
10;5;PAGO;1389131520;19:01:44.664384;19:02:47.888150;63223766
10;5;PAGO;1380738816;19:01:44.664450;19:03:04.055079;79390629
10;5;PAGO;-24746240;19:01:44.663244;19:02:01.015809;16352565
10;5;PAGO;-33138944;19:01:44.663324;19:02:17.097868;32434544
10;5;PAGO;-41531648;19:01:44.663406;19:02:33.382989;48719583
10;5;PAGO;-49924352;19:01:44.663460;19:02:49.490986;64827526
10;5;PAGO;-58317056;19:01:44.663509;19:03:05.659135;80995626


15;5;PAGO;828905216;19:03:26.006325;19:03:28.888021;2881696
15;5;PAGO;820512512;19:03:26.006428;19:03:53.123454;27117026
15;5;PAGO;812119808;19:03:26.006440;19:04:17.237820;51231380
15;5;PAGO;803727104;19:03:26.006530;19:04:41.448510;75441980
15;5;PAGO;795334400;19:03:26.006604;19:05:05.562564;99555960
15;5;PAGO;55191296;19:03:26.006548;19:03:30.490267;4483719
15;5;PAGO;46798592;19:03:26.006629;19:03:54.724912;28718283
15;5;PAGO;38405888;19:03:26.006664;19:04:18.897964;52891300
15;5;PAGO;30013184;19:03:26.006819;19:04:43.050716;77043897
15;5;PAGO;21620480;19:03:26.006886;19:05:07.164658;101157772
15;5;PAGO;-817588480;19:03:26.006637;19:03:32.172834;6166197
15;5;PAGO;-825981184;19:03:26.006755;19:03:56.326616;30319861
15;5;PAGO;-834373888;19:03:26.006868;19:04:20.503984;54497116
15;5;PAGO;-842766592;19:03:26.006879;19:04:44.671081;78664202
15;5;PAGO;-851159296;19:03:26.006942;19:05:08.768357;102761415
15;5;PAGO;293828352;19:03:26.006582;19:03:33.782153;7775571
15;5;PAGO;285435648;19:03:26.006619;19:03:57.928642;31922023
15;5;PAGO;277042944;19:03:26.006655;19:04:22.126257;56119602
15;5;PAGO;268650240;19:03:26.006678;19:04:46.279058;80272380
15;5;PAGO;260257536;19:03:26.006718;19:05:10.370436;104363718
15;5;PAGO;343680768;19:03:26.018048;19:03:35.386656;9368608
15;5;PAGO;335288064;19:03:26.018103;19:03:59.530876;33512773
15;5;PAGO;326895360;19:03:26.018168;19:04:23.729696;57711528
15;5;PAGO;318502656;19:03:26.018215;19:04:47.880331;81862116
15;5;PAGO;310109952;19:03:26.018253;19:05:11.971330;105953077
15;5;PAGO;-1971087616;19:03:26.006995;19:03:36.993541;10986546
15;5;PAGO;-1979480320;19:03:26.007061;19:04:01.133612;35126551
15;5;PAGO;-1987873024;19:03:26.007123;19:04:25.331562;59324439
15;5;PAGO;-1996265728;19:03:26.007200;19:04:49.481180;83473980
15;5;PAGO;-2004658432;19:03:26.007282;19:05:13.573339;107566057
15;5;PAGO;2090723072;19:03:26.006898;19:03:38.596581;12589683
15;5;PAGO;2082330368;19:03:26.006986;19:04:02.740819;36733833
15;5;PAGO;2073937664;19:03:26.007105;19:04:26.952528;60945423
15;5;PAGO;2065544960;19:03:26.007119;19:04:51.096053;85088934
15;5;PAGO;2057152256;19:03:26.007181;19:05:15.178878;109171697
15;5;PAGO;-101521664;19:03:26.006635;19:03:40.212640;14206005
15;5;PAGO;-109914368;19:03:26.006663;19:04:04.357150;38350487
15;5;PAGO;-118307072;19:03:26.006786;19:04:28.557855;62551069
15;5;PAGO;-126699776;19:03:26.006894;19:04:52.704739;86697845
15;5;PAGO;-135092480;19:03:26.006949;19:05:16.789470;110782521
15;5;PAGO;-396671232;19:03:26.010235;19:03:41.817467;15807232
15;5;PAGO;-405063936;19:03:26.010299;19:04:05.976350;39966051
15;5;PAGO;-413456640;19:03:26.010392;19:04:30.165330;64154938
15;5;PAGO;-421849344;19:03:26.010475;19:04:54.312386;88301911
15;5;PAGO;-430242048;19:03:26.010533;19:05:18.391057;112380524
15;5;PAGO;239544064;19:03:26.006474;19:03:43.431307;17424833
15;5;PAGO;231151360;19:03:26.006567;19:04:07.580385;41573818
15;5;PAGO;222758656;19:03:26.006572;19:04:31.776692;65770120
15;5;PAGO;214365952;19:03:26.006628;19:04:55.917123;89910495
15;5;PAGO;205973248;19:03:26.006696;19:05:19.993700;113987004
15;5;PAGO;-384338176;19:03:26.006599;19:03:45.083325;19076726
15;5;PAGO;-392730880;19:03:26.006611;19:04:09.189825;43183214
15;5;PAGO;-401123584;19:03:26.006722;19:04:33.395189;67388467
15;5;PAGO;-409516288;19:03:26.006745;19:04:57.523449;91516704
15;5;PAGO;-417908992;19:03:26.006878;19:05:21.604015;115597137
15;5;PAGO;897873664;19:03:26.006956;19:03:46.697382;20690426
15;5;PAGO;889480960;19:03:26.007063;19:04:10.810804;44803741
15;5;PAGO;881088256;19:03:26.007125;19:04:35.031610;69024485
15;5;PAGO;872695552;19:03:26.007169;19:04:59.150501;93143332
15;5;PAGO;864302848;19:03:26.007236;19:05:23.208544;117201308
15;5;PAGO;-203970816;19:03:26.006728;19:03:48.299446;22292718
15;5;PAGO;-212363520;19:03:26.006896;19:04:12.413729;46406833
15;5;PAGO;-220756224;19:03:26.006920;19:04:36.638309;70631389
15;5;PAGO;-229148928;19:03:26.007082;19:05:00.750934;94743852
15;5;PAGO;-237541632;19:03:26.007097;19:05:24.812623;118805526
15;5;PAGO;-653752576;19:03:26.018057;19:03:49.905438;23887381
15;5;PAGO;-662145280;19:03:26.018109;19:04:14.019525;48001416
15;5;PAGO;-670537984;19:03:26.018171;19:04:38.245291;72227120
15;5;PAGO;-678930688;19:03:26.018233;19:05:02.359468;96341235
15;5;PAGO;-687323392;19:03:26.018283;19:05:26.413591;120395308
15;5;PAGO;-1897158912;19:03:26.007008;19:03:51.513623;25506615
15;5;PAGO;-1905551616;19:03:26.007085;19:04:15.629546;49622461
15;5;PAGO;-1913944320;19:03:26.007142;19:04:39.847158;73840016
15;5;PAGO;-1922337024;19:03:26.007207;19:05:03.961070;97953863
15;5;PAGO;-1930729728;19:03:26.007267;19:05:28.016064;122008797


20;5;PAGO;1717491456;19:05:54.291852;19:05:58.226291;3934439
20;5;PAGO;1709098752;19:05:54.291900;19:06:30.434367;36142467
20;5;PAGO;1700706048;19:05:54.292002;19:07:02.596563;68304561
20;5;PAGO;1692313344;19:05:54.292068;19:07:34.736153;100444085
20;5;PAGO;1683920640;19:05:54.292131;19:08:06.901652;132609521
20;5;PAGO;443225856;19:05:54.302595;19:05:59.845730;5543135
20;5;PAGO;434833152;19:05:54.302674;19:06:32.053012;37750338
20;5;PAGO;426440448;19:05:54.302729;19:07:04.204277;69901548
20;5;PAGO;418047744;19:05:54.302785;19:07:36.344470;102041685
20;5;PAGO;409655040;19:05:54.302848;19:08:08.503113;134200265
20;5;PAGO;1686918912;19:05:54.294895;19:06:01.448108;7153213
20;5;PAGO;1678526208;19:05:54.294966;19:06:33.656295;39361329
20;5;PAGO;1670133504;19:05:54.295059;19:07:05.815230;71520171
20;5;PAGO;1661740800;19:05:54.295130;19:07:37.945324;103650194
20;5;PAGO;1653348096;19:05:54.295176;19:08:10.106425;135811249
20;5;PAGO;-2024102144;19:05:54.292282;19:06:03.049892;8757610
20;5;PAGO;-2032494848;19:05:54.292381;19:06:35.271761;40979380
20;5;PAGO;-2040887552;19:05:54.292443;19:07:07.436667;73144224
20;5;PAGO;-2049280256;19:05:54.292511;19:07:39.546094;105253583
20;5;PAGO;-2057672960;19:05:54.292574;19:08:11.724120;137431546
20;5;PAGO;1484228352;19:05:54.302993;19:06:04.651538;10348545
20;5;PAGO;1475835648;19:05:54.303012;19:06:36.874702;42571690
20;5;PAGO;1467442944;19:05:54.303120;19:07:09.038683;74735563
20;5;PAGO;1459050240;19:05:54.303182;19:07:41.151569;106848387
20;5;PAGO;1450657536;19:05:54.303264;19:08:13.328327;139025063
20;5;PAGO;1530111744;19:05:54.294753;19:06:06.253522;11958769
20;5;PAGO;1521719040;19:05:54.294859;19:06:38.478691;44183832
20;5;PAGO;1513326336;19:05:54.294932;19:07:10.643009;76348077
20;5;PAGO;1504933632;19:05:54.295035;19:07:42.753654;108458619
20;5;PAGO;1496540928;19:05:54.295105;19:08:14.929870;140634765
20;5;PAGO;488392448;19:05:54.302565;19:06:07.861156;13558591
20;5;PAGO;479999744;19:05:54.302598;19:06:40.081699;45779101
20;5;PAGO;471607040;19:05:54.302713;19:07:12.268701;77965988
20;5;PAGO;463214336;19:05:54.302718;19:07:44.364761;110062043
20;5;PAGO;454821632;19:05:54.302769;19:08:16.535271;142232502
20;5;PAGO;-409610496;19:05:54.292153;19:06:09.475139;15182986
20;5;PAGO;-418003200;19:05:54.292209;19:06:41.690486;47398277
20;5;PAGO;-426395904;19:05:54.292323;19:07:13.874188;79581865
20;5;PAGO;-434788608;19:05:54.292390;19:07:46.002272;111709882
20;5;PAGO;-443181312;19:05:54.292454;19:08:18.137991;143845537
20;5;PAGO;-1182259456;19:05:54.291877;19:06:11.076041;16784164
20;5;PAGO;-1190652160;19:05:54.291970;19:06:43.304162;49012192
20;5;PAGO;-1199044864;19:05:54.291982;19:07:15.479414;81187432
20;5;PAGO;-1207437568;19:05:54.292038;19:07:47.609178;113317140
20;5;PAGO;-1215830272;19:05:54.292104;19:08:19.752234;145460130
20;5;PAGO;-710310144;19:05:54.305965;19:06:12.692377;18386412
20;5;PAGO;-718702848;19:05:54.306004;19:06:44.925179;50619175
20;5;PAGO;-727095552;19:05:54.306048;19:07:17.084043;82777995
20;5;PAGO;-735488256;19:05:54.306089;19:07:49.212226;114906137
20;5;PAGO;-743880960;19:05:54.306127;19:08:21.353218;147047091
20;5;PAGO;1015305984;19:05:54.294928;19:06:14.292987;19998059
20;5;PAGO;1006913280;19:05:54.295011;19:06:46.526578;52231567
20;5;PAGO;998520576;19:05:54.295065;19:07:18.686307;84391242
20;5;PAGO;990127872;19:05:54.295118;19:07:50.817827;116522709
20;5;PAGO;981735168;19:05:54.295173;19:08:22.965293;148670120
20;5;PAGO;653108992;19:05:54.302983;19:06:15.894691;21591708
20;5;PAGO;644716288;19:05:54.303067;19:06:48.133586;53830519
20;5;PAGO;636323584;19:05:54.303104;19:07:20.288132;85985028
20;5;PAGO;627930880;19:05:54.303210;19:07:52.418809;118115599
20;5;PAGO;619538176;19:05:54.303224;19:08:24.567608;150264384
20;5;PAGO;-587225344;19:05:54.292289;19:06:17.497860;23205571
20;5;PAGO;-595618048;19:05:54.292358;19:06:49.741234;55448876
20;5;PAGO;-604010752;19:05:54.292427;19:07:21.913526;87621099
20;5;PAGO;-612403456;19:05:54.292479;19:07:54.041446;119748967
20;5;PAGO;-620796160;19:05:54.292539;19:08:26.173421;151880882
20;5;PAGO;-377936128;19:05:54.292414;19:06:19.133464;24841050
20;5;PAGO;-386328832;19:05:54.292477;19:06:51.349658;57057181
20;5;PAGO;-394721536;19:05:54.292540;19:07:23.517233;89224693
20;5;PAGO;-403114240;19:05:54.292612;19:07:55.654396;121361784
20;5;PAGO;-411506944;19:05:54.292681;19:08:27.776104;153483423
20;5;PAGO;-1409603840;19:05:54.294758;19:06:20.737306;26442548
20;5;PAGO;-1417996544;19:05:54.294813;19:06:52.952681;58657868
20;5;PAGO;-1426389248;19:05:54.294905;19:07:25.118725;90823820
20;5;PAGO;-1434781952;19:05:54.294978;19:07:57.271705;122976727
20;5;PAGO;-1443174656;19:05:54.295066;19:08:29.378463;155083397
20;5;PAGO;-177846528;19:05:54.302596;19:06:22.345464;28042868
20;5;PAGO;-186239232;19:05:54.303812;19:06:54.570917;60267105
20;5;PAGO;-194631936;19:05:54.303858;19:07:26.721319;92417461
20;5;PAGO;-203024640;19:05:54.303898;19:07:58.874690;124570792
20;5;PAGO;-211417344;19:05:54.303939;19:08:30.980751;156676812
20;5;PAGO;-660117760;19:05:54.302597;19:06:23.946645;29644048
20;5;PAGO;-668510464;19:05:54.302653;19:06:56.177448;61874795
20;5;PAGO;-676903168;19:05:54.302691;19:07:28.321947;94019256
20;5;PAGO;-685295872;19:05:54.302740;19:08:00.476443;126173703
20;5;PAGO;-693688576;19:05:54.302785;19:08:32.581399;158278614
20;5;PAGO;1396655872;19:05:54.294738;19:06:25.552407;31257669
20;5;PAGO;1388263168;19:05:54.294808;19:06:57.781494;63486686
20;5;PAGO;1379870464;19:05:54.294915;19:07:29.923393;95628478
20;5;PAGO;1371477760;19:05:54.294973;19:08:02.077709;127782736
20;5;PAGO;1363085056;19:05:54.295077;19:08:34.184440;159889363
20;5;PAGO;-732166400;19:05:54.302983;19:06:27.154688;32851705
20;5;PAGO;-740559104;19:05:54.303101;19:06:59.389086;65085985
20;5;PAGO;-748951808;19:05:54.303121;19:07:31.525204;97222083
20;5;PAGO;-757344512;19:05:54.303182;19:08:03.680598;129377416
20;5;PAGO;-765737216;19:05:54.303248;19:08:35.785622;161482374
20;5;PAGO;-1603840256;19:05:54.292408;19:06:28.761114;34468706
20;5;PAGO;-1612232960;19:05:54.292487;19:07:00.990360;66697873
20;5;PAGO;-1620625664;19:05:54.292556;19:07:33.129425;98836869
20;5;PAGO;-1629018368;19:05:54.292626;19:08:05.291447;130998821
20;5;PAGO;-1637411072;19:05:54.292678;19:08:37.387153;163094475
